#
# There is insufficient memory for the Java Runtime Environment to continue.
# Native memory allocation (mmap) failed to map 272629760 bytes for G1 virtual space
# Possible reasons:
#   The system is out of physical RAM or swap space
#   The process is running with CompressedOops enabled, and the Java Heap may be blocking the growth of the native heap
# Possible solutions:
#   Reduce memory load on the system
#   Increase physical memory or swap space
#   Check if swap backing store is full
#   Decrease Java heap size (-Xmx/-Xms)
#   Decrease number of Java threads
#   Decrease Java thread stack sizes (-Xss)
#   Set larger code cache with -XX:ReservedCodeCacheSize=
#   JVM is running with Zero Based Compressed Oops mode in which the Java heap is
#     placed in the first 32GB address space. The Java Heap base address is the
#     maximum limit for the native heap growth. Please use -XX:HeapBaseMinAddress
#     to set the Java Heap base and to place the Java Heap above 32GB virtual address.
# This output file may be truncated or incomplete.
#
#  Out of Memory Error (os_windows.cpp:3532), pid=3444, tid=13736
#
# JRE version: OpenJDK Runtime Environment (17.0.2+8) (build 17.0.2+8-86)
# Java VM: OpenJDK 64-Bit Server VM (17.0.2+8-86, mixed mode, emulated-client, sharing, tiered, compressed oops, compressed class ptrs, g1 gc, windows-amd64)
# No core dump will be written. Minidumps are not enabled by default on client versions of Windows
#

---------------  S U M M A R Y ------------

Command Line: -XX:TieredStopAtLevel=1 -Xverify:none -Dspring.output.ansi.enabled=always -Dcom.sun.management.jmxremote -Dspring.jmx.enabled=true -Dspring.liveBeansView.mbeanDomain -Dspring.application.admin.enabled=true -javaagent:C:\Users\dell\AppData\Local\JetBrains\IntelliJ IDEA 2021.3.1\lib\idea_rt.jar=54463:C:\Users\dell\AppData\Local\JetBrains\IntelliJ IDEA 2021.3.1\bin -Dfile.encoding=UTF-8 com.example.parfums22.Parfums22Application

Host: 11th Gen Intel(R) Core(TM) i5-1135G7 @ 2.40GHz, 8 cores, 15G,  Windows 11 , 64 bit Build 22621 (10.0.22621.5415)
Time: Sun Feb 22 14:34:04 2026 Paris, Madrid elapsed time: 10.904368 seconds (0d 0h 0m 10s)

---------------  T H R E A D  ---------------

Current thread (0x0000027b4009eb50):  VMThread "VM Thread" [stack: 0x000000e14df00000,0x000000e14e000000] [id=13736]

Stack: [0x000000e14df00000,0x000000e14e000000]
Native frames: (J=compiled Java code, j=interpreted, Vv=VM code, C=native code)
V  [jvm.dll+0x670baa]
V  [jvm.dll+0x7cfcb4]
V  [jvm.dll+0x7d145e]
V  [jvm.dll+0x7d1ac3]
V  [jvm.dll+0x242bc5]
V  [jvm.dll+0x66dac9]
V  [jvm.dll+0x662412]
V  [jvm.dll+0x300c0b]
V  [jvm.dll+0x3081a6]
V  [jvm.dll+0x357d0e]
V  [jvm.dll+0x357f3f]
V  [jvm.dll+0x2d7ec8]
V  [jvm.dll+0x2d6194]
V  [jvm.dll+0x2d579c]
V  [jvm.dll+0x3190eb]
V  [jvm.dll+0x7d5f9b]
V  [jvm.dll+0x7d6cd4]
V  [jvm.dll+0x7d71ec]
V  [jvm.dll+0x7d75c4]
V  [jvm.dll+0x7d7690]
V  [jvm.dll+0x77ff7a]
V  [jvm.dll+0x66fa35]
C  [ucrtbase.dll+0x29333]
C  [KERNEL32.DLL+0x1259d]
C  [ntdll.dll+0x5af78]

VM_Operation (0x000000e15135b570): G1CollectForAllocation, mode: safepoint, requested by thread 0x0000027b44e290c0


---------------  P R O C E S S  ---------------

Threads class SMR info:
_java_thread_list=0x0000027b47847600, length=44, elements={
0x0000027b400a1a10, 0x0000027b400a25c0, 0x0000027b40c018b0, 0x0000027b40c02170,
0x0000027b40c05a50, 0x0000027b40c0a420, 0x0000027b40c0bda0, 0x0000027b40c0fba0,
0x0000027b4008ff50, 0x0000027b40d17990, 0x0000027b411e3110, 0x0000027b411e35e0,
0x0000027b4134de00, 0x0000027b41dbb4f0, 0x0000027b41dacff0, 0x0000027b41dad4c0,
0x0000027b41e32ef0, 0x0000027b41e32a20, 0x0000027b41e303a0, 0x0000027b41e32080,
0x0000027b41e30870, 0x0000027b41e31bb0, 0x0000027b41e32550, 0x0000027b41e31210,
0x0000027b41e2fa00, 0x0000027b44e25230, 0x0000027b44e25700, 0x0000027b44e22bb0,
0x0000027b44e24890, 0x0000027b44e27d80, 0x0000027b44e23550, 0x0000027b44e24d60,
0x0000027b44e278b0, 0x0000027b44e23080, 0x0000027b44e26570, 0x0000027b44e290c0,
0x0000027b44e29590, 0x0000027b44e25bd0, 0x0000027b44e22210, 0x0000027b44e26f10,
0x0000027b44e21d40, 0x0000027b44e28250, 0x0000027b40cef5f0, 0x0000027b413d2010
}

Java Threads: ( => current thread )
  0x0000027b400a1a10 JavaThread "Reference Handler" daemon [_thread_blocked, id=13472, stack(0x000000e14e000000,0x000000e14e100000)]
  0x0000027b400a25c0 JavaThread "Finalizer" daemon [_thread_blocked, id=8500, stack(0x000000e14e100000,0x000000e14e200000)]
  0x0000027b40c018b0 JavaThread "Signal Dispatcher" daemon [_thread_blocked, id=19212, stack(0x000000e14e200000,0x000000e14e300000)]
  0x0000027b40c02170 JavaThread "Attach Listener" daemon [_thread_blocked, id=12300, stack(0x000000e14e300000,0x000000e14e400000)]
  0x0000027b40c05a50 JavaThread "Service Thread" daemon [_thread_blocked, id=14704, stack(0x000000e14e400000,0x000000e14e500000)]
  0x0000027b40c0a420 JavaThread "Monitor Deflation Thread" daemon [_thread_blocked, id=9516, stack(0x000000e14e500000,0x000000e14e600000)]
  0x0000027b40c0bda0 JavaThread "C1 CompilerThread0" daemon [_thread_blocked, id=12656, stack(0x000000e14e600000,0x000000e14e700000)]
  0x0000027b40c0fba0 JavaThread "Sweeper thread" daemon [_thread_blocked, id=18772, stack(0x000000e14e700000,0x000000e14e800000)]
  0x0000027b4008ff50 JavaThread "Common-Cleaner" daemon [_thread_blocked, id=10004, stack(0x000000e14e800000,0x000000e14e900000)]
  0x0000027b40d17990 JavaThread "C1 CompilerThread1" daemon [_thread_blocked, id=2896, stack(0x000000e14e900000,0x000000e14ea00000)]
  0x0000027b411e3110 JavaThread "Monitor Ctrl-Break" daemon [_thread_in_native, id=13476, stack(0x000000e14ec00000,0x000000e14ed00000)]
  0x0000027b411e35e0 JavaThread "Notification Thread" daemon [_thread_blocked, id=15268, stack(0x000000e14ed00000,0x000000e14ee00000)]
  0x0000027b4134de00 JavaThread "RMI TCP Accept-0" daemon [_thread_in_native, id=1788, stack(0x000000e14ee00000,0x000000e14ef00000)]
  0x0000027b41dbb4f0 JavaThread "ForkJoinPool.commonPool-worker-1" daemon [_thread_blocked, id=12832, stack(0x000000e14fb00000,0x000000e14fc00000)]
  0x0000027b41dacff0 JavaThread "ForkJoinPool.commonPool-worker-2" daemon [_thread_blocked, id=9368, stack(0x000000e14fc00000,0x000000e14fd00000)]
  0x0000027b41dad4c0 JavaThread "ForkJoinPool.commonPool-worker-3" daemon [_thread_blocked, id=11308, stack(0x000000e14fd00000,0x000000e14fe00000)]
  0x0000027b41e32ef0 JavaThread "ForkJoinPool.commonPool-worker-4" daemon [_thread_blocked, id=12136, stack(0x000000e14fe00000,0x000000e14ff00000)]
  0x0000027b41e32a20 JavaThread "ForkJoinPool.commonPool-worker-5" daemon [_thread_blocked, id=18924, stack(0x000000e14ff00000,0x000000e150000000)]
  0x0000027b41e303a0 JavaThread "RMI TCP Connection(1)-172.20.10.2" daemon [_thread_in_native, id=12640, stack(0x000000e14fa00000,0x000000e14fb00000)]
  0x0000027b41e32080 JavaThread "RMI Scheduler(0)" daemon [_thread_blocked, id=8372, stack(0x000000e150000000,0x000000e150100000)]
  0x0000027b41e30870 JavaThread "Catalina-utility-1" [_thread_blocked, id=8980, stack(0x000000e150200000,0x000000e150300000)]
  0x0000027b41e31bb0 JavaThread "Catalina-utility-2" [_thread_blocked, id=11652, stack(0x000000e150300000,0x000000e150400000)]
  0x0000027b41e32550 JavaThread "container-0" [_thread_blocked, id=18300, stack(0x000000e150400000,0x000000e150500000)]
  0x0000027b41e31210 JavaThread "mysql-cj-abandoned-connection-cleanup" daemon [_thread_blocked, id=2796, stack(0x000000e150500000,0x000000e150600000)]
  0x0000027b41e2fa00 JavaThread "HikariPool-1:housekeeper" daemon [_thread_blocked, id=2116, stack(0x000000e150700000,0x000000e150800000)]
  0x0000027b44e25230 JavaThread "PIC-Cleaner" daemon [_thread_blocked, id=16644, stack(0x000000e150900000,0x000000e150a00000)]
  0x0000027b44e25700 JavaThread "File Watcher" daemon [_thread_blocked, id=6312, stack(0x000000e150a00000,0x000000e150b00000)]
  0x0000027b44e22bb0 JavaThread "http-nio-8081-exec-1" daemon [_thread_blocked, id=9916, stack(0x000000e150b00000,0x000000e150c00000)]
  0x0000027b44e24890 JavaThread "http-nio-8081-exec-2" daemon [_thread_blocked, id=13652, stack(0x000000e150c00000,0x000000e150d00000)]
  0x0000027b44e27d80 JavaThread "http-nio-8081-exec-3" daemon [_thread_blocked, id=6372, stack(0x000000e150d00000,0x000000e150e00000)]
  0x0000027b44e23550 JavaThread "http-nio-8081-exec-4" daemon [_thread_blocked, id=10812, stack(0x000000e150e00000,0x000000e150f00000)]
  0x0000027b44e24d60 JavaThread "http-nio-8081-exec-5" daemon [_thread_blocked, id=12652, stack(0x000000e150f00000,0x000000e151000000)]
  0x0000027b44e278b0 JavaThread "http-nio-8081-exec-6" daemon [_thread_blocked, id=6784, stack(0x000000e151000000,0x000000e151100000)]
  0x0000027b44e23080 JavaThread "http-nio-8081-exec-7" daemon [_thread_blocked, id=15540, stack(0x000000e151100000,0x000000e151200000)]
  0x0000027b44e26570 JavaThread "http-nio-8081-exec-8" daemon [_thread_blocked, id=15756, stack(0x000000e151200000,0x000000e151300000)]
  0x0000027b44e290c0 JavaThread "http-nio-8081-exec-9" daemon [_thread_blocked, id=11808, stack(0x000000e151300000,0x000000e151400000)]
  0x0000027b44e29590 JavaThread "http-nio-8081-exec-10" daemon [_thread_blocked, id=3460, stack(0x000000e151400000,0x000000e151500000)]
  0x0000027b44e25bd0 JavaThread "http-nio-8081-Poller" daemon [_thread_in_native, id=13620, stack(0x000000e151500000,0x000000e151600000)]
  0x0000027b44e22210 JavaThread "http-nio-8081-Acceptor" daemon [_thread_in_native, id=19272, stack(0x000000e151600000,0x000000e151700000)]
  0x0000027b44e26f10 JavaThread "DestroyJavaVM" [_thread_blocked, id=5728, stack(0x000000e14d900000,0x000000e14da00000)]
  0x0000027b44e21d40 JavaThread "RMI TCP Connection(2)-172.20.10.2" daemon [_thread_in_native, id=7120, stack(0x000000e14f800000,0x000000e14f900000)]
  0x0000027b44e28250 JavaThread "RMI TCP Connection(3)-172.20.10.2" daemon [_thread_in_native, id=11492, stack(0x000000e151700000,0x000000e151800000)]
  0x0000027b40cef5f0 JavaThread "C1 CompilerThread2" daemon [_thread_blocked, id=11876, stack(0x000000e14ea00000,0x000000e14eb00000)]
  0x0000027b413d2010 JavaThread "C1 CompilerThread3" daemon [_thread_blocked, id=17420, stack(0x000000e14eb00000,0x000000e14ec00000)]

Other Threads:
=>0x0000027b4009eb50 VMThread "VM Thread" [stack: 0x000000e14df00000,0x000000e14e000000] [id=13736]
  0x0000027b27707a60 WatcherThread [stack: 0x000000e14ef00000,0x000000e14f000000] [id=7024]
  0x0000027b27757450 GCTaskThread "GC Thread#0" [stack: 0x000000e14da00000,0x000000e14db00000] [id=17144]
  0x0000027b4168e040 GCTaskThread "GC Thread#1" [stack: 0x000000e14f000000,0x000000e14f100000] [id=19112]
  0x0000027b41720c40 GCTaskThread "GC Thread#2" [stack: 0x000000e14f100000,0x000000e14f200000] [id=12192]
  0x0000027b41720ef0 GCTaskThread "GC Thread#3" [stack: 0x000000e14f200000,0x000000e14f300000] [id=10056]
  0x0000027b417211a0 GCTaskThread "GC Thread#4" [stack: 0x000000e14f300000,0x000000e14f400000] [id=4492]
  0x0000027b41721860 GCTaskThread "GC Thread#5" [stack: 0x000000e14f400000,0x000000e14f500000] [id=6096]
  0x0000027b4177bbd0 GCTaskThread "GC Thread#6" [stack: 0x000000e14f500000,0x000000e14f600000] [id=3316]
  0x0000027b4177be80 GCTaskThread "GC Thread#7" [stack: 0x000000e14f600000,0x000000e14f700000] [id=8844]
  0x0000027b27767f50 ConcurrentGCThread "G1 Main Marker" [stack: 0x000000e14db00000,0x000000e14dc00000] [id=8668]
  0x0000027b27768960 ConcurrentGCThread "G1 Conc#0" [stack: 0x000000e14dc00000,0x000000e14dd00000] [id=7912]
  0x0000027b421dc6f0 ConcurrentGCThread "G1 Conc#1" [stack: 0x000000e150100000,0x000000e150200000] [id=19432]
  0x0000027b277bea50 ConcurrentGCThread "G1 Refine#0" [stack: 0x000000e14dd00000,0x000000e14de00000] [id=7188]
  0x0000027b4169b0b0 ConcurrentGCThread "G1 Refine#1" [stack: 0x000000e14f700000,0x000000e14f800000] [id=19052]
  0x0000027b3ff556f0 ConcurrentGCThread "G1 Service" [stack: 0x000000e14de00000,0x000000e14df00000] [id=1956]

Threads with active compile tasks:

VM state: at safepoint (normal execution)

VM Mutex/Monitor currently owned by a thread:  ([mutex/lock_event])
[0x0000027b27701b30] Threads_lock - owner thread: 0x0000027b4009eb50
[0x0000027b27701e00] Heap_lock - owner thread: 0x0000027b44e290c0

Heap address: 0x0000000704400000, size: 4028 MB, Compressed Oops mode: Zero based, Oop shift amount: 3

CDS archive(s) mapped at: [0x0000000800000000-0x0000000800bc0000-0x0000000800bc0000), size 12320768, SharedBaseAddress: 0x0000000800000000, ArchiveRelocationMode: 0.
Compressed class space mapped at: 0x0000000800c00000-0x0000000840c00000, reserved size: 1073741824
Narrow klass base: 0x0000000800000000, Narrow klass shift: 0, Narrow klass range: 0x100000000

GC Precious Log:
 CPUs: 8 total, 8 available
 Memory: 16110M
 Large Page Support: Disabled
 NUMA Support: Disabled
 Compressed Oops: Enabled (Zero based)
 Heap Region Size: 2M
 Heap Min Capacity: 8M
 Heap Initial Capacity: 252M
 Heap Max Capacity: 4028M
 Pre-touch: Disabled
 Parallel Workers: 8
 Concurrent Workers: 2
 Concurrent Refinement Workers: 8
 Periodic GC: Disabled

Heap:
 garbage-first heap   total 471040K, used 59630K [0x0000000704400000, 0x0000000800000000)
  region size 2048K, 8 young (16384K), 8 survivors (16384K)
 Metaspace       used 71470K, committed 72192K, reserved 1114112K
  class space    used 10043K, committed 10368K, reserved 1048576K

Heap Regions: E=young(eden), S=young(survivor), O=old, HS=humongous(starts), HC=humongous(continues), CS=collection set, F=free, OA=open archive, CA=closed archive, TAMS=top-at-mark-start (previous, next)
|   0|0x0000000704400000, 0x0000000704600000, 0x0000000704600000|100%| O|  |TAMS 0x0000000704600000, 0x0000000704400000| Untracked 
|   1|0x0000000704600000, 0x0000000704800000, 0x0000000704800000|100%| O|  |TAMS 0x0000000704800000, 0x0000000704600000| Untracked 
|   2|0x0000000704800000, 0x0000000704a00000, 0x0000000704a00000|100%| O|  |TAMS 0x0000000704a00000, 0x0000000704800000| Untracked 
|   3|0x0000000704a00000, 0x0000000704c00000, 0x0000000704c00000|100%| O|  |TAMS 0x0000000704c00000, 0x0000000704a00000| Untracked 
|   4|0x0000000704c00000, 0x0000000704d4b200, 0x0000000704e00000| 64%| O|  |TAMS 0x0000000704d4b200, 0x0000000704c00000| Untracked 
|   5|0x0000000704e00000, 0x0000000705000000, 0x0000000705000000|100%| O|  |TAMS 0x0000000705000000, 0x0000000704e00000| Untracked 
|   6|0x0000000705000000, 0x0000000705200000, 0x0000000705200000|100%| O|  |TAMS 0x0000000705200000, 0x0000000705000000| Untracked 
|   7|0x0000000705200000, 0x0000000705400000, 0x0000000705400000|100%| O|  |TAMS 0x0000000705400000, 0x0000000705200000| Untracked 
|   8|0x0000000705400000, 0x0000000705600000, 0x0000000705600000|100%| O|  |TAMS 0x0000000705600000, 0x0000000705400000| Untracked 
|   9|0x0000000705600000, 0x0000000705800000, 0x0000000705800000|100%| O|  |TAMS 0x0000000705800000, 0x0000000705600000| Untracked 
|  10|0x0000000705800000, 0x0000000705a00000, 0x0000000705a00000|100%| O|  |TAMS 0x0000000705a00000, 0x0000000705800000| Untracked 
|  11|0x0000000705a00000, 0x0000000705c00000, 0x0000000705c00000|100%| O|  |TAMS 0x0000000705c00000, 0x0000000705a00000| Untracked 
|  12|0x0000000705c00000, 0x0000000705e00000, 0x0000000705e00000|100%| O|  |TAMS 0x0000000705e00000, 0x0000000705c00000| Untracked 
|  13|0x0000000705e00000, 0x0000000706000000, 0x0000000706000000|100%| O|  |TAMS 0x0000000705eef000, 0x0000000705e00000| Untracked 
|  14|0x0000000706000000, 0x0000000706200000, 0x0000000706200000|100%| O|  |TAMS 0x0000000706000000, 0x0000000706000000| Untracked 
|  15|0x0000000706200000, 0x0000000706400000, 0x0000000706400000|100%| O|  |TAMS 0x0000000706200000, 0x0000000706200000| Untracked 
|  16|0x0000000706400000, 0x0000000706600000, 0x0000000706600000|100%| O|  |TAMS 0x0000000706400000, 0x0000000706400000| Untracked 
|  17|0x0000000706600000, 0x0000000706800000, 0x0000000706800000|100%| O|  |TAMS 0x0000000706600000, 0x0000000706600000| Untracked 
|  18|0x0000000706800000, 0x0000000706a00000, 0x0000000706a00000|100%| O|  |TAMS 0x0000000706800000, 0x0000000706800000| Untracked 
|  19|0x0000000706a00000, 0x0000000706c00000, 0x0000000706c00000|100%| O|  |TAMS 0x0000000706a00000, 0x0000000706a00000| Untracked 
|  20|0x0000000706c00000, 0x0000000706e00000, 0x0000000706e00000|100%| O|  |TAMS 0x0000000706c00000, 0x0000000706c00000| Untracked 
|  21|0x0000000706e00000, 0x0000000707000000, 0x0000000707000000|100%| O|  |TAMS 0x0000000706e00000, 0x0000000706e00000| Untracked 
|  22|0x0000000707000000, 0x00000007070a5600, 0x0000000707200000| 32%| O|  |TAMS 0x0000000707000000, 0x0000000707000000| Untracked 
|  23|0x0000000707200000, 0x0000000707200000, 0x0000000707400000|  0%| F|  |TAMS 0x0000000707200000, 0x0000000707200000| Untracked 
|  24|0x0000000707400000, 0x0000000707400000, 0x0000000707600000|  0%| F|  |TAMS 0x0000000707400000, 0x0000000707400000| Untracked 
|  25|0x0000000707600000, 0x0000000707600000, 0x0000000707800000|  0%| F|  |TAMS 0x0000000707600000, 0x0000000707600000| Untracked 
|  26|0x0000000707800000, 0x0000000707800000, 0x0000000707a00000|  0%| F|  |TAMS 0x0000000707800000, 0x0000000707800000| Untracked 
|  27|0x0000000707a00000, 0x0000000707a00000, 0x0000000707c00000|  0%| F|  |TAMS 0x0000000707a00000, 0x0000000707a00000| Untracked 
|  28|0x0000000707c00000, 0x0000000707c00000, 0x0000000707e00000|  0%| F|  |TAMS 0x0000000707c00000, 0x0000000707c00000| Untracked 
|  29|0x0000000707e00000, 0x0000000707e00000, 0x0000000708000000|  0%| F|  |TAMS 0x0000000707e00000, 0x0000000707e00000| Untracked 
|  30|0x0000000708000000, 0x0000000708000000, 0x0000000708200000|  0%| F|  |TAMS 0x0000000708000000, 0x0000000708000000| Untracked 
|  31|0x0000000708200000, 0x0000000708200000, 0x0000000708400000|  0%| F|  |TAMS 0x0000000708200000, 0x0000000708200000| Untracked 
|  32|0x0000000708400000, 0x0000000708400000, 0x0000000708600000|  0%| F|  |TAMS 0x0000000708400000, 0x0000000708400000| Untracked 
|  33|0x0000000708600000, 0x0000000708600000, 0x0000000708800000|  0%| F|  |TAMS 0x0000000708600000, 0x0000000708600000| Untracked 
|  34|0x0000000708800000, 0x0000000708800000, 0x0000000708a00000|  0%| F|  |TAMS 0x0000000708800000, 0x0000000708800000| Untracked 
|  35|0x0000000708a00000, 0x0000000708a00000, 0x0000000708c00000|  0%| F|  |TAMS 0x0000000708a00000, 0x0000000708a00000| Untracked 
|  36|0x0000000708c00000, 0x0000000708c00000, 0x0000000708e00000|  0%| F|  |TAMS 0x0000000708c00000, 0x0000000708c00000| Untracked 
|  37|0x0000000708e00000, 0x0000000708e00000, 0x0000000709000000|  0%| F|  |TAMS 0x0000000708e00000, 0x0000000708e00000| Untracked 
|  38|0x0000000709000000, 0x0000000709000000, 0x0000000709200000|  0%| F|  |TAMS 0x0000000709000000, 0x0000000709000000| Untracked 
|  39|0x0000000709200000, 0x0000000709200000, 0x0000000709400000|  0%| F|  |TAMS 0x0000000709200000, 0x0000000709200000| Untracked 
|  40|0x0000000709400000, 0x0000000709400000, 0x0000000709600000|  0%| F|  |TAMS 0x0000000709400000, 0x0000000709400000| Untracked 
|  41|0x0000000709600000, 0x0000000709600000, 0x0000000709800000|  0%| F|  |TAMS 0x0000000709600000, 0x0000000709600000| Untracked 
|  42|0x0000000709800000, 0x0000000709800000, 0x0000000709a00000|  0%| F|  |TAMS 0x0000000709800000, 0x0000000709800000| Untracked 
|  43|0x0000000709a00000, 0x0000000709a00000, 0x0000000709c00000|  0%| F|  |TAMS 0x0000000709a00000, 0x0000000709a00000| Untracked 
|  44|0x0000000709c00000, 0x0000000709c00000, 0x0000000709e00000|  0%| F|  |TAMS 0x0000000709c00000, 0x0000000709c00000| Untracked 
|  45|0x0000000709e00000, 0x0000000709e00000, 0x000000070a000000|  0%| F|  |TAMS 0x0000000709e00000, 0x0000000709e00000| Untracked 
|  46|0x000000070a000000, 0x000000070a000000, 0x000000070a200000|  0%| F|  |TAMS 0x000000070a000000, 0x000000070a000000| Untracked 
|  47|0x000000070a200000, 0x000000070a200000, 0x000000070a400000|  0%| F|  |TAMS 0x000000070a200000, 0x000000070a200000| Untracked 
|  48|0x000000070a400000, 0x000000070a400000, 0x000000070a600000|  0%| F|  |TAMS 0x000000070a400000, 0x000000070a400000| Untracked 
|  49|0x000000070a600000, 0x000000070a600000, 0x000000070a800000|  0%| F|  |TAMS 0x000000070a600000, 0x000000070a600000| Untracked 
|  50|0x000000070a800000, 0x000000070a800000, 0x000000070aa00000|  0%| F|  |TAMS 0x000000070a800000, 0x000000070a800000| Untracked 
|  51|0x000000070aa00000, 0x000000070aa00000, 0x000000070ac00000|  0%| F|  |TAMS 0x000000070aa00000, 0x000000070aa00000| Untracked 
|  52|0x000000070ac00000, 0x000000070ac00000, 0x000000070ae00000|  0%| F|  |TAMS 0x000000070ac00000, 0x000000070ac00000| Untracked 
|  53|0x000000070ae00000, 0x000000070ae00000, 0x000000070b000000|  0%| F|  |TAMS 0x000000070ae00000, 0x000000070ae00000| Untracked 
|  54|0x000000070b000000, 0x000000070b000000, 0x000000070b200000|  0%| F|  |TAMS 0x000000070b000000, 0x000000070b000000| Untracked 
|  55|0x000000070b200000, 0x000000070b200000, 0x000000070b400000|  0%| F|  |TAMS 0x000000070b200000, 0x000000070b200000| Untracked 
|  56|0x000000070b400000, 0x000000070b400000, 0x000000070b600000|  0%| F|  |TAMS 0x000000070b400000, 0x000000070b400000| Untracked 
|  57|0x000000070b600000, 0x000000070b600000, 0x000000070b800000|  0%| F|  |TAMS 0x000000070b600000, 0x000000070b600000| Untracked 
|  58|0x000000070b800000, 0x000000070b800000, 0x000000070ba00000|  0%| F|  |TAMS 0x000000070b800000, 0x000000070b800000| Untracked 
|  59|0x000000070ba00000, 0x000000070ba00000, 0x000000070bc00000|  0%| F|  |TAMS 0x000000070ba00000, 0x000000070ba00000| Untracked 
|  60|0x000000070bc00000, 0x000000070bc00000, 0x000000070be00000|  0%| F|  |TAMS 0x000000070bc00000, 0x000000070bc00000| Untracked 
|  61|0x000000070be00000, 0x000000070be00000, 0x000000070c000000|  0%| F|  |TAMS 0x000000070be00000, 0x000000070be00000| Untracked 
|  62|0x000000070c000000, 0x000000070c000000, 0x000000070c200000|  0%| F|  |TAMS 0x000000070c000000, 0x000000070c000000| Untracked 
|  63|0x000000070c200000, 0x000000070c200000, 0x000000070c400000|  0%| F|  |TAMS 0x000000070c200000, 0x000000070c200000| Untracked 
|  64|0x000000070c400000, 0x000000070c400000, 0x000000070c600000|  0%| F|  |TAMS 0x000000070c400000, 0x000000070c400000| Untracked 
|  65|0x000000070c600000, 0x000000070c600000, 0x000000070c800000|  0%| F|  |TAMS 0x000000070c600000, 0x000000070c600000| Untracked 
|  66|0x000000070c800000, 0x000000070c800000, 0x000000070ca00000|  0%| F|  |TAMS 0x000000070c800000, 0x000000070c800000| Untracked 
|  67|0x000000070ca00000, 0x000000070ca00000, 0x000000070cc00000|  0%| F|  |TAMS 0x000000070ca00000, 0x000000070ca00000| Untracked 
|  68|0x000000070cc00000, 0x000000070cc00000, 0x000000070ce00000|  0%| F|  |TAMS 0x000000070cc00000, 0x000000070cc00000| Untracked 
|  69|0x000000070ce00000, 0x000000070ce00000, 0x000000070d000000|  0%| F|  |TAMS 0x000000070ce00000, 0x000000070ce00000| Untracked 
|  70|0x000000070d000000, 0x000000070d000000, 0x000000070d200000|  0%| F|  |TAMS 0x000000070d000000, 0x000000070d000000| Untracked 
|  71|0x000000070d200000, 0x000000070d200000, 0x000000070d400000|  0%| F|  |TAMS 0x000000070d200000, 0x000000070d200000| Untracked 
|  72|0x000000070d400000, 0x000000070d400000, 0x000000070d600000|  0%| F|  |TAMS 0x000000070d400000, 0x000000070d400000| Untracked 
|  73|0x000000070d600000, 0x000000070d600000, 0x000000070d800000|  0%| F|  |TAMS 0x000000070d600000, 0x000000070d600000| Untracked 
|  74|0x000000070d800000, 0x000000070d800000, 0x000000070da00000|  0%| F|  |TAMS 0x000000070d800000, 0x000000070d800000| Untracked 
|  75|0x000000070da00000, 0x000000070da00000, 0x000000070dc00000|  0%| F|  |TAMS 0x000000070da00000, 0x000000070da00000| Untracked 
|  76|0x000000070dc00000, 0x000000070dc00000, 0x000000070de00000|  0%| F|  |TAMS 0x000000070dc00000, 0x000000070dc00000| Untracked 
|  77|0x000000070de00000, 0x000000070de00000, 0x000000070e000000|  0%| F|  |TAMS 0x000000070de00000, 0x000000070de00000| Untracked 
|  78|0x000000070e000000, 0x000000070e000000, 0x000000070e200000|  0%| F|  |TAMS 0x000000070e000000, 0x000000070e000000| Untracked 
|  79|0x000000070e200000, 0x000000070e200000, 0x000000070e400000|  0%| F|  |TAMS 0x000000070e200000, 0x000000070e200000| Untracked 
|  80|0x000000070e400000, 0x000000070e400000, 0x000000070e600000|  0%| F|  |TAMS 0x000000070e400000, 0x000000070e400000| Untracked 
|  81|0x000000070e600000, 0x000000070e600000, 0x000000070e800000|  0%| F|  |TAMS 0x000000070e600000, 0x000000070e600000| Untracked 
|  82|0x000000070e800000, 0x000000070e800000, 0x000000070ea00000|  0%| F|  |TAMS 0x000000070e800000, 0x000000070e800000| Untracked 
|  83|0x000000070ea00000, 0x000000070ea00000, 0x000000070ec00000|  0%| F|  |TAMS 0x000000070ea00000, 0x000000070ea00000| Untracked 
|  84|0x000000070ec00000, 0x000000070ec4b250, 0x000000070ee00000| 14%| S|CS|TAMS 0x000000070ec00000, 0x000000070ec00000| Complete 
|  85|0x000000070ee00000, 0x000000070ee00000, 0x000000070f000000|  0%| F|  |TAMS 0x000000070ee00000, 0x000000070ee00000| Untracked 
|  86|0x000000070f000000, 0x000000070f200000, 0x000000070f200000|100%| S|CS|TAMS 0x000000070f000000, 0x000000070f000000| Complete 
|  87|0x000000070f200000, 0x000000070f400000, 0x000000070f400000|100%| S|CS|TAMS 0x000000070f200000, 0x000000070f200000| Complete 
|  88|0x000000070f400000, 0x000000070f600000, 0x000000070f600000|100%| S|CS|TAMS 0x000000070f400000, 0x000000070f400000| Complete 
|  89|0x000000070f600000, 0x000000070f800000, 0x000000070f800000|100%| S|CS|TAMS 0x000000070f600000, 0x000000070f600000| Complete 
|  90|0x000000070f800000, 0x000000070fa00000, 0x000000070fa00000|100%| S|CS|TAMS 0x000000070f800000, 0x000000070f800000| Complete 
|  91|0x000000070fa00000, 0x000000070fa00000, 0x000000070fc00000|  0%| F|  |TAMS 0x000000070fa00000, 0x000000070fa00000| Untracked 
|  92|0x000000070fc00000, 0x000000070fc00000, 0x000000070fe00000|  0%| F|  |TAMS 0x000000070fc00000, 0x000000070fc00000| Untracked 
|  93|0x000000070fe00000, 0x000000070fe00000, 0x0000000710000000|  0%| F|  |TAMS 0x000000070fe00000, 0x000000070fe00000| Untracked 
|  94|0x0000000710000000, 0x0000000710000000, 0x0000000710200000|  0%| F|  |TAMS 0x0000000710000000, 0x0000000710000000| Untracked 
|  95|0x0000000710200000, 0x0000000710200000, 0x0000000710400000|  0%| F|  |TAMS 0x0000000710200000, 0x0000000710200000| Untracked 
|  96|0x0000000710400000, 0x0000000710400000, 0x0000000710600000|  0%| F|  |TAMS 0x0000000710400000, 0x0000000710400000| Untracked 
|  97|0x0000000710600000, 0x0000000710800000, 0x0000000710800000|100%| S|CS|TAMS 0x0000000710600000, 0x0000000710600000| Complete 
|  98|0x0000000710800000, 0x0000000710a00000, 0x0000000710a00000|100%| S|CS|TAMS 0x0000000710800000, 0x0000000710800000| Complete 
|  99|0x0000000710a00000, 0x0000000710a00000, 0x0000000710c00000|  0%| F|  |TAMS 0x0000000710a00000, 0x0000000710a00000| Untracked 
| 100|0x0000000710c00000, 0x0000000710c00000, 0x0000000710e00000|  0%| F|  |TAMS 0x0000000710c00000, 0x0000000710c00000| Untracked 
| 101|0x0000000710e00000, 0x0000000710e00000, 0x0000000711000000|  0%| F|  |TAMS 0x0000000710e00000, 0x0000000710e00000| Untracked 
| 102|0x0000000711000000, 0x0000000711000000, 0x0000000711200000|  0%| F|  |TAMS 0x0000000711000000, 0x0000000711000000| Untracked 
| 103|0x0000000711200000, 0x0000000711200000, 0x0000000711400000|  0%| F|  |TAMS 0x0000000711200000, 0x0000000711200000| Untracked 
| 104|0x0000000711400000, 0x0000000711400000, 0x0000000711600000|  0%| F|  |TAMS 0x0000000711400000, 0x0000000711400000| Untracked 
| 105|0x0000000711600000, 0x0000000711600000, 0x0000000711800000|  0%| F|  |TAMS 0x0000000711600000, 0x0000000711600000| Untracked 
| 106|0x0000000711800000, 0x0000000711800000, 0x0000000711a00000|  0%| F|  |TAMS 0x0000000711800000, 0x0000000711800000| Untracked 
| 107|0x0000000711a00000, 0x0000000711a00000, 0x0000000711c00000|  0%| F|  |TAMS 0x0000000711a00000, 0x0000000711a00000| Untracked 
| 108|0x0000000711c00000, 0x0000000711c00000, 0x0000000711e00000|  0%| F|  |TAMS 0x0000000711c00000, 0x0000000711c00000| Untracked 
| 109|0x0000000711e00000, 0x0000000711e00000, 0x0000000712000000|  0%| F|  |TAMS 0x0000000711e00000, 0x0000000711e00000| Untracked 
| 110|0x0000000712000000, 0x0000000712000000, 0x0000000712200000|  0%| F|  |TAMS 0x0000000712000000, 0x0000000712000000| Untracked 
| 111|0x0000000712200000, 0x0000000712200000, 0x0000000712400000|  0%| F|  |TAMS 0x0000000712200000, 0x0000000712200000| Untracked 
| 112|0x0000000712400000, 0x0000000712400000, 0x0000000712600000|  0%| F|  |TAMS 0x0000000712400000, 0x0000000712400000| Untracked 
| 113|0x0000000712600000, 0x0000000712600000, 0x0000000712800000|  0%| F|  |TAMS 0x0000000712600000, 0x0000000712600000| Untracked 
| 114|0x0000000712800000, 0x0000000712800000, 0x0000000712a00000|  0%| F|  |TAMS 0x0000000712800000, 0x0000000712800000| Untracked 
| 115|0x0000000712a00000, 0x0000000712a00000, 0x0000000712c00000|  0%| F|  |TAMS 0x0000000712a00000, 0x0000000712a00000| Untracked 
| 116|0x0000000712c00000, 0x0000000712c00000, 0x0000000712e00000|  0%| F|  |TAMS 0x0000000712c00000, 0x0000000712c00000| Untracked 
| 117|0x0000000712e00000, 0x0000000712e00000, 0x0000000713000000|  0%| F|  |TAMS 0x0000000712e00000, 0x0000000712e00000| Untracked 
| 118|0x0000000713000000, 0x0000000713000000, 0x0000000713200000|  0%| F|  |TAMS 0x0000000713000000, 0x0000000713000000| Untracked 
| 119|0x0000000713200000, 0x0000000713200000, 0x0000000713400000|  0%| F|  |TAMS 0x0000000713200000, 0x0000000713200000| Untracked 
| 120|0x0000000713400000, 0x0000000713400000, 0x0000000713600000|  0%| F|  |TAMS 0x0000000713400000, 0x0000000713400000| Untracked 
| 121|0x0000000713600000, 0x0000000713600000, 0x0000000713800000|  0%| F|  |TAMS 0x0000000713600000, 0x0000000713600000| Untracked 
| 122|0x0000000713800000, 0x0000000713800000, 0x0000000713a00000|  0%| F|  |TAMS 0x0000000713800000, 0x0000000713800000| Untracked 
| 123|0x0000000713a00000, 0x0000000713a00000, 0x0000000713c00000|  0%| F|  |TAMS 0x0000000713a00000, 0x0000000713a00000| Untracked 
| 124|0x0000000713c00000, 0x0000000713c00000, 0x0000000713e00000|  0%| F|  |TAMS 0x0000000713c00000, 0x0000000713c00000| Untracked 
| 125|0x0000000713e00000, 0x0000000713e00000, 0x0000000714000000|  0%| F|  |TAMS 0x0000000713e00000, 0x0000000713e00000| Untracked 
| 126|0x0000000714000000, 0x0000000714000000, 0x0000000714200000|  0%| F|  |TAMS 0x0000000714000000, 0x0000000714000000| Untracked 
| 127|0x0000000714200000, 0x0000000714200000, 0x0000000714400000|  0%| F|  |TAMS 0x0000000714200000, 0x0000000714200000| Untracked 
| 128|0x0000000714400000, 0x0000000714400000, 0x0000000714600000|  0%| F|  |TAMS 0x0000000714400000, 0x0000000714400000| Untracked 
| 129|0x0000000714600000, 0x0000000714600000, 0x0000000714800000|  0%| F|  |TAMS 0x0000000714600000, 0x0000000714600000| Untracked 
| 130|0x0000000714800000, 0x0000000714800000, 0x0000000714a00000|  0%| F|  |TAMS 0x0000000714800000, 0x0000000714800000| Untracked 
| 131|0x0000000714a00000, 0x0000000714a00000, 0x0000000714c00000|  0%| F|  |TAMS 0x0000000714a00000, 0x0000000714a00000| Untracked 
| 132|0x0000000714c00000, 0x0000000714c00000, 0x0000000714e00000|  0%| F|  |TAMS 0x0000000714c00000, 0x0000000714c00000| Untracked 
| 133|0x0000000714e00000, 0x0000000714e00000, 0x0000000715000000|  0%| F|  |TAMS 0x0000000714e00000, 0x0000000714e00000| Untracked 
| 134|0x0000000715000000, 0x0000000715000000, 0x0000000715200000|  0%| F|  |TAMS 0x0000000715000000, 0x0000000715000000| Untracked 
| 135|0x0000000715200000, 0x0000000715200000, 0x0000000715400000|  0%| F|  |TAMS 0x0000000715200000, 0x0000000715200000| Untracked 
| 136|0x0000000715400000, 0x0000000715400000, 0x0000000715600000|  0%| F|  |TAMS 0x0000000715400000, 0x0000000715400000| Untracked 
| 137|0x0000000715600000, 0x0000000715600000, 0x0000000715800000|  0%| F|  |TAMS 0x0000000715600000, 0x0000000715600000| Untracked 
| 138|0x0000000715800000, 0x0000000715800000, 0x0000000715a00000|  0%| F|  |TAMS 0x0000000715800000, 0x0000000715800000| Untracked 
| 139|0x0000000715a00000, 0x0000000715a00000, 0x0000000715c00000|  0%| F|  |TAMS 0x0000000715a00000, 0x0000000715a00000| Untracked 
| 140|0x0000000715c00000, 0x0000000715c00000, 0x0000000715e00000|  0%| F|  |TAMS 0x0000000715c00000, 0x0000000715c00000| Untracked 
| 141|0x0000000715e00000, 0x0000000715e00000, 0x0000000716000000|  0%| F|  |TAMS 0x0000000715e00000, 0x0000000715e00000| Untracked 
| 142|0x0000000716000000, 0x0000000716000000, 0x0000000716200000|  0%| F|  |TAMS 0x0000000716000000, 0x0000000716000000| Untracked 
| 143|0x0000000716200000, 0x0000000716200000, 0x0000000716400000|  0%| F|  |TAMS 0x0000000716200000, 0x0000000716200000| Untracked 
| 144|0x0000000716400000, 0x0000000716400000, 0x0000000716600000|  0%| F|  |TAMS 0x0000000716400000, 0x0000000716400000| Untracked 
| 145|0x0000000716600000, 0x0000000716600000, 0x0000000716800000|  0%| F|  |TAMS 0x0000000716600000, 0x0000000716600000| Untracked 
| 146|0x0000000716800000, 0x0000000716800000, 0x0000000716a00000|  0%| F|  |TAMS 0x0000000716800000, 0x0000000716800000| Untracked 
| 147|0x0000000716a00000, 0x0000000716a00000, 0x0000000716c00000|  0%| F|  |TAMS 0x0000000716a00000, 0x0000000716a00000| Untracked 
| 148|0x0000000716c00000, 0x0000000716c00000, 0x0000000716e00000|  0%| F|  |TAMS 0x0000000716c00000, 0x0000000716c00000| Untracked 
| 149|0x0000000716e00000, 0x0000000716e00000, 0x0000000717000000|  0%| F|  |TAMS 0x0000000716e00000, 0x0000000716e00000| Untracked 
| 150|0x0000000717000000, 0x0000000717000000, 0x0000000717200000|  0%| F|  |TAMS 0x0000000717000000, 0x0000000717000000| Untracked 
| 151|0x0000000717200000, 0x0000000717200000, 0x0000000717400000|  0%| F|  |TAMS 0x0000000717200000, 0x0000000717200000| Untracked 
| 152|0x0000000717400000, 0x0000000717400000, 0x0000000717600000|  0%| F|  |TAMS 0x0000000717400000, 0x0000000717400000| Untracked 
| 153|0x0000000717600000, 0x0000000717600000, 0x0000000717800000|  0%| F|  |TAMS 0x0000000717600000, 0x0000000717600000| Untracked 
| 154|0x0000000717800000, 0x0000000717800000, 0x0000000717a00000|  0%| F|  |TAMS 0x0000000717800000, 0x0000000717800000| Untracked 
| 155|0x0000000717a00000, 0x0000000717a00000, 0x0000000717c00000|  0%| F|  |TAMS 0x0000000717a00000, 0x0000000717a00000| Untracked 
| 156|0x0000000717c00000, 0x0000000717c00000, 0x0000000717e00000|  0%| F|  |TAMS 0x0000000717c00000, 0x0000000717c00000| Untracked 
| 157|0x0000000717e00000, 0x0000000717e00000, 0x0000000718000000|  0%| F|  |TAMS 0x0000000717e00000, 0x0000000717e00000| Untracked 
| 158|0x0000000718000000, 0x0000000718000000, 0x0000000718200000|  0%| F|  |TAMS 0x0000000718000000, 0x0000000718000000| Untracked 
| 159|0x0000000718200000, 0x0000000718200000, 0x0000000718400000|  0%| F|  |TAMS 0x0000000718200000, 0x0000000718200000| Untracked 
| 160|0x0000000718400000, 0x0000000718400000, 0x0000000718600000|  0%| F|  |TAMS 0x0000000718400000, 0x0000000718400000| Untracked 
| 161|0x0000000718600000, 0x0000000718600000, 0x0000000718800000|  0%| F|  |TAMS 0x0000000718600000, 0x0000000718600000| Untracked 
| 162|0x0000000718800000, 0x0000000718800000, 0x0000000718a00000|  0%| F|  |TAMS 0x0000000718800000, 0x0000000718800000| Untracked 
| 163|0x0000000718a00000, 0x0000000718a00000, 0x0000000718c00000|  0%| F|  |TAMS 0x0000000718a00000, 0x0000000718a00000| Untracked 
| 164|0x0000000718c00000, 0x0000000718c00000, 0x0000000718e00000|  0%| F|  |TAMS 0x0000000718c00000, 0x0000000718c00000| Untracked 
| 165|0x0000000718e00000, 0x0000000718e00000, 0x0000000719000000|  0%| F|  |TAMS 0x0000000718e00000, 0x0000000718e00000| Untracked 
| 166|0x0000000719000000, 0x0000000719000000, 0x0000000719200000|  0%| F|  |TAMS 0x0000000719000000, 0x0000000719000000| Untracked 
| 167|0x0000000719200000, 0x0000000719200000, 0x0000000719400000|  0%| F|  |TAMS 0x0000000719200000, 0x0000000719200000| Untracked 
| 168|0x0000000719400000, 0x0000000719400000, 0x0000000719600000|  0%| F|  |TAMS 0x0000000719400000, 0x0000000719400000| Untracked 
| 169|0x0000000719600000, 0x0000000719600000, 0x0000000719800000|  0%| F|  |TAMS 0x0000000719600000, 0x0000000719600000| Untracked 
| 170|0x0000000719800000, 0x0000000719800000, 0x0000000719a00000|  0%| F|  |TAMS 0x0000000719800000, 0x0000000719800000| Untracked 
| 171|0x0000000719a00000, 0x0000000719a00000, 0x0000000719c00000|  0%| F|  |TAMS 0x0000000719a00000, 0x0000000719a00000| Untracked 
| 172|0x0000000719c00000, 0x0000000719c00000, 0x0000000719e00000|  0%| F|  |TAMS 0x0000000719c00000, 0x0000000719c00000| Untracked 
| 173|0x0000000719e00000, 0x0000000719e00000, 0x000000071a000000|  0%| F|  |TAMS 0x0000000719e00000, 0x0000000719e00000| Untracked 
| 174|0x000000071a000000, 0x000000071a000000, 0x000000071a200000|  0%| F|  |TAMS 0x000000071a000000, 0x000000071a000000| Untracked 
| 175|0x000000071a200000, 0x000000071a200000, 0x000000071a400000|  0%| F|  |TAMS 0x000000071a200000, 0x000000071a200000| Untracked 
| 176|0x000000071a400000, 0x000000071a400000, 0x000000071a600000|  0%| F|  |TAMS 0x000000071a400000, 0x000000071a400000| Untracked 
| 177|0x000000071a600000, 0x000000071a600000, 0x000000071a800000|  0%| F|  |TAMS 0x000000071a600000, 0x000000071a600000| Untracked 
| 178|0x000000071a800000, 0x000000071a800000, 0x000000071aa00000|  0%| F|  |TAMS 0x000000071a800000, 0x000000071a800000| Untracked 
| 179|0x000000071aa00000, 0x000000071aa00000, 0x000000071ac00000|  0%| F|  |TAMS 0x000000071aa00000, 0x000000071aa00000| Untracked 
| 180|0x000000071ac00000, 0x000000071ac00000, 0x000000071ae00000|  0%| F|  |TAMS 0x000000071ac00000, 0x000000071ac00000| Untracked 
| 181|0x000000071ae00000, 0x000000071ae00000, 0x000000071b000000|  0%| F|  |TAMS 0x000000071ae00000, 0x000000071ae00000| Untracked 
| 182|0x000000071b000000, 0x000000071b000000, 0x000000071b200000|  0%| F|  |TAMS 0x000000071b000000, 0x000000071b000000| Untracked 
| 183|0x000000071b200000, 0x000000071b200000, 0x000000071b400000|  0%| F|  |TAMS 0x000000071b200000, 0x000000071b200000| Untracked 
| 184|0x000000071b400000, 0x000000071b400000, 0x000000071b600000|  0%| F|  |TAMS 0x000000071b400000, 0x000000071b400000| Untracked 
| 185|0x000000071b600000, 0x000000071b600000, 0x000000071b800000|  0%| F|  |TAMS 0x000000071b600000, 0x000000071b600000| Untracked 
| 186|0x000000071b800000, 0x000000071b800000, 0x000000071ba00000|  0%| F|  |TAMS 0x000000071b800000, 0x000000071b800000| Untracked 
| 187|0x000000071ba00000, 0x000000071ba00000, 0x000000071bc00000|  0%| F|  |TAMS 0x000000071ba00000, 0x000000071ba00000| Untracked 
| 188|0x000000071bc00000, 0x000000071bc00000, 0x000000071be00000|  0%| F|  |TAMS 0x000000071bc00000, 0x000000071bc00000| Untracked 
| 189|0x000000071be00000, 0x000000071be00000, 0x000000071c000000|  0%| F|  |TAMS 0x000000071be00000, 0x000000071be00000| Untracked 
| 190|0x000000071c000000, 0x000000071c000000, 0x000000071c200000|  0%| F|  |TAMS 0x000000071c000000, 0x000000071c000000| Untracked 
| 191|0x000000071c200000, 0x000000071c200000, 0x000000071c400000|  0%| F|  |TAMS 0x000000071c200000, 0x000000071c200000| Untracked 
| 192|0x000000071c400000, 0x000000071c400000, 0x000000071c600000|  0%| F|  |TAMS 0x000000071c400000, 0x000000071c400000| Untracked 
| 193|0x000000071c600000, 0x000000071c600000, 0x000000071c800000|  0%| F|  |TAMS 0x000000071c600000, 0x000000071c600000| Untracked 
| 194|0x000000071c800000, 0x000000071c800000, 0x000000071ca00000|  0%| F|  |TAMS 0x000000071c800000, 0x000000071c800000| Untracked 
| 195|0x000000071ca00000, 0x000000071ca00000, 0x000000071cc00000|  0%| F|  |TAMS 0x000000071ca00000, 0x000000071ca00000| Untracked 
| 196|0x000000071cc00000, 0x000000071cc00000, 0x000000071ce00000|  0%| F|  |TAMS 0x000000071cc00000, 0x000000071cc00000| Untracked 
| 197|0x000000071ce00000, 0x000000071ce00000, 0x000000071d000000|  0%| F|  |TAMS 0x000000071ce00000, 0x000000071ce00000| Untracked 
| 198|0x000000071d000000, 0x000000071d000000, 0x000000071d200000|  0%| F|  |TAMS 0x000000071d000000, 0x000000071d000000| Untracked 
| 199|0x000000071d200000, 0x000000071d200000, 0x000000071d400000|  0%| F|  |TAMS 0x000000071d200000, 0x000000071d200000| Untracked 
| 200|0x000000071d400000, 0x000000071d400000, 0x000000071d600000|  0%| F|  |TAMS 0x000000071d400000, 0x000000071d400000| Untracked 
| 201|0x000000071d600000, 0x000000071d600000, 0x000000071d800000|  0%| F|  |TAMS 0x000000071d600000, 0x000000071d600000| Untracked 
| 202|0x000000071d800000, 0x000000071d800000, 0x000000071da00000|  0%| F|  |TAMS 0x000000071d800000, 0x000000071d800000| Untracked 
| 203|0x000000071da00000, 0x000000071da00000, 0x000000071dc00000|  0%| F|  |TAMS 0x000000071da00000, 0x000000071da00000| Untracked 
| 204|0x000000071dc00000, 0x000000071dc00000, 0x000000071de00000|  0%| F|  |TAMS 0x000000071dc00000, 0x000000071dc00000| Untracked 
| 205|0x000000071de00000, 0x000000071de00000, 0x000000071e000000|  0%| F|  |TAMS 0x000000071de00000, 0x000000071de00000| Untracked 
| 206|0x000000071e000000, 0x000000071e000000, 0x000000071e200000|  0%| F|  |TAMS 0x000000071e000000, 0x000000071e000000| Untracked 
| 207|0x000000071e200000, 0x000000071e200000, 0x000000071e400000|  0%| F|  |TAMS 0x000000071e200000, 0x000000071e200000| Untracked 
| 208|0x000000071e400000, 0x000000071e400000, 0x000000071e600000|  0%| F|  |TAMS 0x000000071e400000, 0x000000071e400000| Untracked 
| 209|0x000000071e600000, 0x000000071e600000, 0x000000071e800000|  0%| F|  |TAMS 0x000000071e600000, 0x000000071e600000| Untracked 
| 210|0x000000071e800000, 0x000000071e800000, 0x000000071ea00000|  0%| F|  |TAMS 0x000000071e800000, 0x000000071e800000| Untracked 
| 211|0x000000071ea00000, 0x000000071ea00000, 0x000000071ec00000|  0%| F|  |TAMS 0x000000071ea00000, 0x000000071ea00000| Untracked 
| 212|0x000000071ec00000, 0x000000071ec00000, 0x000000071ee00000|  0%| F|  |TAMS 0x000000071ec00000, 0x000000071ec00000| Untracked 
| 213|0x000000071ee00000, 0x000000071ee00000, 0x000000071f000000|  0%| F|  |TAMS 0x000000071ee00000, 0x000000071ee00000| Untracked 
| 214|0x000000071f000000, 0x000000071f000000, 0x000000071f200000|  0%| F|  |TAMS 0x000000071f000000, 0x000000071f000000| Untracked 
| 215|0x000000071f200000, 0x000000071f200000, 0x000000071f400000|  0%| F|  |TAMS 0x000000071f200000, 0x000000071f200000| Untracked 
| 216|0x000000071f400000, 0x000000071f400000, 0x000000071f600000|  0%| F|  |TAMS 0x000000071f400000, 0x000000071f400000| Untracked 
| 217|0x000000071f600000, 0x000000071f600000, 0x000000071f800000|  0%| F|  |TAMS 0x000000071f600000, 0x000000071f600000| Untracked 
| 218|0x000000071f800000, 0x000000071f800000, 0x000000071fa00000|  0%| F|  |TAMS 0x000000071f800000, 0x000000071f800000| Untracked 
| 219|0x000000071fa00000, 0x000000071fa00000, 0x000000071fc00000|  0%| F|  |TAMS 0x000000071fa00000, 0x000000071fa00000| Untracked 
| 220|0x000000071fc00000, 0x000000071fc00000, 0x000000071fe00000|  0%| F|  |TAMS 0x000000071fc00000, 0x000000071fc00000| Untracked 
| 221|0x000000071fe00000, 0x000000071fe00000, 0x0000000720000000|  0%| F|  |TAMS 0x000000071fe00000, 0x000000071fe00000| Untracked 
| 222|0x0000000720000000, 0x0000000720000000, 0x0000000720200000|  0%| F|  |TAMS 0x0000000720000000, 0x0000000720000000| Untracked 
| 223|0x0000000720200000, 0x0000000720200000, 0x0000000720400000|  0%| F|  |TAMS 0x0000000720200000, 0x0000000720200000| Untracked 
| 224|0x0000000720400000, 0x0000000720400000, 0x0000000720600000|  0%| F|  |TAMS 0x0000000720400000, 0x0000000720400000| Untracked 
| 225|0x0000000720600000, 0x0000000720600000, 0x0000000720800000|  0%| F|  |TAMS 0x0000000720600000, 0x0000000720600000| Untracked 
| 226|0x0000000720800000, 0x0000000720800000, 0x0000000720a00000|  0%| F|  |TAMS 0x0000000720800000, 0x0000000720800000| Untracked 
| 227|0x0000000720a00000, 0x0000000720a00000, 0x0000000720c00000|  0%| F|  |TAMS 0x0000000720a00000, 0x0000000720a00000| Untracked 
| 228|0x0000000720c00000, 0x0000000720c00000, 0x0000000720e00000|  0%| F|  |TAMS 0x0000000720c00000, 0x0000000720c00000| Untracked 
| 229|0x0000000720e00000, 0x0000000720e00000, 0x0000000721000000|  0%| F|  |TAMS 0x0000000720e00000, 0x0000000720e00000| Untracked 

Card table byte_map: [0x0000027b34800000,0x0000027b34fe0000] _byte_map_base: 0x0000027b30fde000

Marking Bits (Prev, Next): (CMBitMap*) 0x0000027b27757aa0, (CMBitMap*) 0x0000027b27757a60
 Prev Bits: [0x0000027b396b0000, 0x0000027b3d5a0000)
 Next Bits: [0x0000027b357c0000, 0x0000027b396b0000)

Polling page: 0x0000027b277c0000

Metaspace:

Usage:
  Non-class:     59.99 MB used.
      Class:      9.81 MB used.
       Both:     69.80 MB used.

Virtual space:
  Non-class space:       64.00 MB reserved,      60.38 MB ( 94%) committed,  8 nodes.
      Class space:        1.00 GB reserved,      10.12 MB ( <1%) committed,  1 nodes.
             Both:        1.06 GB reserved,      70.50 MB (  6%) committed. 

Chunk freelists:
   Non-Class:  3.06 MB
       Class:  1.88 MB
        Both:  4.94 MB

MaxMetaspaceSize: unlimited
CompressedClassSpaceSize: 1.00 GB
Initial GC threshold: 21.00 MB
Current GC threshold: 98.38 MB
CDS: on
MetaspaceReclaimPolicy: balanced
 - commit_granule_bytes: 65536.
 - commit_granule_words: 8192.
 - virtual_space_node_default_size: 1048576.
 - enlarge_chunks_in_place: 1.
 - new_chunks_are_fully_committed: 0.
 - uncommit_free_chunks: 1.
 - use_allocation_guard: 0.
 - handle_deallocations: 1.


Internal statistics:

num_allocs_failed_limit: 9.
num_arena_births: 1140.
num_arena_deaths: 0.
num_vsnodes_births: 9.
num_vsnodes_deaths: 0.
num_space_committed: 1128.
num_space_uncommitted: 0.
num_chunks_returned_to_freelist: 9.
num_chunks_taken_from_freelist: 3815.
num_chunk_merges: 9.
num_chunk_splits: 2723.
num_chunks_enlarged: 2069.
num_purges: 0.
num_inconsistent_stats: 0.

CodeCache: size=49152Kb used=14025Kb max_used=14025Kb free=35126Kb
 bounds [0x0000027b30740000, 0x0000027b31500000, 0x0000027b33740000]
 total_blobs=7434 nmethods=6624 adapters=734
 compilation: enabled
              stopped_count=0, restarted_count=0
 full_count=0

Compilation events (20 events):
Event: 10.175 Thread 0x0000027b40c0bda0 6616       1       org.attoparser.select.BlockSelectorMarkupHandler::handleDocumentStart (33 bytes)
Event: 10.175 Thread 0x0000027b40cef5f0 6617       1       org.attoparser.select.MarkupSelectorOrItem::matchesDocTypeClause (34 bytes)
Event: 10.175 Thread 0x0000027b40d17990 nmethod 6615 0x0000027b314eca90 code [0x0000027b314ecc20, 0x0000027b314eccd8]
Event: 10.175 Thread 0x0000027b40d17990 6618       1       org.attoparser.AbstractMarkupHandler::handleDocType (1 bytes)
Event: 10.175 Thread 0x0000027b413d2010 nmethod 6612 0x0000027b314ecd90 code [0x0000027b314ecf40, 0x0000027b314ed148]
Event: 10.175 Thread 0x0000027b40d17990 nmethod 6618 0x0000027b314ed210 code [0x0000027b314ed3a0, 0x0000027b314ed458]
Event: 10.175 Thread 0x0000027b40cef5f0 nmethod 6617 0x0000027b314ed510 code [0x0000027b314ed6c0, 0x0000027b314ed838]
Event: 10.175 Thread 0x0000027b40c0bda0 nmethod 6616 0x0000027b314ed910 code [0x0000027b314edac0, 0x0000027b314edc48]
Event: 10.182 Thread 0x0000027b40cef5f0 6620       1       sun.nio.cs.UTF_8$Encoder::encodeArrayLoop (137 bytes)
Event: 10.182 Thread 0x0000027b413d2010 6619       1       sun.nio.cs.UTF_8$Encoder::encodeLoop (28 bytes)
Event: 10.182 Thread 0x0000027b40d17990 6621       1       java.lang.System$2::encodeASCII (11 bytes)
Event: 10.183 Thread 0x0000027b40d17990 nmethod 6621 0x0000027b314edd90 code [0x0000027b314edf20, 0x0000027b314ee008]
Event: 10.183 Thread 0x0000027b413d2010 nmethod 6619 0x0000027b314ee090 code [0x0000027b314ee240, 0x0000027b314ee3d8]
Event: 10.183 Thread 0x0000027b40cef5f0 nmethod 6620 0x0000027b314ee490 code [0x0000027b314ee760, 0x0000027b314eeff8]
Event: 10.230 Thread 0x0000027b40d17990 6622       1       java.nio.charset.CoderResult::isError (14 bytes)
Event: 10.231 Thread 0x0000027b40d17990 nmethod 6622 0x0000027b314ef610 code [0x0000027b314ef7a0, 0x0000027b314ef878]
Event: 10.254 Thread 0x0000027b40c0bda0 6623       1       java.nio.charset.CoderResult::isMalformed (14 bytes)
Event: 10.254 Thread 0x0000027b40c0bda0 nmethod 6623 0x0000027b314ef910 code [0x0000027b314efaa0, 0x0000027b314efb78]
Event: 10.287 Thread 0x0000027b40d17990 6624       1       org.apache.tomcat.util.buf.C2BConverter::convert (445 bytes)
Event: 10.289 Thread 0x0000027b40d17990 nmethod 6624 0x0000027b314efc10 code [0x0000027b314f00e0, 0x0000027b314f1808]

GC Heap History (20 events):
Event: 10.123 GC heap after
{Heap after GC invocations=22 (full 0):
 garbage-first heap   total 139264K, used 48707K [0x0000000704400000, 0x0000000800000000)
  region size 2048K, 3 young (6144K), 3 survivors (6144K)
 Metaspace       used 71470K, committed 72192K, reserved 1114112K
  class space    used 10043K, committed 10368K, reserved 1048576K
}
Event: 10.154 GC heap before
{Heap before GC invocations=22 (full 0):
 garbage-first heap   total 139264K, used 114243K [0x0000000704400000, 0x0000000800000000)
  region size 2048K, 35 young (71680K), 3 survivors (6144K)
 Metaspace       used 71470K, committed 72192K, reserved 1114112K
  class space    used 10043K, committed 10368K, reserved 1048576K
}
Event: 10.157 GC heap after
{Heap after GC invocations=23 (full 0):
 garbage-first heap   total 139264K, used 49393K [0x0000000704400000, 0x0000000800000000)
  region size 2048K, 3 young (6144K), 3 survivors (6144K)
 Metaspace       used 71470K, committed 72192K, reserved 1114112K
  class space    used 10043K, committed 10368K, reserved 1048576K
}
Event: 10.187 GC heap before
{Heap before GC invocations=23 (full 0):
 garbage-first heap   total 139264K, used 114929K [0x0000000704400000, 0x0000000800000000)
  region size 2048K, 35 young (71680K), 3 survivors (6144K)
 Metaspace       used 71470K, committed 72192K, reserved 1114112K
  class space    used 10043K, committed 10368K, reserved 1048576K
}
Event: 10.191 GC heap after
{Heap after GC invocations=24 (full 0):
 garbage-first heap   total 266240K, used 50081K [0x0000000704400000, 0x0000000800000000)
  region size 2048K, 3 young (6144K), 3 survivors (6144K)
 Metaspace       used 71470K, committed 72192K, reserved 1114112K
  class space    used 10043K, committed 10368K, reserved 1048576K
}
Event: 10.308 GC heap before
{Heap before GC invocations=24 (full 0):
 garbage-first heap   total 266240K, used 203681K [0x0000000704400000, 0x0000000800000000)
  region size 2048K, 78 young (159744K), 3 survivors (6144K)
 Metaspace       used 71470K, committed 72192K, reserved 1114112K
  class space    used 10043K, committed 10368K, reserved 1048576K
}
Event: 10.311 GC heap after
{Heap after GC invocations=25 (full 0):
 garbage-first heap   total 266240K, used 51502K [0x0000000704400000, 0x0000000800000000)
  region size 2048K, 4 young (8192K), 4 survivors (8192K)
 Metaspace       used 71470K, committed 72192K, reserved 1114112K
  class space    used 10043K, committed 10368K, reserved 1048576K
}
Event: 10.356 GC heap before
{Heap before GC invocations=25 (full 0):
 garbage-first heap   total 266240K, used 203054K [0x0000000704400000, 0x0000000800000000)
  region size 2048K, 78 young (159744K), 4 survivors (8192K)
 Metaspace       used 71470K, committed 72192K, reserved 1114112K
  class space    used 10043K, committed 10368K, reserved 1048576K
}
Event: 10.359 GC heap after
{Heap after GC invocations=26 (full 0):
 garbage-first heap   total 266240K, used 52880K [0x0000000704400000, 0x0000000800000000)
  region size 2048K, 4 young (8192K), 4 survivors (8192K)
 Metaspace       used 71470K, committed 72192K, reserved 1114112K
  class space    used 10043K, committed 10368K, reserved 1048576K
}
Event: 10.414 GC heap before
{Heap before GC invocations=26 (full 0):
 garbage-first heap   total 266240K, used 204432K [0x0000000704400000, 0x0000000800000000)
  region size 2048K, 78 young (159744K), 4 survivors (8192K)
 Metaspace       used 71470K, committed 72192K, reserved 1114112K
  class space    used 10043K, committed 10368K, reserved 1048576K
}
Event: 10.419 GC heap after
{Heap after GC invocations=27 (full 0):
 garbage-first heap   total 266240K, used 53871K [0x0000000704400000, 0x0000000800000000)
  region size 2048K, 5 young (10240K), 5 survivors (10240K)
 Metaspace       used 71470K, committed 72192K, reserved 1114112K
  class space    used 10043K, committed 10368K, reserved 1048576K
}
Event: 10.464 GC heap before
{Heap before GC invocations=27 (full 0):
 garbage-first heap   total 266240K, used 203375K [0x0000000704400000, 0x0000000800000000)
  region size 2048K, 78 young (159744K), 5 survivors (10240K)
 Metaspace       used 71470K, committed 72192K, reserved 1114112K
  class space    used 10043K, committed 10368K, reserved 1048576K
}
Event: 10.468 GC heap after
{Heap after GC invocations=28 (full 0):
 garbage-first heap   total 471040K, used 54748K [0x0000000704400000, 0x0000000800000000)
  region size 2048K, 5 young (10240K), 5 survivors (10240K)
 Metaspace       used 71470K, committed 72192K, reserved 1114112K
  class space    used 10043K, committed 10368K, reserved 1048576K
}
Event: 10.620 GC heap before
{Heap before GC invocations=28 (full 0):
 garbage-first heap   total 471040K, used 327132K [0x0000000704400000, 0x0000000800000000)
  region size 2048K, 138 young (282624K), 5 survivors (10240K)
 Metaspace       used 71470K, committed 72192K, reserved 1114112K
  class space    used 10043K, committed 10368K, reserved 1048576K
}
Event: 10.625 GC heap after
{Heap after GC invocations=29 (full 0):
 garbage-first heap   total 471040K, used 56101K [0x0000000704400000, 0x0000000800000000)
  region size 2048K, 6 young (12288K), 6 survivors (12288K)
 Metaspace       used 71470K, committed 72192K, reserved 1114112K
  class space    used 10043K, committed 10368K, reserved 1048576K
}
Event: 10.713 GC heap before
{Heap before GC invocations=29 (full 0):
 garbage-first heap   total 471040K, used 326437K [0x0000000704400000, 0x0000000800000000)
  region size 2048K, 138 young (282624K), 6 survivors (12288K)
 Metaspace       used 71470K, committed 72192K, reserved 1114112K
  class space    used 10043K, committed 10368K, reserved 1048576K
}
Event: 10.718 GC heap after
{Heap after GC invocations=30 (full 0):
 garbage-first heap   total 471040K, used 57205K [0x0000000704400000, 0x0000000800000000)
  region size 2048K, 6 young (12288K), 6 survivors (12288K)
 Metaspace       used 71470K, committed 72192K, reserved 1114112K
  class space    used 10043K, committed 10368K, reserved 1048576K
}
Event: 10.799 GC heap before
{Heap before GC invocations=30 (full 0):
 garbage-first heap   total 471040K, used 327541K [0x0000000704400000, 0x0000000800000000)
  region size 2048K, 138 young (282624K), 6 survivors (12288K)
 Metaspace       used 71470K, committed 72192K, reserved 1114112K
  class space    used 10043K, committed 10368K, reserved 1048576K
}
Event: 10.804 GC heap after
{Heap after GC invocations=31 (full 0):
 garbage-first heap   total 471040K, used 58381K [0x0000000704400000, 0x0000000800000000)
  region size 2048K, 7 young (14336K), 7 survivors (14336K)
 Metaspace       used 71470K, committed 72192K, reserved 1114112K
  class space    used 10043K, committed 10368K, reserved 1048576K
}
Event: 10.887 GC heap before
{Heap before GC invocations=31 (full 0):
 garbage-first heap   total 471040K, used 326669K [0x0000000704400000, 0x0000000800000000)
  region size 2048K, 138 young (282624K), 7 survivors (14336K)
 Metaspace       used 71470K, committed 72192K, reserved 1114112K
  class space    used 10043K, committed 10368K, reserved 1048576K
}

Deoptimization events (20 events):
Event: 0.615 Thread 0x0000027b27706de0 DEOPT PACKING pc=0x0000027b30ab9081 sp=0x000000e14d9fd620
Event: 0.615 Thread 0x0000027b27706de0 DEOPT UNPACKING pc=0x0000027b30796763 sp=0x000000e14d9fca78 mode 3
Event: 1.328 Thread 0x0000027b417e7ef0 DEOPT PACKING pc=0x0000027b30e1a0f9 sp=0x000000e14f9fc790
Event: 1.328 Thread 0x0000027b417e7ef0 DEOPT UNPACKING pc=0x0000027b30796763 sp=0x000000e14f9fbc70 mode 3
Event: 1.520 Thread 0x0000027b417e7ef0 DEOPT PACKING pc=0x0000027b30e79855 sp=0x000000e14f9fcf00
Event: 1.520 Thread 0x0000027b417e7ef0 DEOPT UNPACKING pc=0x0000027b30796763 sp=0x000000e14f9fc3a8 mode 3
Event: 2.097 Thread 0x0000027b417e7ef0 DEOPT PACKING pc=0x0000027b3101b848 sp=0x000000e14f9fbf20
Event: 2.097 Thread 0x0000027b417e7ef0 DEOPT UNPACKING pc=0x0000027b30796763 sp=0x000000e14f9fb390 mode 3
Event: 2.400 Thread 0x0000027b417e7ef0 DEOPT PACKING pc=0x0000027b310a20e5 sp=0x000000e14f9fc570
Event: 2.400 Thread 0x0000027b417e7ef0 DEOPT UNPACKING pc=0x0000027b30796763 sp=0x000000e14f9fbad8 mode 3
Event: 2.537 Thread 0x0000027b417e7ef0 DEOPT PACKING pc=0x0000027b30c45689 sp=0x000000e14f9fdb30
Event: 2.537 Thread 0x0000027b417e7ef0 DEOPT UNPACKING pc=0x0000027b30796763 sp=0x000000e14f9fcfc0 mode 3
Event: 2.538 Thread 0x0000027b41e31bb0 DEOPT PACKING pc=0x0000027b30c3c99f sp=0x000000e1503fef30
Event: 2.538 Thread 0x0000027b41e31bb0 DEOPT UNPACKING pc=0x0000027b30796763 sp=0x000000e1503fe388 mode 3
Event: 4.262 Thread 0x0000027b417e7ef0 DEOPT PACKING pc=0x0000027b30c2a164 sp=0x000000e14f9f8420
Event: 4.262 Thread 0x0000027b417e7ef0 DEOPT UNPACKING pc=0x0000027b30796763 sp=0x000000e14f9f7940 mode 0
Event: 4.262 Thread 0x0000027b417e7ef0 DEOPT PACKING pc=0x0000027b30c294b4 sp=0x000000e14f9f8510
Event: 4.262 Thread 0x0000027b417e7ef0 DEOPT UNPACKING pc=0x0000027b30796763 sp=0x000000e14f9f79d0 mode 0
Event: 9.585 Thread 0x0000027b44e290c0 DEOPT PACKING pc=0x0000027b30978494 sp=0x000000e1513fc850
Event: 9.585 Thread 0x0000027b44e290c0 DEOPT UNPACKING pc=0x0000027b30796763 sp=0x000000e1513fbd00 mode 0

Classes unloaded (0 events):
No events

Classes redefined (0 events):
No events

Internal exceptions (20 events):
Event: 9.311 Thread 0x0000027b44e290c0 Exception <a 'java/lang/NoSuchMethodError'{0x0000000707b2f2b8}: 'java.lang.Object java.lang.invoke.DelegatingMethodHandle$Holder.delegate(java.lang.Object, java.lang.Object, java.lang.Object, java.lang.Object, java.lang.Object, java.lang.Object, int, int)'> (0x0000000707b2f2b8) 
thrown [t:\workspace\open\src\hotspot\share\interpreter\linkResolver.cpp, line 766]
Event: 9.315 Thread 0x0000027b44e290c0 Exception <a 'java/lang/ClassNotFoundException'{0x0000000707b9d158}: nz/net/ultraq/thymeleaf/layoutdialect/includes/IncludeProcessorBeanInfo> (0x0000000707b9d158) 
thrown [t:\workspace\open\src\hotspot\share\classfile\systemDictionary.cpp, line 256]
Event: 9.315 Thread 0x0000027b44e290c0 Exception <a 'java/lang/ClassNotFoundException'{0x0000000707ba48c0}: nz/net/ultraq/thymeleaf/layoutdialect/includes/IncludeProcessorCustomizer> (0x0000000707ba48c0) 
thrown [t:\workspace\open\src\hotspot\share\classfile\systemDictionary.cpp, line 256]
Event: 9.317 Thread 0x0000027b44e290c0 Exception <a 'java/lang/ClassNotFoundException'{0x0000000707bc0db8}: nz/net/ultraq/thymeleaf/layoutdialect/PojoLoggerFactoryBeanInfo> (0x0000000707bc0db8) 
thrown [t:\workspace\open\src\hotspot\share\classfile\systemDictionary.cpp, line 256]
Event: 9.318 Thread 0x0000027b44e290c0 Exception <a 'java/lang/ClassNotFoundException'{0x0000000707bc8190}: nz/net/ultraq/thymeleaf/layoutdialect/PojoLoggerFactoryCustomizer> (0x0000000707bc8190) 
thrown [t:\workspace\open\src\hotspot\share\classfile\systemDictionary.cpp, line 256]
Event: 9.322 Thread 0x0000027b44e290c0 Exception <a 'java/lang/ClassNotFoundException'{0x0000000707824a08}: nz/net/ultraq/thymeleaf/layoutdialect/includes/InsertProcessorBeanInfo> (0x0000000707824a08) 
thrown [t:\workspace\open\src\hotspot\share\classfile\systemDictionary.cpp, line 256]
Event: 9.323 Thread 0x0000027b44e290c0 Exception <a 'java/lang/ClassNotFoundException'{0x000000070782c030}: nz/net/ultraq/thymeleaf/layoutdialect/includes/InsertProcessorCustomizer> (0x000000070782c030) 
thrown [t:\workspace\open\src\hotspot\share\classfile\systemDictionary.cpp, line 256]
Event: 9.327 Thread 0x0000027b44e290c0 Exception <a 'java/lang/ClassNotFoundException'{0x00000007078584c8}: nz/net/ultraq/thymeleaf/layoutdialect/includes/ReplaceProcessorBeanInfo> (0x00000007078584c8) 
thrown [t:\workspace\open\src\hotspot\share\classfile\systemDictionary.cpp, line 256]
Event: 9.328 Thread 0x0000027b44e290c0 Exception <a 'java/lang/ClassNotFoundException'{0x000000070785fb78}: nz/net/ultraq/thymeleaf/layoutdialect/includes/ReplaceProcessorCustomizer> (0x000000070785fb78) 
thrown [t:\workspace\open\src\hotspot\share\classfile\systemDictionary.cpp, line 256]
Event: 9.332 Thread 0x0000027b44e290c0 Exception <a 'java/lang/ClassNotFoundException'{0x0000000707890f70}: nz/net/ultraq/thymeleaf/layoutdialect/fragments/FragmentProcessorBeanInfo> (0x0000000707890f70) 
thrown [t:\workspace\open\src\hotspot\share\classfile\systemDictionary.cpp, line 256]
Event: 9.332 Thread 0x0000027b44e290c0 Exception <a 'java/lang/ClassNotFoundException'{0x0000000707898708}: nz/net/ultraq/thymeleaf/layoutdialect/fragments/FragmentProcessorCustomizer> (0x0000000707898708) 
thrown [t:\workspace\open\src\hotspot\share\classfile\systemDictionary.cpp, line 256]
Event: 9.335 Thread 0x0000027b44e290c0 Exception <a 'java/lang/ClassNotFoundException'{0x00000007078c8440}: nz/net/ultraq/thymeleaf/layoutdialect/fragments/CollectFragmentProcessorBeanInfo> (0x00000007078c8440) 
thrown [t:\workspace\open\src\hotspot\share\classfile\systemDictionary.cpp, line 256]
Event: 9.336 Thread 0x0000027b44e290c0 Exception <a 'java/lang/ClassNotFoundException'{0x00000007078cfe08}: nz/net/ultraq/thymeleaf/layoutdialect/fragments/CollectFragmentProcessorCustomizer> (0x00000007078cfe08) 
thrown [t:\workspace\open\src\hotspot\share\classfile\systemDictionary.cpp, line 256]
Event: 9.340 Thread 0x0000027b44e290c0 Exception <a 'java/lang/ClassNotFoundException'{0x0000000707904df8}: nz/net/ultraq/thymeleaf/layoutdialect/decorators/TitlePatternProcessorBeanInfo> (0x0000000707904df8) 
thrown [t:\workspace\open\src\hotspot\share\classfile\systemDictionary.cpp, line 256]
Event: 9.341 Thread 0x0000027b44e290c0 Exception <a 'java/lang/ClassNotFoundException'{0x000000070790c728}: nz/net/ultraq/thymeleaf/layoutdialect/decorators/TitlePatternProcessorCustomizer> (0x000000070790c728) 
thrown [t:\workspace\open\src\hotspot\share\classfile\systemDictionary.cpp, line 256]
Event: 9.344 Thread 0x0000027b44e290c0 Exception <a 'java/lang/ClassNotFoundException'{0x0000000707952708}: nz/net/ultraq/thymeleaf/layoutdialect/decorators/TitleProcessorBeanInfo> (0x0000000707952708) 
thrown [t:\workspace\open\src\hotspot\share\classfile\systemDictionary.cpp, line 256]
Event: 9.345 Thread 0x0000027b44e290c0 Exception <a 'java/lang/ClassNotFoundException'{0x0000000707959e40}: nz/net/ultraq/thymeleaf/layoutdialect/decorators/TitleProcessorCustomizer> (0x0000000707959e40) 
thrown [t:\workspace\open\src\hotspot\share\classfile\systemDictionary.cpp, line 256]
Event: 9.617 Thread 0x0000027b44e23550 Exception <a 'java/lang/NoSuchMethodError'{0x0000000710099370}: 'java.lang.Object java.lang.invoke.DirectMethodHandle$Holder.invokeStatic(java.lang.Object, int, int)'> (0x0000000710099370) 
thrown [t:\workspace\open\src\hotspot\share\interpreter\linkResolver.cpp, line 766]
Event: 9.617 Thread 0x0000027b44e24890 Exception <a 'java/lang/NoSuchMethodError'{0x00000007100c9c10}: 'java.lang.Object java.lang.invoke.DirectMethodHandle$Holder.invokeStatic(java.lang.Object, int, int)'> (0x00000007100c9c10) 
thrown [t:\workspace\open\src\hotspot\share\interpreter\linkResolver.cpp, line 766]
Event: 9.617 Thread 0x0000027b44e27d80 Exception <a 'java/lang/NoSuchMethodError'{0x00000007100e20a8}: 'java.lang.Object java.lang.invoke.DirectMethodHandle$Holder.invokeStatic(java.lang.Object, int, int)'> (0x00000007100e20a8) 
thrown [t:\workspace\open\src\hotspot\share\interpreter\linkResolver.cpp, line 766]

VM Operations (20 events):
Event: 10.123 Executing VM operation: G1CollectForAllocation done
Event: 10.154 Executing VM operation: G1CollectForAllocation
Event: 10.157 Executing VM operation: G1CollectForAllocation done
Event: 10.187 Executing VM operation: G1CollectForAllocation
Event: 10.191 Executing VM operation: G1CollectForAllocation done
Event: 10.308 Executing VM operation: G1CollectForAllocation
Event: 10.311 Executing VM operation: G1CollectForAllocation done
Event: 10.356 Executing VM operation: G1CollectForAllocation
Event: 10.359 Executing VM operation: G1CollectForAllocation done
Event: 10.414 Executing VM operation: G1CollectForAllocation
Event: 10.419 Executing VM operation: G1CollectForAllocation done
Event: 10.463 Executing VM operation: G1CollectForAllocation
Event: 10.468 Executing VM operation: G1CollectForAllocation done
Event: 10.620 Executing VM operation: G1CollectForAllocation
Event: 10.626 Executing VM operation: G1CollectForAllocation done
Event: 10.712 Executing VM operation: G1CollectForAllocation
Event: 10.718 Executing VM operation: G1CollectForAllocation done
Event: 10.799 Executing VM operation: G1CollectForAllocation
Event: 10.805 Executing VM operation: G1CollectForAllocation done
Event: 10.887 Executing VM operation: G1CollectForAllocation

Events (20 events):
Event: 9.632 loading class java/time/format/DateTimeFormatterBuilder$ZoneTextPrinterParser
Event: 9.632 loading class java/time/format/DateTimeFormatterBuilder$ZoneTextPrinterParser done
Event: 9.632 loading class java/time/format/DateTimeFormatterBuilder$ReducedPrinterParser
Event: 9.632 loading class java/time/format/DateTimeFormatterBuilder$ReducedPrinterParser done
Event: 9.635 loading class java/util/concurrent/atomic/Striped64$Cell
Event: 9.635 loading class java/util/concurrent/atomic/Striped64$Cell done
Event: 9.639 loading class java/util/stream/ReferencePipeline$4
Event: 9.639 loading class java/util/stream/ReferencePipeline$4 done
Event: 9.639 loading class java/util/stream/ReduceOps$7
Event: 9.639 loading class java/util/stream/ReduceOps$7 done
Event: 9.639 loading class java/util/stream/ReduceOps$6ReducingSink
Event: 9.639 loading class java/util/stream/ReduceOps$6ReducingSink done
Event: 9.639 loading class java/util/stream/ReferencePipeline$4$1
Event: 9.639 loading class java/util/stream/ReferencePipeline$4$1 done
Event: 9.643 loading class java/io/StringWriter
Event: 9.643 loading class java/io/StringWriter done
Event: 9.644 loading class java/lang/Throwable$WrappedPrintWriter
Event: 9.644 loading class java/lang/Throwable$WrappedPrintWriter done
Event: 9.651 Thread 0x0000027b40cef5f0 Thread added: 0x0000027b40cef5f0
Event: 9.736 Thread 0x0000027b413d2010 Thread added: 0x0000027b413d2010


Dynamic libraries:
0x00007ff732a50000 - 0x00007ff732a5e000 	C:\Users\dell\.jdks\openjdk-17.0.2\bin\java.exe
0x00007ffd239d0000 - 0x00007ffd23be8000 	C:\WINDOWS\SYSTEM32\ntdll.dll
0x00007ffd21f70000 - 0x00007ffd22034000 	C:\WINDOWS\System32\KERNEL32.DLL
0x00007ffd20eb0000 - 0x00007ffd21283000 	C:\WINDOWS\System32\KERNELBASE.dll
0x00007ffd20ba0000 - 0x00007ffd20cb1000 	C:\WINDOWS\System32\ucrtbase.dll
0x00007ffcf89e0000 - 0x00007ffcf89f8000 	C:\Users\dell\.jdks\openjdk-17.0.2\bin\jli.dll
0x00007ffcf89c0000 - 0x00007ffcf89da000 	C:\Users\dell\.jdks\openjdk-17.0.2\bin\VCRUNTIME140.dll
0x00007ffd22d40000 - 0x00007ffd22ef2000 	C:\WINDOWS\System32\USER32.dll
0x00007ffd215c0000 - 0x00007ffd215e6000 	C:\WINDOWS\System32\win32u.dll
0x00007ffd07c90000 - 0x00007ffd07f2c000 	C:\WINDOWS\WinSxS\amd64_microsoft.windows.common-controls_6595b64144ccf1df_6.0.22621.6060_none_2712eda17382d24b\COMCTL32.dll
0x00007ffd21830000 - 0x00007ffd21859000 	C:\WINDOWS\System32\GDI32.dll
0x00007ffd225f0000 - 0x00007ffd22697000 	C:\WINDOWS\System32\msvcrt.dll
0x00007ffd21290000 - 0x00007ffd213ab000 	C:\WINDOWS\System32\gdi32full.dll
0x00007ffd21520000 - 0x00007ffd215ba000 	C:\WINDOWS\System32\msvcp_win.dll
0x00007ffd21670000 - 0x00007ffd216a1000 	C:\WINDOWS\System32\IMM32.DLL
0x00007ffd071f0000 - 0x00007ffd071fc000 	C:\Users\dell\.jdks\openjdk-17.0.2\bin\vcruntime140_1.dll
0x00007ffce0740000 - 0x00007ffce07cd000 	C:\Users\dell\.jdks\openjdk-17.0.2\bin\msvcp140.dll
0x00007ffc42160000 - 0x00007ffc42d21000 	C:\Users\dell\.jdks\openjdk-17.0.2\bin\server\jvm.dll
0x00007ffd21eb0000 - 0x00007ffd21f61000 	C:\WINDOWS\System32\ADVAPI32.dll
0x00007ffd22f00000 - 0x00007ffd22fa8000 	C:\WINDOWS\System32\sechost.dll
0x00007ffd214f0000 - 0x00007ffd21518000 	C:\WINDOWS\System32\bcrypt.dll
0x00007ffd219a0000 - 0x00007ffd21ab8000 	C:\WINDOWS\System32\RPCRT4.dll
0x00007ffd21d90000 - 0x00007ffd21d98000 	C:\WINDOWS\System32\PSAPI.DLL
0x00007ffd18100000 - 0x00007ffd1810a000 	C:\WINDOWS\SYSTEM32\VERSION.dll
0x00007ffd03fa0000 - 0x00007ffd03fa9000 	C:\WINDOWS\SYSTEM32\WSOCK32.dll
0x00007ffd223e0000 - 0x00007ffd22451000 	C:\WINDOWS\System32\WS2_32.dll
0x00007ffd18210000 - 0x00007ffd18244000 	C:\WINDOWS\SYSTEM32\WINMM.dll
0x00007ffd1fb70000 - 0x00007ffd1fb88000 	C:\WINDOWS\SYSTEM32\kernel.appcore.dll
0x00007ffd05170000 - 0x00007ffd0517a000 	C:\Users\dell\.jdks\openjdk-17.0.2\bin\jimage.dll
0x00007ffd1e3e0000 - 0x00007ffd1e613000 	C:\WINDOWS\SYSTEM32\DBGHELP.DLL
0x00007ffd22040000 - 0x00007ffd223d1000 	C:\WINDOWS\System32\combase.dll
0x00007ffd22fb0000 - 0x00007ffd23088000 	C:\WINDOWS\System32\OLEAUT32.dll
0x00007ffd0ca30000 - 0x00007ffd0ca62000 	C:\WINDOWS\SYSTEM32\dbgcore.DLL
0x00007ffd215f0000 - 0x00007ffd2166b000 	C:\WINDOWS\System32\bcryptPrimitives.dll
0x00007ffd1b9b0000 - 0x00007ffd1b9be000 	C:\Users\dell\.jdks\openjdk-17.0.2\bin\instrument.dll
0x00007ffce5550000 - 0x00007ffce5575000 	C:\Users\dell\.jdks\openjdk-17.0.2\bin\java.dll
0x00007ffcdeea0000 - 0x00007ffcdef76000 	C:\Users\dell\.jdks\openjdk-17.0.2\bin\jsvml.dll
0x00007ffd23090000 - 0x00007ffd2392c000 	C:\WINDOWS\System32\SHELL32.dll
0x00007ffd213b0000 - 0x00007ffd214ef000 	C:\WINDOWS\System32\wintypes.dll
0x00007ffd1e9a0000 - 0x00007ffd1f2ba000 	C:\WINDOWS\SYSTEM32\windows.storage.dll
0x00007ffd224e0000 - 0x00007ffd225e4000 	C:\WINDOWS\System32\SHCORE.dll
0x00007ffd21da0000 - 0x00007ffd21e09000 	C:\WINDOWS\System32\shlwapi.dll
0x00007ffd20a10000 - 0x00007ffd20a35000 	C:\WINDOWS\SYSTEM32\profapi.dll
0x00007ffce5530000 - 0x00007ffce5548000 	C:\Users\dell\.jdks\openjdk-17.0.2\bin\zip.dll
0x00007ffcef500000 - 0x00007ffcef519000 	C:\Users\dell\.jdks\openjdk-17.0.2\bin\net.dll
0x00007ffd1abf0000 - 0x00007ffd1ad1c000 	C:\WINDOWS\SYSTEM32\WINHTTP.dll
0x00007ffd20030000 - 0x00007ffd20099000 	C:\WINDOWS\system32\mswsock.dll
0x00007ffcee970000 - 0x00007ffcee986000 	C:\Users\dell\.jdks\openjdk-17.0.2\bin\nio.dll
0x00007ffcf1ef0000 - 0x00007ffcf1f0a000 	C:\Users\dell\AppData\Local\JetBrains\IntelliJ IDEA 2021.3.1\bin\breakgen64.dll
0x00007ffd1f540000 - 0x00007ffd1f638000 	C:\WINDOWS\SYSTEM32\DNSAPI.dll
0x00007ffd1f510000 - 0x00007ffd1f53d000 	C:\WINDOWS\SYSTEM32\IPHLPAPI.DLL
0x00007ffd21ea0000 - 0x00007ffd21ea9000 	C:\WINDOWS\System32\NSI.dll
0x00007ffd18150000 - 0x00007ffd1815a000 	C:\Windows\System32\rasadhlp.dll
0x00007ffd18e20000 - 0x00007ffd18ea4000 	C:\WINDOWS\System32\fwpuclnt.dll
0x00007ffd1b9a0000 - 0x00007ffd1b9a9000 	C:\Users\dell\.jdks\openjdk-17.0.2\bin\management.dll
0x00007ffd1b990000 - 0x00007ffd1b99b000 	C:\Users\dell\.jdks\openjdk-17.0.2\bin\management_ext.dll
0x00007ffd20380000 - 0x00007ffd2039b000 	C:\WINDOWS\SYSTEM32\CRYPTSP.dll
0x00007ffd1fad0000 - 0x00007ffd1fb07000 	C:\WINDOWS\system32\rsaenh.dll
0x00007ffd200d0000 - 0x00007ffd200f8000 	C:\WINDOWS\SYSTEM32\USERENV.dll
0x00007ffd20360000 - 0x00007ffd2036c000 	C:\WINDOWS\SYSTEM32\CRYPTBASE.dll
0x00007ffd19fc0000 - 0x00007ffd19fd9000 	C:\WINDOWS\SYSTEM32\dhcpcsvc6.DLL
0x00007ffd19eb0000 - 0x00007ffd19ecf000 	C:\WINDOWS\SYSTEM32\dhcpcsvc.DLL
0x00007ffcffdd0000 - 0x00007ffcffde7000 	C:\WINDOWS\system32\napinsp.dll
0x00007ffcff630000 - 0x00007ffcff64b000 	C:\WINDOWS\system32\pnrpnsp.dll
0x00007ffcff550000 - 0x00007ffcff561000 	C:\WINDOWS\System32\winrnr.dll
0x00007ffcff530000 - 0x00007ffcff545000 	C:\WINDOWS\system32\wshbth.dll
0x00007ffcff500000 - 0x00007ffcff521000 	C:\WINDOWS\system32\nlansp_c.dll
0x00007ffcf1e40000 - 0x00007ffcf1e4e000 	C:\Users\dell\.jdks\openjdk-17.0.2\bin\sunmscapi.dll
0x00007ffd20cc0000 - 0x00007ffd20e28000 	C:\WINDOWS\System32\CRYPT32.dll
0x00007ffd204a0000 - 0x00007ffd204ce000 	C:\WINDOWS\SYSTEM32\ncrypt.dll
0x00007ffd20460000 - 0x00007ffd20497000 	C:\WINDOWS\SYSTEM32\NTASN1.dll
0x00007ffc9cba0000 - 0x00007ffc9cba8000 	C:\WINDOWS\system32\wshunix.dll

dbghelp: loaded successfully - version: 4.0.5 - missing functions: none
symbol engine: initialized successfully - sym options: 0x614 - pdb path: .;C:\Users\dell\.jdks\openjdk-17.0.2\bin;C:\WINDOWS\SYSTEM32;C:\WINDOWS\WinSxS\amd64_microsoft.windows.common-controls_6595b64144ccf1df_6.0.22621.6060_none_2712eda17382d24b;C:\Users\dell\.jdks\openjdk-17.0.2\bin\server;C:\Users\dell\AppData\Local\JetBrains\IntelliJ IDEA 2021.3.1\bin

VM Arguments:
jvm_args: -XX:TieredStopAtLevel=1 -Xverify:none -Dspring.output.ansi.enabled=always -Dcom.sun.management.jmxremote -Dspring.jmx.enabled=true -Dspring.liveBeansView.mbeanDomain -Dspring.application.admin.enabled=true -javaagent:C:\Users\dell\AppData\Local\JetBrains\IntelliJ IDEA 2021.3.1\lib\idea_rt.jar=54463:C:\Users\dell\AppData\Local\JetBrains\IntelliJ IDEA 2021.3.1\bin -Dfile.encoding=UTF-8 
java_command: com.example.parfums22.Parfums22Application
java_class_path (initial): C:\parfums22\target\classes;C:\Users\dell\.m2\repository\org\springframework\boot\spring-boot-starter-data-jpa\4.0.3\spring-boot-starter-data-jpa-4.0.3.jar;C:\Users\dell\.m2\repository\org\springframework\boot\spring-boot-starter\4.0.3\spring-boot-starter-4.0.3.jar;C:\Users\dell\.m2\repository\org\springframework\boot\spring-boot-starter-logging\4.0.3\spring-boot-starter-logging-4.0.3.jar;C:\Users\dell\.m2\repository\ch\qos\logback\logback-classic\1.5.32\logback-classic-1.5.32.jar;C:\Users\dell\.m2\repository\ch\qos\logback\logback-core\1.5.32\logback-core-1.5.32.jar;C:\Users\dell\.m2\repository\org\apache\logging\log4j\log4j-to-slf4j\2.25.3\log4j-to-slf4j-2.25.3.jar;C:\Users\dell\.m2\repository\org\apache\logging\log4j\log4j-api\2.25.3\log4j-api-2.25.3.jar;C:\Users\dell\.m2\repository\org\slf4j\jul-to-slf4j\2.0.17\jul-to-slf4j-2.0.17.jar;C:\Users\dell\.m2\repository\jakarta\annotation\jakarta.annotation-api\3.0.0\jakarta.annotation-api-3.0.0.jar;C:\Users\dell\.m2\repository\org\yaml\snakeyaml\2.5\snakeyaml-2.5.jar;C:\Users\dell\.m2\repository\org\springframework\boot\spring-boot-starter-jdbc\4.0.3\spring-boot-starter-jdbc-4.0.3.jar;C:\Users\dell\.m2\repository\com\zaxxer\HikariCP\7.0.2\HikariCP-7.0.2.jar;C:\Users\dell\.m2\repository\org\springframework\boot\spring-boot-data-jpa\4.0.3\spring-boot-data-jpa-4.0.3.jar;C:\Users\dell\.m2\repository\org\springframework\boot\spring-boot-data-commons\4.0.3\spring-boot-data-commons-4.0.3.jar;C:\Users\dell\.m2\repository\org\springframework\boot\spring-boot-persistence\4.0.3\spring-boot-persistence-4.0.3.jar;C:\Users\dell\.m2\repository\org\springframework\data\spring-data-commons\4.0.3\spring-data-commons-4.0.3.jar;C:\Users\dell\.m2\repository\org\springframework\boot\spring-boot-hibernate\4.0.3\spring-boot-hibernate-4.0.3.jar;C:\Users\dell\.m2\repository\org\springframework\boot\spring-boot-jpa\4.0.3\spring-boot-jpa-4.0.3.jar;C:\Users\dell\.m2\repository\jakarta\persistence\jakarta.persistence-a
Launcher Type: SUN_STANDARD

[Global flags]
     intx CICompilerCount                          = 4                                         {product} {ergonomic}
     uint ConcGCThreads                            = 2                                         {product} {ergonomic}
     uint G1ConcRefinementThreads                  = 8                                         {product} {ergonomic}
   size_t G1HeapRegionSize                         = 2097152                                   {product} {ergonomic}
    uintx GCDrainStackTargetSize                   = 64                                        {product} {ergonomic}
   size_t InitialHeapSize                          = 264241152                                 {product} {ergonomic}
     bool ManagementServer                         = true                                      {product} {command line}
   size_t MarkStackSize                            = 4194304                                   {product} {ergonomic}
   size_t MaxHeapSize                              = 4223664128                                {product} {ergonomic}
   size_t MaxNewSize                               = 2533359616                                {product} {ergonomic}
   size_t MinHeapDeltaBytes                        = 2097152                                   {product} {ergonomic}
   size_t MinHeapSize                              = 8388608                                   {product} {ergonomic}
    uintx NonProfiledCodeHeapSize                  = 0                                      {pd product} {ergonomic}
     bool ProfileInterpreter                       = false                                  {pd product} {command line}
    uintx ProfiledCodeHeapSize                     = 0                                      {pd product} {ergonomic}
   size_t SoftMaxHeapSize                          = 4223664128                             {manageable} {ergonomic}
     intx TieredStopAtLevel                        = 1                                         {product} {command line}
     bool UseCompressedClassPointers               = true                           {product lp64_product} {ergonomic}
     bool UseCompressedOops                        = true                           {product lp64_product} {ergonomic}
     bool UseG1GC                                  = true                                      {product} {ergonomic}
     bool UseLargePagesIndividualAllocation        = false                                  {pd product} {ergonomic}

Logging:
Log output configuration:
 #0: stdout all=warning uptime,level,tags
 #1: stderr all=off uptime,level,tags

Environment Variables:
JAVA_HOME=C:\Program Files\Eclipse Adoptium\jdk-17.0.17.10-hotspot
PATH=C:\xamp8;C:\Program Files\Eclipse Adoptium\jdk-17.0.17.10-hotspot\bin;C:\PySchool\3.10-32-bit\Scripts;C:\PySchool\3.10-32-bit;C:\WINDOWS\system32;C:\WINDOWS;C:\WINDOWS\System32\Wbem;C:\WINDOWS\System32\WindowsPowerShell\v1.0\;C:\WINDOWS\System32\OpenSSH\;C:\Program Files\Java\jdk-11.0.13\bin;C:\HashiCorp\Vagrant\bin;C:\Program Files\Docker\Docker\resources\bin;C:\ProgramData\DockerDesktop\version-bin;C:\WINDOWS\system32;C:\WINDOWS;C:\WINDOWS\System32\Wbem;C:\WINDOWS\System32\WindowsPowerShell\v1.0\;C:\WINDOWS\System32\OpenSSH\;C:\Program Files\MATLAB\R2024b\bin;C:\Program Files\nodejs\;C:\Program Files\Git\cmd;C:\semestre2\tp1\jdk-8u202-windows-x64.exe;C:\Program Files\Java\jdk1.8.0_202\bin;C:\Users\dell\scoop\shims;C:\Users\dell\scoop\shims;C:\Users\dell\AppData\Local\Microsoft\WindowsApps;C:\Program Files (x86)\apache-maven-3.8.4\bin;C:\Program Files\Heroku\bin;C:\Users\dell\AppData\Local\Programs\Microsoft VS Code\bin;C:\Program Files\Eclipse Adoptium\jdk-17.0.17.10-hotspot;;C:\Users\dell\AppData\Roaming\npm;C:\Program Files\Java\jdk1.8.0_202\bin;C:\Program Files\Eclipse Adoptium\jdk-17.0.17.10-hotspot;C:\xamp8;C:\Users\dell\AppData\Roaming\Composer\vendor\bin
USERNAME=dell
OS=Windows_NT
PROCESSOR_IDENTIFIER=Intel64 Family 6 Model 140 Stepping 1, GenuineIntel



---------------  S Y S T E M  ---------------

OS:
 Windows 11 , 64 bit Build 22621 (10.0.22621.5415)
OS uptime: 0 days 4:12 hours
Hyper-V role detected

CPU: total 8 (initial active 8) (4 cores per cpu, 2 threads per core) family 6 model 140 stepping 1 microcode 0xbc, cx8, cmov, fxsr, ht, mmx, 3dnowpref, sse, sse2, sse3, ssse3, sse4.1, sse4.2, popcnt, lzcnt, tsc, tscinvbit, avx, avx2, aes, erms, clmul, bmi1, bmi2, adx, avx512f, avx512dq, avx512cd, avx512bw, avx512vl, sha, fma, vzeroupper, avx512_vpopcntdq, avx512_vpclmulqdq, avx512_vaes, avx512_vnni, clflush, clflushopt, clwb, avx512_vbmi2, avx512_vbmi, hv

Memory: 4k page, system-wide physical 16110M (3851M free)
TotalPageFile size 16110M (AvailPageFile size 255M)
current process WorkingSet (physical memory assigned to process): 620M, peak: 620M
current process commit charge ("private bytes"): 678M, peak: 938M

vm_info: OpenJDK 64-Bit Server VM (17.0.2+8-86) for windows-amd64 JRE (17.0.2+8-86), built on Dec  7 2021 21:49:10 by "mach5one" with MS VC++ 16.8 / 16.9 (VS2019)

END.
