#
# There is insufficient memory for the Java Runtime Environment to continue.
# Native memory allocation (mmap) failed to map 408944640 bytes for G1 virtual space
# Possible reasons:
#   The system is out of physical RAM or swap space
#   The process is running with CompressedOops enabled, and the Java Heap may be blocking the growth of the native heap
# Possible solutions:
#   Reduce memory load on the system
#   Increase physical memory or swap space
#   Check if swap backing store is full
#   Decrease Java heap size (-Xmx/-Xms)
#   Decrease number of Java threads
#   Decrease Java thread stack sizes (-Xss)
#   Set larger code cache with -XX:ReservedCodeCacheSize=
#   JVM is running with Zero Based Compressed Oops mode in which the Java heap is
#     placed in the first 32GB address space. The Java Heap base address is the
#     maximum limit for the native heap growth. Please use -XX:HeapBaseMinAddress
#     to set the Java Heap base and to place the Java Heap above 32GB virtual address.
# This output file may be truncated or incomplete.
#
#  Out of Memory Error (os_windows.cpp:3532), pid=6024, tid=732
#
# JRE version: OpenJDK Runtime Environment (17.0.2+8) (build 17.0.2+8-86)
# Java VM: OpenJDK 64-Bit Server VM (17.0.2+8-86, mixed mode, emulated-client, sharing, tiered, compressed oops, compressed class ptrs, g1 gc, windows-amd64)
# No core dump will be written. Minidumps are not enabled by default on client versions of Windows
#

---------------  S U M M A R Y ------------

Command Line: -XX:TieredStopAtLevel=1 -Xverify:none -Dspring.output.ansi.enabled=always -Dcom.sun.management.jmxremote -Dspring.jmx.enabled=true -Dspring.liveBeansView.mbeanDomain -Dspring.application.admin.enabled=true -javaagent:C:\Users\dell\AppData\Local\JetBrains\IntelliJ IDEA 2021.3.1\lib\idea_rt.jar=63329:C:\Users\dell\AppData\Local\JetBrains\IntelliJ IDEA 2021.3.1\bin -Dfile.encoding=UTF-8 com.example.parfums22.Parfums22Application

Host: 11th Gen Intel(R) Core(TM) i5-1135G7 @ 2.40GHz, 8 cores, 15G,  Windows 11 , 64 bit Build 22621 (10.0.22621.5415)
Time: Sun Feb 22 14:28:49 2026 Paris, Madrid elapsed time: 17.594195 seconds (0d 0h 0m 17s)

---------------  T H R E A D  ---------------

Current thread (0x000001e36f7859f0):  VMThread "VM Thread" [stack: 0x0000001f01100000,0x0000001f01200000] [id=732]

Stack: [0x0000001f01100000,0x0000001f01200000]
Native frames: (J=compiled Java code, j=interpreted, Vv=VM code, C=native code)
V  [jvm.dll+0x670baa]
V  [jvm.dll+0x7cfcb4]
V  [jvm.dll+0x7d145e]
V  [jvm.dll+0x7d1ac3]
V  [jvm.dll+0x242bc5]
V  [jvm.dll+0x66dac9]
V  [jvm.dll+0x662412]
V  [jvm.dll+0x300c0b]
V  [jvm.dll+0x3081a6]
V  [jvm.dll+0x357d0e]
V  [jvm.dll+0x357f3f]
V  [jvm.dll+0x2d7ec8]
V  [jvm.dll+0x2d6194]
V  [jvm.dll+0x2d579c]
V  [jvm.dll+0x3190eb]
V  [jvm.dll+0x7d5f9b]
V  [jvm.dll+0x7d6cd4]
V  [jvm.dll+0x7d71ec]
V  [jvm.dll+0x7d75c4]
V  [jvm.dll+0x7d7690]
V  [jvm.dll+0x77ff7a]
V  [jvm.dll+0x66fa35]
C  [ucrtbase.dll+0x29333]
C  [KERNEL32.DLL+0x1259d]
C  [ntdll.dll+0x5af78]

VM_Operation (0x0000001f03e4a840): G1CollectForAllocation, mode: safepoint, requested by thread 0x000001e3740263b0


---------------  P R O C E S S  ---------------

Threads class SMR info:
_java_thread_list=0x000001e374953730, length=43, elements={
0x000001e36f78d490, 0x000001e36f790050, 0x000001e36f79d190, 0x000001e36f79dd40,
0x000001e36f79f900, 0x000001e36f7a42d0, 0x000001e36f7a4d30, 0x000001e36f7a5720,
0x000001e3701ae9a0, 0x000001e370723f60, 0x000001e370724430, 0x000001e3708479f0,
0x000001e37139d040, 0x000001e3714169c0, 0x000001e37137f2b0, 0x000001e371420be0,
0x000001e371420710, 0x000001e371420240, 0x000001e37141f3d0, 0x000001e371421580,
0x000001e3714223f0, 0x000001e37141f8a0, 0x000001e3714228c0, 0x000001e37141ef00,
0x000001e37141fd70, 0x000001e374025540, 0x000001e374029d70, 0x000001e3740263b0,
0x000001e374028a30, 0x000001e37402bf20, 0x000001e374025ee0, 0x000001e37402a240,
0x000001e37402b0b0, 0x000001e374028560, 0x000001e374026880, 0x000001e374026d50,
0x000001e374025a10, 0x000001e37402abe0, 0x000001e374027220, 0x000001e3740276f0,
0x000001e374025070, 0x000001e374028090, 0x000001e370c6e510
}

Java Threads: ( => current thread )
  0x000001e36f78d490 JavaThread "Reference Handler" daemon [_thread_blocked, id=11660, stack(0x0000001f01200000,0x0000001f01300000)]
  0x000001e36f790050 JavaThread "Finalizer" daemon [_thread_blocked, id=3060, stack(0x0000001f01300000,0x0000001f01400000)]
  0x000001e36f79d190 JavaThread "Signal Dispatcher" daemon [_thread_blocked, id=12268, stack(0x0000001f01400000,0x0000001f01500000)]
  0x000001e36f79dd40 JavaThread "Attach Listener" daemon [_thread_blocked, id=16184, stack(0x0000001f01500000,0x0000001f01600000)]
  0x000001e36f79f900 JavaThread "Service Thread" daemon [_thread_blocked, id=13656, stack(0x0000001f01600000,0x0000001f01700000)]
  0x000001e36f7a42d0 JavaThread "Monitor Deflation Thread" daemon [_thread_blocked, id=11628, stack(0x0000001f01700000,0x0000001f01800000)]
  0x000001e36f7a4d30 JavaThread "C1 CompilerThread0" daemon [_thread_blocked, id=11236, stack(0x0000001f01800000,0x0000001f01900000)]
  0x000001e36f7a5720 JavaThread "Sweeper thread" daemon [_thread_blocked, id=9792, stack(0x0000001f01900000,0x0000001f01a00000)]
  0x000001e3701ae9a0 JavaThread "Common-Cleaner" daemon [_thread_blocked, id=12788, stack(0x0000001f01a00000,0x0000001f01b00000)]
  0x000001e370723f60 JavaThread "Monitor Ctrl-Break" daemon [_thread_in_native, id=6196, stack(0x0000001f01e00000,0x0000001f01f00000)]
  0x000001e370724430 JavaThread "Notification Thread" daemon [_thread_blocked, id=9672, stack(0x0000001f01f00000,0x0000001f02000000)]
  0x000001e3708479f0 JavaThread "RMI TCP Accept-0" daemon [_thread_in_native, id=12600, stack(0x0000001f02000000,0x0000001f02100000)]
  0x000001e37139d040 JavaThread "ForkJoinPool.commonPool-worker-1" daemon [_thread_blocked, id=12460, stack(0x0000001f02d00000,0x0000001f02e00000)]
  0x000001e3714169c0 JavaThread "ForkJoinPool.commonPool-worker-3" daemon [_thread_blocked, id=15720, stack(0x0000001f02e00000,0x0000001f02f00000)]
  0x000001e37137f2b0 JavaThread "ForkJoinPool.commonPool-worker-2" daemon [_thread_blocked, id=13828, stack(0x0000001f02f00000,0x0000001f03000000)]
  0x000001e371420be0 JavaThread "ForkJoinPool.commonPool-worker-4" daemon [_thread_blocked, id=2884, stack(0x0000001f03000000,0x0000001f03100000)]
  0x000001e371420710 JavaThread "ForkJoinPool.commonPool-worker-5" daemon [_thread_blocked, id=16620, stack(0x0000001f03100000,0x0000001f03200000)]
  0x000001e371420240 JavaThread "ForkJoinPool.commonPool-worker-6" daemon [_thread_blocked, id=15136, stack(0x0000001f03200000,0x0000001f03300000)]
  0x000001e37141f3d0 JavaThread "RMI TCP Connection(1)-172.20.10.2" daemon [_thread_in_native, id=7356, stack(0x0000001f03300000,0x0000001f03400000)]
  0x000001e371421580 JavaThread "RMI Scheduler(0)" daemon [_thread_blocked, id=10308, stack(0x0000001f03400000,0x0000001f03500000)]
  0x000001e3714223f0 JavaThread "Catalina-utility-1" [_thread_blocked, id=780, stack(0x0000001f03500000,0x0000001f03600000)]
  0x000001e37141f8a0 JavaThread "Catalina-utility-2" [_thread_blocked, id=4864, stack(0x0000001f03600000,0x0000001f03700000)]
  0x000001e3714228c0 JavaThread "container-0" [_thread_blocked, id=6788, stack(0x0000001f03700000,0x0000001f03800000)]
  0x000001e37141ef00 JavaThread "mysql-cj-abandoned-connection-cleanup" daemon [_thread_blocked, id=1788, stack(0x0000001f03800000,0x0000001f03900000)]
  0x000001e37141fd70 JavaThread "HikariPool-1:housekeeper" daemon [_thread_blocked, id=9604, stack(0x0000001f03a00000,0x0000001f03b00000)]
  0x000001e374025540 JavaThread "PIC-Cleaner" daemon [_thread_blocked, id=16340, stack(0x0000001f03c00000,0x0000001f03d00000)]
  0x000001e374029d70 JavaThread "File Watcher" daemon [_thread_blocked, id=19040, stack(0x0000001f03d00000,0x0000001f03e00000)]
  0x000001e3740263b0 JavaThread "http-nio-8081-exec-1" daemon [_thread_blocked, id=13572, stack(0x0000001f03e00000,0x0000001f03f00000)]
  0x000001e374028a30 JavaThread "http-nio-8081-exec-2" daemon [_thread_blocked, id=14948, stack(0x0000001f03f00000,0x0000001f04000000)]
  0x000001e37402bf20 JavaThread "http-nio-8081-exec-3" daemon [_thread_blocked, id=12852, stack(0x0000001f04000000,0x0000001f04100000)]
  0x000001e374025ee0 JavaThread "http-nio-8081-exec-4" daemon [_thread_blocked, id=8964, stack(0x0000001f04100000,0x0000001f04200000)]
  0x000001e37402a240 JavaThread "http-nio-8081-exec-5" daemon [_thread_blocked, id=2916, stack(0x0000001f04200000,0x0000001f04300000)]
  0x000001e37402b0b0 JavaThread "http-nio-8081-exec-6" daemon [_thread_blocked, id=11540, stack(0x0000001f04300000,0x0000001f04400000)]
  0x000001e374028560 JavaThread "http-nio-8081-exec-7" daemon [_thread_blocked, id=18880, stack(0x0000001f04400000,0x0000001f04500000)]
  0x000001e374026880 JavaThread "http-nio-8081-exec-8" daemon [_thread_blocked, id=15628, stack(0x0000001f04500000,0x0000001f04600000)]
  0x000001e374026d50 JavaThread "http-nio-8081-exec-9" daemon [_thread_blocked, id=14832, stack(0x0000001f04600000,0x0000001f04700000)]
  0x000001e374025a10 JavaThread "http-nio-8081-exec-10" daemon [_thread_blocked, id=17500, stack(0x0000001f04700000,0x0000001f04800000)]
  0x000001e37402abe0 JavaThread "http-nio-8081-Poller" daemon [_thread_in_native, id=15548, stack(0x0000001f04800000,0x0000001f04900000)]
  0x000001e374027220 JavaThread "http-nio-8081-Acceptor" daemon [_thread_in_native, id=8548, stack(0x0000001f04900000,0x0000001f04a00000)]
  0x000001e3740276f0 JavaThread "DestroyJavaVM" [_thread_blocked, id=7716, stack(0x0000001f00b00000,0x0000001f00c00000)]
  0x000001e374025070 JavaThread "RMI TCP Connection(2)-172.20.10.2" daemon [_thread_in_native, id=792, stack(0x0000001f02900000,0x0000001f02a00000)]
  0x000001e374028090 JavaThread "RMI TCP Connection(3)-172.20.10.2" daemon [_thread_in_native, id=2072, stack(0x0000001f02a00000,0x0000001f02b00000)]
  0x000001e370c6e510 JavaThread "C1 CompilerThread1" daemon [_thread_blocked, id=2340, stack(0x0000001f01b00000,0x0000001f01c00000)]

Other Threads:
=>0x000001e36f7859f0 VMThread "VM Thread" [stack: 0x0000001f01100000,0x0000001f01200000] [id=732]
  0x000001e356e37f10 WatcherThread [stack: 0x0000001f02100000,0x0000001f02200000] [id=9620]
  0x000001e356e87cc0 GCTaskThread "GC Thread#0" [stack: 0x0000001f00c00000,0x0000001f00d00000] [id=15780]
  0x000001e370aa89c0 GCTaskThread "GC Thread#1" [stack: 0x0000001f02200000,0x0000001f02300000] [id=1832]
  0x000001e370aa8c70 GCTaskThread "GC Thread#2" [stack: 0x0000001f02300000,0x0000001f02400000] [id=4552]
  0x000001e370aa8f20 GCTaskThread "GC Thread#3" [stack: 0x0000001f02400000,0x0000001f02500000] [id=4012]
  0x000001e370aa91d0 GCTaskThread "GC Thread#4" [stack: 0x0000001f02500000,0x0000001f02600000] [id=16888]
  0x000001e370c0b540 GCTaskThread "GC Thread#5" [stack: 0x0000001f02600000,0x0000001f02700000] [id=3556]
  0x000001e370c30f50 GCTaskThread "GC Thread#6" [stack: 0x0000001f02700000,0x0000001f02800000] [id=8232]
  0x000001e37123c3f0 GCTaskThread "GC Thread#7" [stack: 0x0000001f02b00000,0x0000001f02c00000] [id=7416]
  0x000001e356e987c0 ConcurrentGCThread "G1 Main Marker" [stack: 0x0000001f00d00000,0x0000001f00e00000] [id=18596]
  0x000001e356e991d0 ConcurrentGCThread "G1 Conc#0" [stack: 0x0000001f00e00000,0x0000001f00f00000] [id=11912]
  0x000001e3717f25b0 ConcurrentGCThread "G1 Conc#1" [stack: 0x0000001f02c00000,0x0000001f02d00000] [id=13456]
  0x000001e36f6440f0 ConcurrentGCThread "G1 Refine#0" [stack: 0x0000001f00f00000,0x0000001f01000000] [id=1804]
  0x000001e370c31410 ConcurrentGCThread "G1 Refine#1" [stack: 0x0000001f02800000,0x0000001f02900000] [id=18576]
  0x000001e36f644b10 ConcurrentGCThread "G1 Service" [stack: 0x0000001f01000000,0x0000001f01100000] [id=19280]

Threads with active compile tasks:

VM state: at safepoint (normal execution)

VM Mutex/Monitor currently owned by a thread:  ([mutex/lock_event])
[0x000001e356e324b0] Threads_lock - owner thread: 0x000001e36f7859f0
[0x000001e356e33590] Heap_lock - owner thread: 0x000001e3740263b0

Heap address: 0x0000000704400000, size: 4028 MB, Compressed Oops mode: Zero based, Oop shift amount: 3

CDS archive(s) mapped at: [0x0000000800000000-0x0000000800bc0000-0x0000000800bc0000), size 12320768, SharedBaseAddress: 0x0000000800000000, ArchiveRelocationMode: 0.
Compressed class space mapped at: 0x0000000800c00000-0x0000000840c00000, reserved size: 1073741824
Narrow klass base: 0x0000000800000000, Narrow klass shift: 0, Narrow klass range: 0x100000000

GC Precious Log:
 CPUs: 8 total, 8 available
 Memory: 16110M
 Large Page Support: Disabled
 NUMA Support: Disabled
 Compressed Oops: Enabled (Zero based)
 Heap Region Size: 2M
 Heap Min Capacity: 8M
 Heap Initial Capacity: 252M
 Heap Max Capacity: 4028M
 Pre-touch: Disabled
 Parallel Workers: 8
 Concurrent Workers: 2
 Concurrent Refinement Workers: 8
 Periodic GC: Disabled

Heap:
 garbage-first heap   total 659456K, used 57650K [0x0000000704400000, 0x0000000800000000)
  region size 2048K, 7 young (14336K), 7 survivors (14336K)
 Metaspace       used 71476K, committed 72192K, reserved 1114112K
  class space    used 10048K, committed 10368K, reserved 1048576K

Heap Regions: E=young(eden), S=young(survivor), O=old, HS=humongous(starts), HC=humongous(continues), CS=collection set, F=free, OA=open archive, CA=closed archive, TAMS=top-at-mark-start (previous, next)
|   0|0x0000000704400000, 0x0000000704600000, 0x0000000704600000|100%| O|  |TAMS 0x0000000704600000, 0x0000000704400000| Untracked 
|   1|0x0000000704600000, 0x0000000704800000, 0x0000000704800000|100%| O|  |TAMS 0x0000000704800000, 0x0000000704600000| Untracked 
|   2|0x0000000704800000, 0x0000000704a00000, 0x0000000704a00000|100%| O|  |TAMS 0x0000000704a00000, 0x0000000704800000| Untracked 
|   3|0x0000000704a00000, 0x0000000704c00000, 0x0000000704c00000|100%| O|  |TAMS 0x0000000704c00000, 0x0000000704a00000| Untracked 
|   4|0x0000000704c00000, 0x0000000704c00000, 0x0000000704e00000|  0%| F|  |TAMS 0x0000000704c00000, 0x0000000704c00000| Untracked 
|   5|0x0000000704e00000, 0x0000000705000000, 0x0000000705000000|100%| O|  |TAMS 0x0000000705000000, 0x0000000704e00000| Untracked 
|   6|0x0000000705000000, 0x0000000705200000, 0x0000000705200000|100%| O|  |TAMS 0x0000000705200000, 0x0000000705000000| Untracked 
|   7|0x0000000705200000, 0x0000000705400000, 0x0000000705400000|100%| O|  |TAMS 0x0000000705400000, 0x0000000705200000| Untracked 
|   8|0x0000000705400000, 0x0000000705600000, 0x0000000705600000|100%| O|  |TAMS 0x0000000705600000, 0x0000000705400000| Untracked 
|   9|0x0000000705600000, 0x0000000705800000, 0x0000000705800000|100%| O|  |TAMS 0x0000000705800000, 0x0000000705600000| Untracked 
|  10|0x0000000705800000, 0x0000000705a00000, 0x0000000705a00000|100%| O|  |TAMS 0x0000000705a00000, 0x0000000705800000| Untracked 
|  11|0x0000000705a00000, 0x0000000705c00000, 0x0000000705c00000|100%| O|  |TAMS 0x0000000705c00000, 0x0000000705a00000| Untracked 
|  12|0x0000000705c00000, 0x0000000705e00000, 0x0000000705e00000|100%| O|  |TAMS 0x0000000705e00000, 0x0000000705c00000| Untracked 
|  13|0x0000000705e00000, 0x0000000706000000, 0x0000000706000000|100%| O|  |TAMS 0x0000000705e00000, 0x0000000705e00000| Untracked 
|  14|0x0000000706000000, 0x0000000706200000, 0x0000000706200000|100%| O|  |TAMS 0x0000000706200000, 0x0000000706000000| Untracked 
|  15|0x0000000706200000, 0x0000000706400000, 0x0000000706400000|100%| O|  |TAMS 0x0000000706400000, 0x0000000706200000| Untracked 
|  16|0x0000000706400000, 0x0000000706600000, 0x0000000706600000|100%| O|  |TAMS 0x0000000706600000, 0x0000000706400000| Untracked 
|  17|0x0000000706600000, 0x0000000706800000, 0x0000000706800000|100%| O|  |TAMS 0x0000000706800000, 0x0000000706600000| Untracked 
|  18|0x0000000706800000, 0x0000000706a00000, 0x0000000706a00000|100%| O|  |TAMS 0x0000000706a00000, 0x0000000706800000| Untracked 
|  19|0x0000000706a00000, 0x0000000706c00000, 0x0000000706c00000|100%| O|  |TAMS 0x0000000706a00000, 0x0000000706a00000| Untracked 
|  20|0x0000000706c00000, 0x0000000706e00000, 0x0000000706e00000|100%| O|  |TAMS 0x0000000706c00000, 0x0000000706c00000| Untracked 
|  21|0x0000000706e00000, 0x0000000706e4ca00, 0x0000000707000000| 14%| O|  |TAMS 0x0000000706e00000, 0x0000000706e00000| Untracked 
|  22|0x0000000707000000, 0x0000000707000000, 0x0000000707200000|  0%| F|  |TAMS 0x0000000707000000, 0x0000000707000000| Untracked 
|  23|0x0000000707200000, 0x0000000707200000, 0x0000000707400000|  0%| F|  |TAMS 0x0000000707200000, 0x0000000707200000| Untracked 
|  24|0x0000000707400000, 0x0000000707600000, 0x0000000707600000|100%| O|  |TAMS 0x000000070749e600, 0x0000000707400000| Untracked 
|  25|0x0000000707600000, 0x0000000707600000, 0x0000000707800000|  0%| F|  |TAMS 0x0000000707600000, 0x0000000707600000| Untracked 
|  26|0x0000000707800000, 0x0000000707800000, 0x0000000707a00000|  0%| F|  |TAMS 0x0000000707800000, 0x0000000707800000| Untracked 
|  27|0x0000000707a00000, 0x0000000707a00000, 0x0000000707c00000|  0%| F|  |TAMS 0x0000000707a00000, 0x0000000707a00000| Untracked 
|  28|0x0000000707c00000, 0x0000000707c00000, 0x0000000707e00000|  0%| F|  |TAMS 0x0000000707c00000, 0x0000000707c00000| Untracked 
|  29|0x0000000707e00000, 0x0000000707e00000, 0x0000000708000000|  0%| F|  |TAMS 0x0000000707e00000, 0x0000000707e00000| Untracked 
|  30|0x0000000708000000, 0x0000000708000000, 0x0000000708200000|  0%| F|  |TAMS 0x0000000708000000, 0x0000000708000000| Untracked 
|  31|0x0000000708200000, 0x0000000708200000, 0x0000000708400000|  0%| F|  |TAMS 0x0000000708200000, 0x0000000708200000| Untracked 
|  32|0x0000000708400000, 0x0000000708400000, 0x0000000708600000|  0%| F|  |TAMS 0x0000000708400000, 0x0000000708400000| Untracked 
|  33|0x0000000708600000, 0x0000000708600000, 0x0000000708800000|  0%| F|  |TAMS 0x0000000708600000, 0x0000000708600000| Untracked 
|  34|0x0000000708800000, 0x0000000708800000, 0x0000000708a00000|  0%| F|  |TAMS 0x0000000708800000, 0x0000000708800000| Untracked 
|  35|0x0000000708a00000, 0x0000000708a00000, 0x0000000708c00000|  0%| F|  |TAMS 0x0000000708a00000, 0x0000000708a00000| Untracked 
|  36|0x0000000708c00000, 0x0000000708c00000, 0x0000000708e00000|  0%| F|  |TAMS 0x0000000708c00000, 0x0000000708c00000| Untracked 
|  37|0x0000000708e00000, 0x0000000708e00000, 0x0000000709000000|  0%| F|  |TAMS 0x0000000708e00000, 0x0000000708e00000| Untracked 
|  38|0x0000000709000000, 0x0000000709000000, 0x0000000709200000|  0%| F|  |TAMS 0x0000000709000000, 0x0000000709000000| Untracked 
|  39|0x0000000709200000, 0x0000000709200000, 0x0000000709400000|  0%| F|  |TAMS 0x0000000709200000, 0x0000000709200000| Untracked 
|  40|0x0000000709400000, 0x0000000709400000, 0x0000000709600000|  0%| F|  |TAMS 0x0000000709400000, 0x0000000709400000| Untracked 
|  41|0x0000000709600000, 0x0000000709600000, 0x0000000709800000|  0%| F|  |TAMS 0x0000000709600000, 0x0000000709600000| Untracked 
|  42|0x0000000709800000, 0x0000000709800000, 0x0000000709a00000|  0%| F|  |TAMS 0x0000000709800000, 0x0000000709800000| Untracked 
|  43|0x0000000709a00000, 0x0000000709a00000, 0x0000000709c00000|  0%| F|  |TAMS 0x0000000709a00000, 0x0000000709a00000| Untracked 
|  44|0x0000000709c00000, 0x0000000709c00000, 0x0000000709e00000|  0%| F|  |TAMS 0x0000000709c00000, 0x0000000709c00000| Untracked 
|  45|0x0000000709e00000, 0x0000000709e00000, 0x000000070a000000|  0%| F|  |TAMS 0x0000000709e00000, 0x0000000709e00000| Untracked 
|  46|0x000000070a000000, 0x000000070a000000, 0x000000070a200000|  0%| F|  |TAMS 0x000000070a000000, 0x000000070a000000| Untracked 
|  47|0x000000070a200000, 0x000000070a200000, 0x000000070a400000|  0%| F|  |TAMS 0x000000070a200000, 0x000000070a200000| Untracked 
|  48|0x000000070a400000, 0x000000070a400000, 0x000000070a600000|  0%| F|  |TAMS 0x000000070a400000, 0x000000070a400000| Untracked 
|  49|0x000000070a600000, 0x000000070a600000, 0x000000070a800000|  0%| F|  |TAMS 0x000000070a600000, 0x000000070a600000| Untracked 
|  50|0x000000070a800000, 0x000000070a800000, 0x000000070aa00000|  0%| F|  |TAMS 0x000000070a800000, 0x000000070a800000| Untracked 
|  51|0x000000070aa00000, 0x000000070aa00000, 0x000000070ac00000|  0%| F|  |TAMS 0x000000070aa00000, 0x000000070aa00000| Untracked 
|  52|0x000000070ac00000, 0x000000070ac00000, 0x000000070ae00000|  0%| F|  |TAMS 0x000000070ac00000, 0x000000070ac00000| Untracked 
|  53|0x000000070ae00000, 0x000000070ae00000, 0x000000070b000000|  0%| F|  |TAMS 0x000000070ae00000, 0x000000070ae00000| Untracked 
|  54|0x000000070b000000, 0x000000070b000000, 0x000000070b200000|  0%| F|  |TAMS 0x000000070b000000, 0x000000070b000000| Untracked 
|  55|0x000000070b200000, 0x000000070b200000, 0x000000070b400000|  0%| F|  |TAMS 0x000000070b200000, 0x000000070b200000| Untracked 
|  56|0x000000070b400000, 0x000000070b400000, 0x000000070b600000|  0%| F|  |TAMS 0x000000070b400000, 0x000000070b400000| Untracked 
|  57|0x000000070b600000, 0x000000070b600000, 0x000000070b800000|  0%| F|  |TAMS 0x000000070b600000, 0x000000070b600000| Untracked 
|  58|0x000000070b800000, 0x000000070b800000, 0x000000070ba00000|  0%| F|  |TAMS 0x000000070b800000, 0x000000070b800000| Untracked 
|  59|0x000000070ba00000, 0x000000070ba00000, 0x000000070bc00000|  0%| F|  |TAMS 0x000000070ba00000, 0x000000070ba00000| Untracked 
|  60|0x000000070bc00000, 0x000000070bc00000, 0x000000070be00000|  0%| F|  |TAMS 0x000000070bc00000, 0x000000070bc00000| Untracked 
|  61|0x000000070be00000, 0x000000070be00000, 0x000000070c000000|  0%| F|  |TAMS 0x000000070be00000, 0x000000070be00000| Untracked 
|  62|0x000000070c000000, 0x000000070c000000, 0x000000070c200000|  0%| F|  |TAMS 0x000000070c000000, 0x000000070c000000| Untracked 
|  63|0x000000070c200000, 0x000000070c200000, 0x000000070c400000|  0%| F|  |TAMS 0x000000070c200000, 0x000000070c200000| Untracked 
|  64|0x000000070c400000, 0x000000070c400000, 0x000000070c600000|  0%| F|  |TAMS 0x000000070c400000, 0x000000070c400000| Untracked 
|  65|0x000000070c600000, 0x000000070c600000, 0x000000070c800000|  0%| F|  |TAMS 0x000000070c600000, 0x000000070c600000| Untracked 
|  66|0x000000070c800000, 0x000000070c800000, 0x000000070ca00000|  0%| F|  |TAMS 0x000000070c800000, 0x000000070c800000| Untracked 
|  67|0x000000070ca00000, 0x000000070ca00000, 0x000000070cc00000|  0%| F|  |TAMS 0x000000070ca00000, 0x000000070ca00000| Untracked 
|  68|0x000000070cc00000, 0x000000070cc00000, 0x000000070ce00000|  0%| F|  |TAMS 0x000000070cc00000, 0x000000070cc00000| Untracked 
|  69|0x000000070ce00000, 0x000000070ce00000, 0x000000070d000000|  0%| F|  |TAMS 0x000000070ce00000, 0x000000070ce00000| Untracked 
|  70|0x000000070d000000, 0x000000070d000000, 0x000000070d200000|  0%| F|  |TAMS 0x000000070d000000, 0x000000070d000000| Untracked 
|  71|0x000000070d200000, 0x000000070d200000, 0x000000070d400000|  0%| F|  |TAMS 0x000000070d200000, 0x000000070d200000| Untracked 
|  72|0x000000070d400000, 0x000000070d400000, 0x000000070d600000|  0%| F|  |TAMS 0x000000070d400000, 0x000000070d400000| Untracked 
|  73|0x000000070d600000, 0x000000070d600000, 0x000000070d800000|  0%| F|  |TAMS 0x000000070d600000, 0x000000070d600000| Untracked 
|  74|0x000000070d800000, 0x000000070d800000, 0x000000070da00000|  0%| F|  |TAMS 0x000000070d800000, 0x000000070d800000| Untracked 
|  75|0x000000070da00000, 0x000000070da00000, 0x000000070dc00000|  0%| F|  |TAMS 0x000000070da00000, 0x000000070da00000| Untracked 
|  76|0x000000070dc00000, 0x000000070dc00000, 0x000000070de00000|  0%| F|  |TAMS 0x000000070dc00000, 0x000000070dc00000| Untracked 
|  77|0x000000070de00000, 0x000000070de00000, 0x000000070e000000|  0%| F|  |TAMS 0x000000070de00000, 0x000000070de00000| Untracked 
|  78|0x000000070e000000, 0x000000070e000000, 0x000000070e200000|  0%| F|  |TAMS 0x000000070e000000, 0x000000070e000000| Untracked 
|  79|0x000000070e200000, 0x000000070e200000, 0x000000070e400000|  0%| F|  |TAMS 0x000000070e200000, 0x000000070e200000| Untracked 
|  80|0x000000070e400000, 0x000000070e400000, 0x000000070e600000|  0%| F|  |TAMS 0x000000070e400000, 0x000000070e400000| Untracked 
|  81|0x000000070e600000, 0x000000070e600000, 0x000000070e800000|  0%| F|  |TAMS 0x000000070e600000, 0x000000070e600000| Untracked 
|  82|0x000000070e800000, 0x000000070e800000, 0x000000070ea00000|  0%| F|  |TAMS 0x000000070e800000, 0x000000070e800000| Untracked 
|  83|0x000000070ea00000, 0x000000070ea00000, 0x000000070ec00000|  0%| F|  |TAMS 0x000000070ea00000, 0x000000070ea00000| Untracked 
|  84|0x000000070ec00000, 0x000000070ec00000, 0x000000070ee00000|  0%| F|  |TAMS 0x000000070ec00000, 0x000000070ec00000| Untracked 
|  85|0x000000070ee00000, 0x000000070ee00000, 0x000000070f000000|  0%| F|  |TAMS 0x000000070ee00000, 0x000000070ee00000| Untracked 
|  86|0x000000070f000000, 0x000000070f000000, 0x000000070f200000|  0%| F|  |TAMS 0x000000070f000000, 0x000000070f000000| Untracked 
|  87|0x000000070f200000, 0x000000070f200000, 0x000000070f400000|  0%| F|  |TAMS 0x000000070f200000, 0x000000070f200000| Untracked 
|  88|0x000000070f400000, 0x000000070f400000, 0x000000070f600000|  0%| F|  |TAMS 0x000000070f400000, 0x000000070f400000| Untracked 
|  89|0x000000070f600000, 0x000000070f600000, 0x000000070f800000|  0%| F|  |TAMS 0x000000070f600000, 0x000000070f600000| Untracked 
|  90|0x000000070f800000, 0x000000070f800000, 0x000000070fa00000|  0%| F|  |TAMS 0x000000070f800000, 0x000000070f800000| Untracked 
|  91|0x000000070fa00000, 0x000000070fa00000, 0x000000070fc00000|  0%| F|  |TAMS 0x000000070fa00000, 0x000000070fa00000| Untracked 
|  92|0x000000070fc00000, 0x000000070fc00000, 0x000000070fe00000|  0%| F|  |TAMS 0x000000070fc00000, 0x000000070fc00000| Untracked 
|  93|0x000000070fe00000, 0x000000070fe00000, 0x0000000710000000|  0%| F|  |TAMS 0x000000070fe00000, 0x000000070fe00000| Untracked 
|  94|0x0000000710000000, 0x0000000710000000, 0x0000000710200000|  0%| F|  |TAMS 0x0000000710000000, 0x0000000710000000| Untracked 
|  95|0x0000000710200000, 0x0000000710200000, 0x0000000710400000|  0%| F|  |TAMS 0x0000000710200000, 0x0000000710200000| Untracked 
|  96|0x0000000710400000, 0x0000000710400000, 0x0000000710600000|  0%| F|  |TAMS 0x0000000710400000, 0x0000000710400000| Untracked 
|  97|0x0000000710600000, 0x0000000710600000, 0x0000000710800000|  0%| F|  |TAMS 0x0000000710600000, 0x0000000710600000| Untracked 
|  98|0x0000000710800000, 0x0000000710800000, 0x0000000710a00000|  0%| F|  |TAMS 0x0000000710800000, 0x0000000710800000| Untracked 
|  99|0x0000000710a00000, 0x0000000710a00000, 0x0000000710c00000|  0%| F|  |TAMS 0x0000000710a00000, 0x0000000710a00000| Untracked 
| 100|0x0000000710c00000, 0x0000000710c00000, 0x0000000710e00000|  0%| F|  |TAMS 0x0000000710c00000, 0x0000000710c00000| Untracked 
| 101|0x0000000710e00000, 0x0000000710e00000, 0x0000000711000000|  0%| F|  |TAMS 0x0000000710e00000, 0x0000000710e00000| Untracked 
| 102|0x0000000711000000, 0x0000000711000000, 0x0000000711200000|  0%| F|  |TAMS 0x0000000711000000, 0x0000000711000000| Untracked 
| 103|0x0000000711200000, 0x0000000711200000, 0x0000000711400000|  0%| F|  |TAMS 0x0000000711200000, 0x0000000711200000| Untracked 
| 104|0x0000000711400000, 0x0000000711400000, 0x0000000711600000|  0%| F|  |TAMS 0x0000000711400000, 0x0000000711400000| Untracked 
| 105|0x0000000711600000, 0x0000000711600000, 0x0000000711800000|  0%| F|  |TAMS 0x0000000711600000, 0x0000000711600000| Untracked 
| 106|0x0000000711800000, 0x0000000711800000, 0x0000000711a00000|  0%| F|  |TAMS 0x0000000711800000, 0x0000000711800000| Untracked 
| 107|0x0000000711a00000, 0x0000000711a00000, 0x0000000711c00000|  0%| F|  |TAMS 0x0000000711a00000, 0x0000000711a00000| Untracked 
| 108|0x0000000711c00000, 0x0000000711c00000, 0x0000000711e00000|  0%| F|  |TAMS 0x0000000711c00000, 0x0000000711c00000| Untracked 
| 109|0x0000000711e00000, 0x0000000711e00000, 0x0000000712000000|  0%| F|  |TAMS 0x0000000711e00000, 0x0000000711e00000| Untracked 
| 110|0x0000000712000000, 0x0000000712000000, 0x0000000712200000|  0%| F|  |TAMS 0x0000000712000000, 0x0000000712000000| Untracked 
| 111|0x0000000712200000, 0x0000000712200000, 0x0000000712400000|  0%| F|  |TAMS 0x0000000712200000, 0x0000000712200000| Untracked 
| 112|0x0000000712400000, 0x0000000712400000, 0x0000000712600000|  0%| F|  |TAMS 0x0000000712400000, 0x0000000712400000| Untracked 
| 113|0x0000000712600000, 0x0000000712600000, 0x0000000712800000|  0%| F|  |TAMS 0x0000000712600000, 0x0000000712600000| Untracked 
| 114|0x0000000712800000, 0x0000000712800000, 0x0000000712a00000|  0%| F|  |TAMS 0x0000000712800000, 0x0000000712800000| Untracked 
| 115|0x0000000712a00000, 0x0000000712a00000, 0x0000000712c00000|  0%| F|  |TAMS 0x0000000712a00000, 0x0000000712a00000| Untracked 
| 116|0x0000000712c00000, 0x0000000712c00000, 0x0000000712e00000|  0%| F|  |TAMS 0x0000000712c00000, 0x0000000712c00000| Untracked 
| 117|0x0000000712e00000, 0x0000000712e00000, 0x0000000713000000|  0%| F|  |TAMS 0x0000000712e00000, 0x0000000712e00000| Untracked 
| 118|0x0000000713000000, 0x0000000713000000, 0x0000000713200000|  0%| F|  |TAMS 0x0000000713000000, 0x0000000713000000| Untracked 
| 119|0x0000000713200000, 0x0000000713200000, 0x0000000713400000|  0%| F|  |TAMS 0x0000000713200000, 0x0000000713200000| Untracked 
| 120|0x0000000713400000, 0x0000000713400000, 0x0000000713600000|  0%| F|  |TAMS 0x0000000713400000, 0x0000000713400000| Untracked 
| 121|0x0000000713600000, 0x0000000713600000, 0x0000000713800000|  0%| F|  |TAMS 0x0000000713600000, 0x0000000713600000| Untracked 
| 122|0x0000000713800000, 0x0000000713a00000, 0x0000000713a00000|100%| S|CS|TAMS 0x0000000713800000, 0x0000000713800000| Complete 
| 123|0x0000000713a00000, 0x0000000713a00000, 0x0000000713c00000|  0%| F|  |TAMS 0x0000000713a00000, 0x0000000713a00000| Untracked 
| 124|0x0000000713c00000, 0x0000000713c00000, 0x0000000713e00000|  0%| F|  |TAMS 0x0000000713c00000, 0x0000000713c00000| Untracked 
| 125|0x0000000713e00000, 0x0000000713e00000, 0x0000000714000000|  0%| F|  |TAMS 0x0000000713e00000, 0x0000000713e00000| Untracked 
| 126|0x0000000714000000, 0x0000000714000000, 0x0000000714200000|  0%| F|  |TAMS 0x0000000714000000, 0x0000000714000000| Untracked 
| 127|0x0000000714200000, 0x0000000714200000, 0x0000000714400000|  0%| F|  |TAMS 0x0000000714200000, 0x0000000714200000| Untracked 
| 128|0x0000000714400000, 0x0000000714600000, 0x0000000714600000|100%| S|CS|TAMS 0x0000000714400000, 0x0000000714400000| Complete 
| 129|0x0000000714600000, 0x0000000714800000, 0x0000000714800000|100%| S|CS|TAMS 0x0000000714600000, 0x0000000714600000| Complete 
| 130|0x0000000714800000, 0x0000000714a00000, 0x0000000714a00000|100%| S|CS|TAMS 0x0000000714800000, 0x0000000714800000| Complete 
| 131|0x0000000714a00000, 0x0000000714c00000, 0x0000000714c00000|100%| S|CS|TAMS 0x0000000714a00000, 0x0000000714a00000| Complete 
| 132|0x0000000714c00000, 0x0000000714e00000, 0x0000000714e00000|100%| S|CS|TAMS 0x0000000714c00000, 0x0000000714c00000| Complete 
| 133|0x0000000714e00000, 0x0000000714e00000, 0x0000000715000000|  0%| F|  |TAMS 0x0000000714e00000, 0x0000000714e00000| Untracked 
| 134|0x0000000715000000, 0x0000000715200000, 0x0000000715200000|100%| S|CS|TAMS 0x0000000715000000, 0x0000000715000000| Complete 
| 135|0x0000000715200000, 0x0000000715200000, 0x0000000715400000|  0%| F|  |TAMS 0x0000000715200000, 0x0000000715200000| Untracked 
| 136|0x0000000715400000, 0x0000000715400000, 0x0000000715600000|  0%| F|  |TAMS 0x0000000715400000, 0x0000000715400000| Untracked 
| 137|0x0000000715600000, 0x0000000715600000, 0x0000000715800000|  0%| F|  |TAMS 0x0000000715600000, 0x0000000715600000| Untracked 
| 138|0x0000000715800000, 0x0000000715800000, 0x0000000715a00000|  0%| F|  |TAMS 0x0000000715800000, 0x0000000715800000| Untracked 
| 139|0x0000000715a00000, 0x0000000715a00000, 0x0000000715c00000|  0%| F|  |TAMS 0x0000000715a00000, 0x0000000715a00000| Untracked 
| 140|0x0000000715c00000, 0x0000000715c00000, 0x0000000715e00000|  0%| F|  |TAMS 0x0000000715c00000, 0x0000000715c00000| Untracked 
| 141|0x0000000715e00000, 0x0000000715e00000, 0x0000000716000000|  0%| F|  |TAMS 0x0000000715e00000, 0x0000000715e00000| Untracked 
| 142|0x0000000716000000, 0x0000000716000000, 0x0000000716200000|  0%| F|  |TAMS 0x0000000716000000, 0x0000000716000000| Untracked 
| 143|0x0000000716200000, 0x0000000716200000, 0x0000000716400000|  0%| F|  |TAMS 0x0000000716200000, 0x0000000716200000| Untracked 
| 144|0x0000000716400000, 0x0000000716400000, 0x0000000716600000|  0%| F|  |TAMS 0x0000000716400000, 0x0000000716400000| Untracked 
| 145|0x0000000716600000, 0x0000000716600000, 0x0000000716800000|  0%| F|  |TAMS 0x0000000716600000, 0x0000000716600000| Untracked 
| 146|0x0000000716800000, 0x0000000716800000, 0x0000000716a00000|  0%| F|  |TAMS 0x0000000716800000, 0x0000000716800000| Untracked 
| 147|0x0000000716a00000, 0x0000000716a00000, 0x0000000716c00000|  0%| F|  |TAMS 0x0000000716a00000, 0x0000000716a00000| Untracked 
| 148|0x0000000716c00000, 0x0000000716c00000, 0x0000000716e00000|  0%| F|  |TAMS 0x0000000716c00000, 0x0000000716c00000| Untracked 
| 149|0x0000000716e00000, 0x0000000716e00000, 0x0000000717000000|  0%| F|  |TAMS 0x0000000716e00000, 0x0000000716e00000| Untracked 
| 150|0x0000000717000000, 0x0000000717000000, 0x0000000717200000|  0%| F|  |TAMS 0x0000000717000000, 0x0000000717000000| Untracked 
| 151|0x0000000717200000, 0x0000000717200000, 0x0000000717400000|  0%| F|  |TAMS 0x0000000717200000, 0x0000000717200000| Untracked 
| 152|0x0000000717400000, 0x0000000717400000, 0x0000000717600000|  0%| F|  |TAMS 0x0000000717400000, 0x0000000717400000| Untracked 
| 153|0x0000000717600000, 0x0000000717600000, 0x0000000717800000|  0%| F|  |TAMS 0x0000000717600000, 0x0000000717600000| Untracked 
| 154|0x0000000717800000, 0x0000000717800000, 0x0000000717a00000|  0%| F|  |TAMS 0x0000000717800000, 0x0000000717800000| Untracked 
| 155|0x0000000717a00000, 0x0000000717a00000, 0x0000000717c00000|  0%| F|  |TAMS 0x0000000717a00000, 0x0000000717a00000| Untracked 
| 156|0x0000000717c00000, 0x0000000717c00000, 0x0000000717e00000|  0%| F|  |TAMS 0x0000000717c00000, 0x0000000717c00000| Untracked 
| 157|0x0000000717e00000, 0x0000000717e00000, 0x0000000718000000|  0%| F|  |TAMS 0x0000000717e00000, 0x0000000717e00000| Untracked 
| 158|0x0000000718000000, 0x0000000718000000, 0x0000000718200000|  0%| F|  |TAMS 0x0000000718000000, 0x0000000718000000| Untracked 
| 159|0x0000000718200000, 0x0000000718200000, 0x0000000718400000|  0%| F|  |TAMS 0x0000000718200000, 0x0000000718200000| Untracked 
| 160|0x0000000718400000, 0x0000000718400000, 0x0000000718600000|  0%| F|  |TAMS 0x0000000718400000, 0x0000000718400000| Untracked 
| 161|0x0000000718600000, 0x0000000718600000, 0x0000000718800000|  0%| F|  |TAMS 0x0000000718600000, 0x0000000718600000| Untracked 
| 162|0x0000000718800000, 0x0000000718800000, 0x0000000718a00000|  0%| F|  |TAMS 0x0000000718800000, 0x0000000718800000| Untracked 
| 163|0x0000000718a00000, 0x0000000718a00000, 0x0000000718c00000|  0%| F|  |TAMS 0x0000000718a00000, 0x0000000718a00000| Untracked 
| 164|0x0000000718c00000, 0x0000000718c00000, 0x0000000718e00000|  0%| F|  |TAMS 0x0000000718c00000, 0x0000000718c00000| Untracked 
| 165|0x0000000718e00000, 0x0000000718e00000, 0x0000000719000000|  0%| F|  |TAMS 0x0000000718e00000, 0x0000000718e00000| Untracked 
| 166|0x0000000719000000, 0x0000000719000000, 0x0000000719200000|  0%| F|  |TAMS 0x0000000719000000, 0x0000000719000000| Untracked 
| 167|0x0000000719200000, 0x0000000719200000, 0x0000000719400000|  0%| F|  |TAMS 0x0000000719200000, 0x0000000719200000| Untracked 
| 168|0x0000000719400000, 0x0000000719400000, 0x0000000719600000|  0%| F|  |TAMS 0x0000000719400000, 0x0000000719400000| Untracked 
| 169|0x0000000719600000, 0x0000000719600000, 0x0000000719800000|  0%| F|  |TAMS 0x0000000719600000, 0x0000000719600000| Untracked 
| 170|0x0000000719800000, 0x0000000719800000, 0x0000000719a00000|  0%| F|  |TAMS 0x0000000719800000, 0x0000000719800000| Untracked 
| 171|0x0000000719a00000, 0x0000000719a00000, 0x0000000719c00000|  0%| F|  |TAMS 0x0000000719a00000, 0x0000000719a00000| Untracked 
| 172|0x0000000719c00000, 0x0000000719c00000, 0x0000000719e00000|  0%| F|  |TAMS 0x0000000719c00000, 0x0000000719c00000| Untracked 
| 173|0x0000000719e00000, 0x0000000719e00000, 0x000000071a000000|  0%| F|  |TAMS 0x0000000719e00000, 0x0000000719e00000| Untracked 
| 174|0x000000071a000000, 0x000000071a000000, 0x000000071a200000|  0%| F|  |TAMS 0x000000071a000000, 0x000000071a000000| Untracked 
| 175|0x000000071a200000, 0x000000071a200000, 0x000000071a400000|  0%| F|  |TAMS 0x000000071a200000, 0x000000071a200000| Untracked 
| 176|0x000000071a400000, 0x000000071a400000, 0x000000071a600000|  0%| F|  |TAMS 0x000000071a400000, 0x000000071a400000| Untracked 
| 177|0x000000071a600000, 0x000000071a600000, 0x000000071a800000|  0%| F|  |TAMS 0x000000071a600000, 0x000000071a600000| Untracked 
| 178|0x000000071a800000, 0x000000071a800000, 0x000000071aa00000|  0%| F|  |TAMS 0x000000071a800000, 0x000000071a800000| Untracked 
| 179|0x000000071aa00000, 0x000000071aa00000, 0x000000071ac00000|  0%| F|  |TAMS 0x000000071aa00000, 0x000000071aa00000| Untracked 
| 180|0x000000071ac00000, 0x000000071ac00000, 0x000000071ae00000|  0%| F|  |TAMS 0x000000071ac00000, 0x000000071ac00000| Untracked 
| 181|0x000000071ae00000, 0x000000071ae00000, 0x000000071b000000|  0%| F|  |TAMS 0x000000071ae00000, 0x000000071ae00000| Untracked 
| 182|0x000000071b000000, 0x000000071b000000, 0x000000071b200000|  0%| F|  |TAMS 0x000000071b000000, 0x000000071b000000| Untracked 
| 183|0x000000071b200000, 0x000000071b200000, 0x000000071b400000|  0%| F|  |TAMS 0x000000071b200000, 0x000000071b200000| Untracked 
| 184|0x000000071b400000, 0x000000071b400000, 0x000000071b600000|  0%| F|  |TAMS 0x000000071b400000, 0x000000071b400000| Untracked 
| 185|0x000000071b600000, 0x000000071b600000, 0x000000071b800000|  0%| F|  |TAMS 0x000000071b600000, 0x000000071b600000| Untracked 
| 186|0x000000071b800000, 0x000000071b800000, 0x000000071ba00000|  0%| F|  |TAMS 0x000000071b800000, 0x000000071b800000| Untracked 
| 187|0x000000071ba00000, 0x000000071ba00000, 0x000000071bc00000|  0%| F|  |TAMS 0x000000071ba00000, 0x000000071ba00000| Untracked 
| 188|0x000000071bc00000, 0x000000071bc00000, 0x000000071be00000|  0%| F|  |TAMS 0x000000071bc00000, 0x000000071bc00000| Untracked 
| 189|0x000000071be00000, 0x000000071be00000, 0x000000071c000000|  0%| F|  |TAMS 0x000000071be00000, 0x000000071be00000| Untracked 
| 190|0x000000071c000000, 0x000000071c000000, 0x000000071c200000|  0%| F|  |TAMS 0x000000071c000000, 0x000000071c000000| Untracked 
| 191|0x000000071c200000, 0x000000071c200000, 0x000000071c400000|  0%| F|  |TAMS 0x000000071c200000, 0x000000071c200000| Untracked 
| 192|0x000000071c400000, 0x000000071c400000, 0x000000071c600000|  0%| F|  |TAMS 0x000000071c400000, 0x000000071c400000| Untracked 
| 193|0x000000071c600000, 0x000000071c600000, 0x000000071c800000|  0%| F|  |TAMS 0x000000071c600000, 0x000000071c600000| Untracked 
| 194|0x000000071c800000, 0x000000071c800000, 0x000000071ca00000|  0%| F|  |TAMS 0x000000071c800000, 0x000000071c800000| Untracked 
| 195|0x000000071ca00000, 0x000000071ca00000, 0x000000071cc00000|  0%| F|  |TAMS 0x000000071ca00000, 0x000000071ca00000| Untracked 
| 196|0x000000071cc00000, 0x000000071cc00000, 0x000000071ce00000|  0%| F|  |TAMS 0x000000071cc00000, 0x000000071cc00000| Untracked 
| 197|0x000000071ce00000, 0x000000071ce00000, 0x000000071d000000|  0%| F|  |TAMS 0x000000071ce00000, 0x000000071ce00000| Untracked 
| 198|0x000000071d000000, 0x000000071d000000, 0x000000071d200000|  0%| F|  |TAMS 0x000000071d000000, 0x000000071d000000| Untracked 
| 199|0x000000071d200000, 0x000000071d200000, 0x000000071d400000|  0%| F|  |TAMS 0x000000071d200000, 0x000000071d200000| Untracked 
| 200|0x000000071d400000, 0x000000071d400000, 0x000000071d600000|  0%| F|  |TAMS 0x000000071d400000, 0x000000071d400000| Untracked 
| 201|0x000000071d600000, 0x000000071d600000, 0x000000071d800000|  0%| F|  |TAMS 0x000000071d600000, 0x000000071d600000| Untracked 
| 202|0x000000071d800000, 0x000000071d800000, 0x000000071da00000|  0%| F|  |TAMS 0x000000071d800000, 0x000000071d800000| Untracked 
| 203|0x000000071da00000, 0x000000071da00000, 0x000000071dc00000|  0%| F|  |TAMS 0x000000071da00000, 0x000000071da00000| Untracked 
| 204|0x000000071dc00000, 0x000000071dc00000, 0x000000071de00000|  0%| F|  |TAMS 0x000000071dc00000, 0x000000071dc00000| Untracked 
| 205|0x000000071de00000, 0x000000071de00000, 0x000000071e000000|  0%| F|  |TAMS 0x000000071de00000, 0x000000071de00000| Untracked 
| 206|0x000000071e000000, 0x000000071e000000, 0x000000071e200000|  0%| F|  |TAMS 0x000000071e000000, 0x000000071e000000| Untracked 
| 207|0x000000071e200000, 0x000000071e200000, 0x000000071e400000|  0%| F|  |TAMS 0x000000071e200000, 0x000000071e200000| Untracked 
| 208|0x000000071e400000, 0x000000071e400000, 0x000000071e600000|  0%| F|  |TAMS 0x000000071e400000, 0x000000071e400000| Untracked 
| 209|0x000000071e600000, 0x000000071e600000, 0x000000071e800000|  0%| F|  |TAMS 0x000000071e600000, 0x000000071e600000| Untracked 
| 210|0x000000071e800000, 0x000000071e800000, 0x000000071ea00000|  0%| F|  |TAMS 0x000000071e800000, 0x000000071e800000| Untracked 
| 211|0x000000071ea00000, 0x000000071ea00000, 0x000000071ec00000|  0%| F|  |TAMS 0x000000071ea00000, 0x000000071ea00000| Untracked 
| 212|0x000000071ec00000, 0x000000071ec00000, 0x000000071ee00000|  0%| F|  |TAMS 0x000000071ec00000, 0x000000071ec00000| Untracked 
| 213|0x000000071ee00000, 0x000000071ee00000, 0x000000071f000000|  0%| F|  |TAMS 0x000000071ee00000, 0x000000071ee00000| Untracked 
| 214|0x000000071f000000, 0x000000071f000000, 0x000000071f200000|  0%| F|  |TAMS 0x000000071f000000, 0x000000071f000000| Untracked 
| 215|0x000000071f200000, 0x000000071f200000, 0x000000071f400000|  0%| F|  |TAMS 0x000000071f200000, 0x000000071f200000| Untracked 
| 216|0x000000071f400000, 0x000000071f400000, 0x000000071f600000|  0%| F|  |TAMS 0x000000071f400000, 0x000000071f400000| Untracked 
| 217|0x000000071f600000, 0x000000071f600000, 0x000000071f800000|  0%| F|  |TAMS 0x000000071f600000, 0x000000071f600000| Untracked 
| 218|0x000000071f800000, 0x000000071f800000, 0x000000071fa00000|  0%| F|  |TAMS 0x000000071f800000, 0x000000071f800000| Untracked 
| 219|0x000000071fa00000, 0x000000071fa00000, 0x000000071fc00000|  0%| F|  |TAMS 0x000000071fa00000, 0x000000071fa00000| Untracked 
| 220|0x000000071fc00000, 0x000000071fc00000, 0x000000071fe00000|  0%| F|  |TAMS 0x000000071fc00000, 0x000000071fc00000| Untracked 
| 221|0x000000071fe00000, 0x000000071fe00000, 0x0000000720000000|  0%| F|  |TAMS 0x000000071fe00000, 0x000000071fe00000| Untracked 
| 222|0x0000000720000000, 0x0000000720000000, 0x0000000720200000|  0%| F|  |TAMS 0x0000000720000000, 0x0000000720000000| Untracked 
| 223|0x0000000720200000, 0x0000000720200000, 0x0000000720400000|  0%| F|  |TAMS 0x0000000720200000, 0x0000000720200000| Untracked 
| 224|0x0000000720400000, 0x0000000720400000, 0x0000000720600000|  0%| F|  |TAMS 0x0000000720400000, 0x0000000720400000| Untracked 
| 225|0x0000000720600000, 0x0000000720600000, 0x0000000720800000|  0%| F|  |TAMS 0x0000000720600000, 0x0000000720600000| Untracked 
| 226|0x0000000720800000, 0x0000000720800000, 0x0000000720a00000|  0%| F|  |TAMS 0x0000000720800000, 0x0000000720800000| Untracked 
| 227|0x0000000720a00000, 0x0000000720a00000, 0x0000000720c00000|  0%| F|  |TAMS 0x0000000720a00000, 0x0000000720a00000| Untracked 
| 228|0x0000000720c00000, 0x0000000720c00000, 0x0000000720e00000|  0%| F|  |TAMS 0x0000000720c00000, 0x0000000720c00000| Untracked 
| 229|0x0000000720e00000, 0x0000000720e00000, 0x0000000721000000|  0%| F|  |TAMS 0x0000000720e00000, 0x0000000720e00000| Untracked 
| 230|0x0000000721000000, 0x0000000721000000, 0x0000000721200000|  0%| F|  |TAMS 0x0000000721000000, 0x0000000721000000| Untracked 
| 231|0x0000000721200000, 0x0000000721200000, 0x0000000721400000|  0%| F|  |TAMS 0x0000000721200000, 0x0000000721200000| Untracked 
| 232|0x0000000721400000, 0x0000000721400000, 0x0000000721600000|  0%| F|  |TAMS 0x0000000721400000, 0x0000000721400000| Untracked 
| 233|0x0000000721600000, 0x0000000721600000, 0x0000000721800000|  0%| F|  |TAMS 0x0000000721600000, 0x0000000721600000| Untracked 
| 234|0x0000000721800000, 0x0000000721800000, 0x0000000721a00000|  0%| F|  |TAMS 0x0000000721800000, 0x0000000721800000| Untracked 
| 235|0x0000000721a00000, 0x0000000721a00000, 0x0000000721c00000|  0%| F|  |TAMS 0x0000000721a00000, 0x0000000721a00000| Untracked 
| 236|0x0000000721c00000, 0x0000000721c00000, 0x0000000721e00000|  0%| F|  |TAMS 0x0000000721c00000, 0x0000000721c00000| Untracked 
| 237|0x0000000721e00000, 0x0000000721e00000, 0x0000000722000000|  0%| F|  |TAMS 0x0000000721e00000, 0x0000000721e00000| Untracked 
| 238|0x0000000722000000, 0x0000000722000000, 0x0000000722200000|  0%| F|  |TAMS 0x0000000722000000, 0x0000000722000000| Untracked 
| 239|0x0000000722200000, 0x0000000722200000, 0x0000000722400000|  0%| F|  |TAMS 0x0000000722200000, 0x0000000722200000| Untracked 
| 240|0x0000000722400000, 0x0000000722400000, 0x0000000722600000|  0%| F|  |TAMS 0x0000000722400000, 0x0000000722400000| Untracked 
| 241|0x0000000722600000, 0x0000000722600000, 0x0000000722800000|  0%| F|  |TAMS 0x0000000722600000, 0x0000000722600000| Untracked 
| 242|0x0000000722800000, 0x0000000722800000, 0x0000000722a00000|  0%| F|  |TAMS 0x0000000722800000, 0x0000000722800000| Untracked 
| 243|0x0000000722a00000, 0x0000000722a00000, 0x0000000722c00000|  0%| F|  |TAMS 0x0000000722a00000, 0x0000000722a00000| Untracked 
| 244|0x0000000722c00000, 0x0000000722c00000, 0x0000000722e00000|  0%| F|  |TAMS 0x0000000722c00000, 0x0000000722c00000| Untracked 
| 245|0x0000000722e00000, 0x0000000722e00000, 0x0000000723000000|  0%| F|  |TAMS 0x0000000722e00000, 0x0000000722e00000| Untracked 
| 246|0x0000000723000000, 0x0000000723000000, 0x0000000723200000|  0%| F|  |TAMS 0x0000000723000000, 0x0000000723000000| Untracked 
| 247|0x0000000723200000, 0x0000000723200000, 0x0000000723400000|  0%| F|  |TAMS 0x0000000723200000, 0x0000000723200000| Untracked 
| 248|0x0000000723400000, 0x0000000723400000, 0x0000000723600000|  0%| F|  |TAMS 0x0000000723400000, 0x0000000723400000| Untracked 
| 249|0x0000000723600000, 0x0000000723600000, 0x0000000723800000|  0%| F|  |TAMS 0x0000000723600000, 0x0000000723600000| Untracked 
| 250|0x0000000723800000, 0x0000000723800000, 0x0000000723a00000|  0%| F|  |TAMS 0x0000000723800000, 0x0000000723800000| Untracked 
| 251|0x0000000723a00000, 0x0000000723a00000, 0x0000000723c00000|  0%| F|  |TAMS 0x0000000723a00000, 0x0000000723a00000| Untracked 
| 252|0x0000000723c00000, 0x0000000723c00000, 0x0000000723e00000|  0%| F|  |TAMS 0x0000000723c00000, 0x0000000723c00000| Untracked 
| 253|0x0000000723e00000, 0x0000000723e00000, 0x0000000724000000|  0%| F|  |TAMS 0x0000000723e00000, 0x0000000723e00000| Untracked 
| 254|0x0000000724000000, 0x0000000724000000, 0x0000000724200000|  0%| F|  |TAMS 0x0000000724000000, 0x0000000724000000| Untracked 
| 255|0x0000000724200000, 0x0000000724200000, 0x0000000724400000|  0%| F|  |TAMS 0x0000000724200000, 0x0000000724200000| Untracked 
| 256|0x0000000724400000, 0x0000000724400000, 0x0000000724600000|  0%| F|  |TAMS 0x0000000724400000, 0x0000000724400000| Untracked 
| 257|0x0000000724600000, 0x0000000724600000, 0x0000000724800000|  0%| F|  |TAMS 0x0000000724600000, 0x0000000724600000| Untracked 
| 258|0x0000000724800000, 0x0000000724800000, 0x0000000724a00000|  0%| F|  |TAMS 0x0000000724800000, 0x0000000724800000| Untracked 
| 259|0x0000000724a00000, 0x0000000724a00000, 0x0000000724c00000|  0%| F|  |TAMS 0x0000000724a00000, 0x0000000724a00000| Untracked 
| 260|0x0000000724c00000, 0x0000000724c00000, 0x0000000724e00000|  0%| F|  |TAMS 0x0000000724c00000, 0x0000000724c00000| Untracked 
| 261|0x0000000724e00000, 0x0000000724e00000, 0x0000000725000000|  0%| F|  |TAMS 0x0000000724e00000, 0x0000000724e00000| Untracked 
| 262|0x0000000725000000, 0x0000000725000000, 0x0000000725200000|  0%| F|  |TAMS 0x0000000725000000, 0x0000000725000000| Untracked 
| 263|0x0000000725200000, 0x0000000725200000, 0x0000000725400000|  0%| F|  |TAMS 0x0000000725200000, 0x0000000725200000| Untracked 
| 264|0x0000000725400000, 0x0000000725400000, 0x0000000725600000|  0%| F|  |TAMS 0x0000000725400000, 0x0000000725400000| Untracked 
| 265|0x0000000725600000, 0x0000000725600000, 0x0000000725800000|  0%| F|  |TAMS 0x0000000725600000, 0x0000000725600000| Untracked 
| 266|0x0000000725800000, 0x0000000725800000, 0x0000000725a00000|  0%| F|  |TAMS 0x0000000725800000, 0x0000000725800000| Untracked 
| 267|0x0000000725a00000, 0x0000000725a00000, 0x0000000725c00000|  0%| F|  |TAMS 0x0000000725a00000, 0x0000000725a00000| Untracked 
| 268|0x0000000725c00000, 0x0000000725c00000, 0x0000000725e00000|  0%| F|  |TAMS 0x0000000725c00000, 0x0000000725c00000| Untracked 
| 269|0x0000000725e00000, 0x0000000725e00000, 0x0000000726000000|  0%| F|  |TAMS 0x0000000725e00000, 0x0000000725e00000| Untracked 
| 270|0x0000000726000000, 0x0000000726000000, 0x0000000726200000|  0%| F|  |TAMS 0x0000000726000000, 0x0000000726000000| Untracked 
| 271|0x0000000726200000, 0x0000000726200000, 0x0000000726400000|  0%| F|  |TAMS 0x0000000726200000, 0x0000000726200000| Untracked 
| 272|0x0000000726400000, 0x0000000726400000, 0x0000000726600000|  0%| F|  |TAMS 0x0000000726400000, 0x0000000726400000| Untracked 
| 273|0x0000000726600000, 0x0000000726600000, 0x0000000726800000|  0%| F|  |TAMS 0x0000000726600000, 0x0000000726600000| Untracked 
| 274|0x0000000726800000, 0x0000000726800000, 0x0000000726a00000|  0%| F|  |TAMS 0x0000000726800000, 0x0000000726800000| Untracked 
| 275|0x0000000726a00000, 0x0000000726a00000, 0x0000000726c00000|  0%| F|  |TAMS 0x0000000726a00000, 0x0000000726a00000| Untracked 
| 276|0x0000000726c00000, 0x0000000726c00000, 0x0000000726e00000|  0%| F|  |TAMS 0x0000000726c00000, 0x0000000726c00000| Untracked 
| 277|0x0000000726e00000, 0x0000000726e00000, 0x0000000727000000|  0%| F|  |TAMS 0x0000000726e00000, 0x0000000726e00000| Untracked 
| 278|0x0000000727000000, 0x0000000727000000, 0x0000000727200000|  0%| F|  |TAMS 0x0000000727000000, 0x0000000727000000| Untracked 
| 279|0x0000000727200000, 0x0000000727200000, 0x0000000727400000|  0%| F|  |TAMS 0x0000000727200000, 0x0000000727200000| Untracked 
| 280|0x0000000727400000, 0x0000000727400000, 0x0000000727600000|  0%| F|  |TAMS 0x0000000727400000, 0x0000000727400000| Untracked 
| 281|0x0000000727600000, 0x0000000727600000, 0x0000000727800000|  0%| F|  |TAMS 0x0000000727600000, 0x0000000727600000| Untracked 
| 282|0x0000000727800000, 0x0000000727800000, 0x0000000727a00000|  0%| F|  |TAMS 0x0000000727800000, 0x0000000727800000| Untracked 
| 283|0x0000000727a00000, 0x0000000727a00000, 0x0000000727c00000|  0%| F|  |TAMS 0x0000000727a00000, 0x0000000727a00000| Untracked 
| 284|0x0000000727c00000, 0x0000000727c00000, 0x0000000727e00000|  0%| F|  |TAMS 0x0000000727c00000, 0x0000000727c00000| Untracked 
| 285|0x0000000727e00000, 0x0000000727e00000, 0x0000000728000000|  0%| F|  |TAMS 0x0000000727e00000, 0x0000000727e00000| Untracked 
| 286|0x0000000728000000, 0x0000000728000000, 0x0000000728200000|  0%| F|  |TAMS 0x0000000728000000, 0x0000000728000000| Untracked 
| 287|0x0000000728200000, 0x0000000728200000, 0x0000000728400000|  0%| F|  |TAMS 0x0000000728200000, 0x0000000728200000| Untracked 
| 288|0x0000000728400000, 0x0000000728400000, 0x0000000728600000|  0%| F|  |TAMS 0x0000000728400000, 0x0000000728400000| Untracked 
| 289|0x0000000728600000, 0x0000000728600000, 0x0000000728800000|  0%| F|  |TAMS 0x0000000728600000, 0x0000000728600000| Untracked 
| 290|0x0000000728800000, 0x0000000728800000, 0x0000000728a00000|  0%| F|  |TAMS 0x0000000728800000, 0x0000000728800000| Untracked 
| 291|0x0000000728a00000, 0x0000000728a00000, 0x0000000728c00000|  0%| F|  |TAMS 0x0000000728a00000, 0x0000000728a00000| Untracked 
| 292|0x0000000728c00000, 0x0000000728c00000, 0x0000000728e00000|  0%| F|  |TAMS 0x0000000728c00000, 0x0000000728c00000| Untracked 
| 293|0x0000000728e00000, 0x0000000728e00000, 0x0000000729000000|  0%| F|  |TAMS 0x0000000728e00000, 0x0000000728e00000| Untracked 
| 294|0x0000000729000000, 0x0000000729000000, 0x0000000729200000|  0%| F|  |TAMS 0x0000000729000000, 0x0000000729000000| Untracked 
| 295|0x0000000729200000, 0x0000000729200000, 0x0000000729400000|  0%| F|  |TAMS 0x0000000729200000, 0x0000000729200000| Untracked 
| 296|0x0000000729400000, 0x0000000729400000, 0x0000000729600000|  0%| F|  |TAMS 0x0000000729400000, 0x0000000729400000| Untracked 
| 297|0x0000000729600000, 0x0000000729600000, 0x0000000729800000|  0%| F|  |TAMS 0x0000000729600000, 0x0000000729600000| Untracked 
| 298|0x0000000729800000, 0x0000000729800000, 0x0000000729a00000|  0%| F|  |TAMS 0x0000000729800000, 0x0000000729800000| Untracked 
| 299|0x0000000729a00000, 0x0000000729a00000, 0x0000000729c00000|  0%| F|  |TAMS 0x0000000729a00000, 0x0000000729a00000| Untracked 
| 300|0x0000000729c00000, 0x0000000729c00000, 0x0000000729e00000|  0%| F|  |TAMS 0x0000000729c00000, 0x0000000729c00000| Untracked 
| 301|0x0000000729e00000, 0x0000000729e00000, 0x000000072a000000|  0%| F|  |TAMS 0x0000000729e00000, 0x0000000729e00000| Untracked 
| 302|0x000000072a000000, 0x000000072a000000, 0x000000072a200000|  0%| F|  |TAMS 0x000000072a000000, 0x000000072a000000| Untracked 
| 303|0x000000072a200000, 0x000000072a200000, 0x000000072a400000|  0%| F|  |TAMS 0x000000072a200000, 0x000000072a200000| Untracked 
| 304|0x000000072a400000, 0x000000072a400000, 0x000000072a600000|  0%| F|  |TAMS 0x000000072a400000, 0x000000072a400000| Untracked 
| 305|0x000000072a600000, 0x000000072a600000, 0x000000072a800000|  0%| F|  |TAMS 0x000000072a600000, 0x000000072a600000| Untracked 
| 306|0x000000072a800000, 0x000000072a800000, 0x000000072aa00000|  0%| F|  |TAMS 0x000000072a800000, 0x000000072a800000| Untracked 
| 307|0x000000072aa00000, 0x000000072aa00000, 0x000000072ac00000|  0%| F|  |TAMS 0x000000072aa00000, 0x000000072aa00000| Untracked 
| 308|0x000000072ac00000, 0x000000072ac00000, 0x000000072ae00000|  0%| F|  |TAMS 0x000000072ac00000, 0x000000072ac00000| Untracked 
| 309|0x000000072ae00000, 0x000000072ae00000, 0x000000072b000000|  0%| F|  |TAMS 0x000000072ae00000, 0x000000072ae00000| Untracked 
| 310|0x000000072b000000, 0x000000072b000000, 0x000000072b200000|  0%| F|  |TAMS 0x000000072b000000, 0x000000072b000000| Untracked 
| 311|0x000000072b200000, 0x000000072b200000, 0x000000072b400000|  0%| F|  |TAMS 0x000000072b200000, 0x000000072b200000| Untracked 
| 312|0x000000072b400000, 0x000000072b400000, 0x000000072b600000|  0%| F|  |TAMS 0x000000072b400000, 0x000000072b400000| Untracked 
| 313|0x000000072b600000, 0x000000072b600000, 0x000000072b800000|  0%| F|  |TAMS 0x000000072b600000, 0x000000072b600000| Untracked 
| 314|0x000000072b800000, 0x000000072b800000, 0x000000072ba00000|  0%| F|  |TAMS 0x000000072b800000, 0x000000072b800000| Untracked 
| 315|0x000000072ba00000, 0x000000072ba00000, 0x000000072bc00000|  0%| F|  |TAMS 0x000000072ba00000, 0x000000072ba00000| Untracked 
| 316|0x000000072bc00000, 0x000000072bc00000, 0x000000072be00000|  0%| F|  |TAMS 0x000000072bc00000, 0x000000072bc00000| Untracked 
| 317|0x000000072be00000, 0x000000072be00000, 0x000000072c000000|  0%| F|  |TAMS 0x000000072be00000, 0x000000072be00000| Untracked 
| 318|0x000000072c000000, 0x000000072c000000, 0x000000072c200000|  0%| F|  |TAMS 0x000000072c000000, 0x000000072c000000| Untracked 
| 319|0x000000072c200000, 0x000000072c200000, 0x000000072c400000|  0%| F|  |TAMS 0x000000072c200000, 0x000000072c200000| Untracked 
| 320|0x000000072c400000, 0x000000072c400000, 0x000000072c600000|  0%| F|  |TAMS 0x000000072c400000, 0x000000072c400000| Untracked 
| 321|0x000000072c600000, 0x000000072c600000, 0x000000072c800000|  0%| F|  |TAMS 0x000000072c600000, 0x000000072c600000| Untracked 

Card table byte_map: [0x000001e363f10000,0x000001e3646f0000] _byte_map_base: 0x000001e3606ee000

Marking Bits (Prev, Next): (CMBitMap*) 0x000001e356e882d0, (CMBitMap*) 0x000001e356e88310
 Prev Bits: [0x000001e364ed0000, 0x000001e368dc0000)
 Next Bits: [0x000001e368dc0000, 0x000001e36ccb0000)

Polling page: 0x000001e356ef0000

Metaspace:

Usage:
  Non-class:     59.99 MB used.
      Class:      9.81 MB used.
       Both:     69.80 MB used.

Virtual space:
  Non-class space:       64.00 MB reserved,      60.38 MB ( 94%) committed,  8 nodes.
      Class space:        1.00 GB reserved,      10.12 MB ( <1%) committed,  1 nodes.
             Both:        1.06 GB reserved,      70.50 MB (  6%) committed. 

Chunk freelists:
   Non-Class:  3.07 MB
       Class:  1.88 MB
        Both:  4.94 MB

MaxMetaspaceSize: unlimited
CompressedClassSpaceSize: 1.00 GB
Initial GC threshold: 21.00 MB
Current GC threshold: 117.50 MB
CDS: on
MetaspaceReclaimPolicy: balanced
 - commit_granule_bytes: 65536.
 - commit_granule_words: 8192.
 - virtual_space_node_default_size: 1048576.
 - enlarge_chunks_in_place: 1.
 - new_chunks_are_fully_committed: 0.
 - uncommit_free_chunks: 1.
 - use_allocation_guard: 0.
 - handle_deallocations: 1.


Internal statistics:

num_allocs_failed_limit: 9.
num_arena_births: 1140.
num_arena_deaths: 4.
num_vsnodes_births: 9.
num_vsnodes_deaths: 0.
num_space_committed: 1128.
num_space_uncommitted: 0.
num_chunks_returned_to_freelist: 14.
num_chunks_taken_from_freelist: 3833.
num_chunk_merges: 9.
num_chunk_splits: 2715.
num_chunks_enlarged: 2064.
num_purges: 2.
num_inconsistent_stats: 0.

CodeCache: size=49152Kb used=12910Kb max_used=14034Kb free=36241Kb
 bounds [0x000001e35fe50000, 0x000001e360c10000, 0x000001e362e50000]
 total_blobs=7441 nmethods=6633 adapters=734
 compilation: enabled
              stopped_count=0, restarted_count=0
 full_count=0

Compilation events (20 events):
Event: 16.268 Thread 0x000001e36f7a4d30 6626       1       sun.nio.cs.UTF_8$Encoder::encodeArrayLoop (137 bytes)
Event: 16.268 Thread 0x000001e374aca6d0 6625       1       sun.nio.cs.UTF_8$Encoder::encodeLoop (28 bytes)
Event: 16.268 Thread 0x000001e374b294e0 6627       1       java.lang.System$2::encodeASCII (11 bytes)
Event: 16.268 Thread 0x000001e374b294e0 nmethod 6627 0x000001e360bff890 code [0x000001e360bffa20, 0x000001e360bffb08]
Event: 16.269 Thread 0x000001e374aca6d0 nmethod 6625 0x000001e360bffb90 code [0x000001e360bffd40, 0x000001e360bffed8]
Event: 16.269 Thread 0x000001e36f7a4d30 nmethod 6626 0x000001e360bfff90 code [0x000001e360c00260, 0x000001e360c00af8]
Event: 16.307 Thread 0x000001e370c6e510 6628       1       java.nio.charset.CoderResult::isError (14 bytes)
Event: 16.307 Thread 0x000001e370c6e510 nmethod 6628 0x000001e360c01110 code [0x000001e360c012a0, 0x000001e360c01378]
Event: 16.315 Thread 0x000001e374aca6d0 6629       1       java.nio.charset.CoderResult::isMalformed (14 bytes)
Event: 16.316 Thread 0x000001e374aca6d0 nmethod 6629 0x000001e360c01410 code [0x000001e360c015a0, 0x000001e360c01678]
Event: 16.332 Thread 0x000001e374b294e0 6630       1       org.apache.tomcat.util.buf.C2BConverter::convert (445 bytes)
Event: 16.335 Thread 0x000001e374b294e0 nmethod 6630 0x000001e360c01710 code [0x000001e360c01be0, 0x000001e360c03308]
Event: 16.629 Thread 0x000001e36f7a4d30 6631       1       org.springframework.boot.devtools.filewatch.FileSnapshot::equals (110 bytes)
Event: 16.630 Thread 0x000001e36f7a4d30 nmethod 6631 0x000001e360c04290 code [0x000001e360c04460, 0x000001e360c047e8]
Event: 17.248 Thread 0x000001e36f7a4d30 6632       1       java.io.File::<init> (78 bytes)
Event: 17.248 Thread 0x000001e36f7a4d30 nmethod 6632 0x000001e360b6d290 code [0x000001e360b6d440, 0x000001e360b6d5e8]
Event: 17.402 Thread 0x000001e370c6e510 6633       1       org.apache.catalina.connector.OutputBuffer::clear (10 bytes)
Event: 17.402 Thread 0x000001e370c6e510 nmethod 6633 0x000001e360b6cf10 code [0x000001e360b6d0c0, 0x000001e360b6d1d8]
Event: 17.467 Thread 0x000001e370c6e510 6634       1       sun.nio.ch.SocketDispatcher::write (8 bytes)
Event: 17.467 Thread 0x000001e370c6e510 nmethod 6634 0x000001e360b6cc10 code [0x000001e360b6cda0, 0x000001e360b6ce88]

GC Heap History (20 events):
Event: 16.110 GC heap after
{Heap after GC invocations=22 (full 0):
 garbage-first heap   total 137216K, used 44817K [0x0000000704400000, 0x0000000800000000)
  region size 2048K, 2 young (4096K), 2 survivors (4096K)
 Metaspace       used 71476K, committed 72192K, reserved 1114112K
  class space    used 10048K, committed 10368K, reserved 1048576K
}
Event: 16.114 GC heap before
{Heap before GC invocations=22 (full 0):
 garbage-first heap   total 137216K, used 46865K [0x0000000704400000, 0x0000000800000000)
  region size 2048K, 3 young (6144K), 2 survivors (4096K)
 Metaspace       used 71476K, committed 72192K, reserved 1114112K
  class space    used 10048K, committed 10368K, reserved 1048576K
}
Event: 16.118 GC heap after
{Heap after GC invocations=23 (full 0):
 garbage-first heap   total 303104K, used 44515K [0x0000000704400000, 0x0000000800000000)
  region size 2048K, 1 young (2048K), 1 survivors (2048K)
 Metaspace       used 71476K, committed 72192K, reserved 1114112K
  class space    used 10048K, committed 10368K, reserved 1048576K
}
Event: 16.256 GC heap before
{Heap before GC invocations=23 (full 0):
 garbage-first heap   total 303104K, used 222691K [0x0000000704400000, 0x0000000800000000)
  region size 2048K, 88 young (180224K), 1 survivors (2048K)
 Metaspace       used 71476K, committed 72192K, reserved 1114112K
  class space    used 10048K, committed 10368K, reserved 1048576K
}
Event: 16.259 GC heap after
{Heap after GC invocations=24 (full 0):
 garbage-first heap   total 303104K, used 46497K [0x0000000704400000, 0x0000000800000000)
  region size 2048K, 2 young (4096K), 2 survivors (4096K)
 Metaspace       used 71476K, committed 72192K, reserved 1114112K
  class space    used 10048K, committed 10368K, reserved 1048576K
}
Event: 16.344 GC heap before
{Heap before GC invocations=24 (full 0):
 garbage-first heap   total 303104K, used 222625K [0x0000000704400000, 0x0000000800000000)
  region size 2048K, 88 young (180224K), 2 survivors (4096K)
 Metaspace       used 71476K, committed 72192K, reserved 1114112K
  class space    used 10048K, committed 10368K, reserved 1048576K
}
Event: 16.349 GC heap after
{Heap after GC invocations=25 (full 0):
 garbage-first heap   total 303104K, used 48221K [0x0000000704400000, 0x0000000800000000)
  region size 2048K, 3 young (6144K), 3 survivors (6144K)
 Metaspace       used 71476K, committed 72192K, reserved 1114112K
  class space    used 10048K, committed 10368K, reserved 1048576K
}
Event: 16.420 GC heap before
{Heap before GC invocations=25 (full 0):
 garbage-first heap   total 303104K, used 222301K [0x0000000704400000, 0x0000000800000000)
  region size 2048K, 88 young (180224K), 3 survivors (6144K)
 Metaspace       used 71476K, committed 72192K, reserved 1114112K
  class space    used 10048K, committed 10368K, reserved 1048576K
}
Event: 16.423 GC heap after
{Heap after GC invocations=26 (full 0):
 garbage-first heap   total 303104K, used 49562K [0x0000000704400000, 0x0000000800000000)
  region size 2048K, 4 young (8192K), 4 survivors (8192K)
 Metaspace       used 71476K, committed 72192K, reserved 1114112K
  class space    used 10048K, committed 10368K, reserved 1048576K
}
Event: 16.480 GC heap before
{Heap before GC invocations=26 (full 0):
 garbage-first heap   total 303104K, used 221594K [0x0000000704400000, 0x0000000800000000)
  region size 2048K, 88 young (180224K), 4 survivors (8192K)
 Metaspace       used 71476K, committed 72192K, reserved 1114112K
  class space    used 10048K, committed 10368K, reserved 1048576K
}
Event: 16.486 GC heap after
{Heap after GC invocations=27 (full 0):
 garbage-first heap   total 659456K, used 50679K [0x0000000704400000, 0x0000000800000000)
  region size 2048K, 4 young (8192K), 4 survivors (8192K)
 Metaspace       used 71476K, committed 72192K, reserved 1114112K
  class space    used 10048K, committed 10368K, reserved 1048576K
}
Event: 16.843 GC heap before
{Heap before GC invocations=27 (full 0):
 garbage-first heap   total 659456K, used 437751K [0x0000000704400000, 0x0000000800000000)
  region size 2048K, 193 young (395264K), 4 survivors (8192K)
 Metaspace       used 71476K, committed 72192K, reserved 1114112K
  class space    used 10048K, committed 10368K, reserved 1048576K
}
Event: 16.852 GC heap after
{Heap after GC invocations=28 (full 0):
 garbage-first heap   total 659456K, used 52810K [0x0000000704400000, 0x0000000800000000)
  region size 2048K, 5 young (10240K), 5 survivors (10240K)
 Metaspace       used 71476K, committed 72192K, reserved 1114112K
  class space    used 10048K, committed 10368K, reserved 1048576K
}
Event: 17.040 GC heap before
{Heap before GC invocations=28 (full 0):
 garbage-first heap   total 659456K, used 437834K [0x0000000704400000, 0x0000000800000000)
  region size 2048K, 193 young (395264K), 5 survivors (10240K)
 Metaspace       used 71476K, committed 72192K, reserved 1114112K
  class space    used 10048K, committed 10368K, reserved 1048576K
}
Event: 17.051 GC heap after
{Heap after GC invocations=29 (full 0):
 garbage-first heap   total 659456K, used 54172K [0x0000000704400000, 0x0000000800000000)
  region size 2048K, 6 young (12288K), 6 survivors (12288K)
 Metaspace       used 71476K, committed 72192K, reserved 1114112K
  class space    used 10048K, committed 10368K, reserved 1048576K
}
Event: 17.233 GC heap before
{Heap before GC invocations=29 (full 0):
 garbage-first heap   total 659456K, used 437148K [0x0000000704400000, 0x0000000800000000)
  region size 2048K, 193 young (395264K), 6 survivors (12288K)
 Metaspace       used 71476K, committed 72192K, reserved 1114112K
  class space    used 10048K, committed 10368K, reserved 1048576K
}
Event: 17.246 GC heap after
{Heap after GC invocations=30 (full 0):
 garbage-first heap   total 659456K, used 56094K [0x0000000704400000, 0x0000000800000000)
  region size 2048K, 7 young (14336K), 7 survivors (14336K)
 Metaspace       used 71476K, committed 72192K, reserved 1114112K
  class space    used 10048K, committed 10368K, reserved 1048576K
}
Event: 17.403 GC heap before
{Heap before GC invocations=30 (full 0):
 garbage-first heap   total 659456K, used 437022K [0x0000000704400000, 0x0000000800000000)
  region size 2048K, 193 young (395264K), 7 survivors (14336K)
 Metaspace       used 71476K, committed 72192K, reserved 1114112K
  class space    used 10048K, committed 10368K, reserved 1048576K
}
Event: 17.416 GC heap after
{Heap after GC invocations=31 (full 0):
 garbage-first heap   total 659456K, used 57287K [0x0000000704400000, 0x0000000800000000)
  region size 2048K, 7 young (14336K), 7 survivors (14336K)
 Metaspace       used 71476K, committed 72192K, reserved 1114112K
  class space    used 10048K, committed 10368K, reserved 1048576K
}
Event: 17.566 GC heap before
{Heap before GC invocations=31 (full 0):
 garbage-first heap   total 659456K, used 438215K [0x0000000704400000, 0x0000000800000000)
  region size 2048K, 193 young (395264K), 7 survivors (14336K)
 Metaspace       used 71476K, committed 72192K, reserved 1114112K
  class space    used 10048K, committed 10368K, reserved 1048576K
}

Deoptimization events (20 events):
Event: 0.189 Thread 0x000001e356e370a0 DEOPT PACKING pc=0x000001e36015adad sp=0x0000001f00bfe4a0
Event: 0.189 Thread 0x000001e356e370a0 DEOPT UNPACKING pc=0x000001e35fea6763 sp=0x0000001f00bfda00 mode 3
Event: 0.602 Thread 0x000001e356e370a0 DEOPT PACKING pc=0x000001e3601c8c81 sp=0x0000001f00bfda40
Event: 0.602 Thread 0x000001e356e370a0 DEOPT UNPACKING pc=0x000001e35fea6763 sp=0x0000001f00bfce98 mode 3
Event: 1.315 Thread 0x000001e370ca9520 DEOPT PACKING pc=0x000001e360535bf9 sp=0x0000001f02afcc00
Event: 1.315 Thread 0x000001e370ca9520 DEOPT UNPACKING pc=0x000001e35fea6763 sp=0x0000001f02afc0e0 mode 3
Event: 1.489 Thread 0x000001e370ca9520 DEOPT PACKING pc=0x000001e36058b2d5 sp=0x0000001f02afd400
Event: 1.489 Thread 0x000001e370ca9520 DEOPT UNPACKING pc=0x000001e35fea6763 sp=0x0000001f02afc8a8 mode 3
Event: 2.109 Thread 0x000001e370ca9520 DEOPT PACKING pc=0x000001e360729d48 sp=0x0000001f02afc390
Event: 2.109 Thread 0x000001e370ca9520 DEOPT UNPACKING pc=0x000001e35fea6763 sp=0x0000001f02afb800 mode 3
Event: 2.501 Thread 0x000001e370ca9520 DEOPT PACKING pc=0x000001e360354789 sp=0x0000001f02afdfa0
Event: 2.501 Thread 0x000001e370ca9520 DEOPT UNPACKING pc=0x000001e35fea6763 sp=0x0000001f02afd430 mode 3
Event: 2.501 Thread 0x000001e37141f8a0 DEOPT PACKING pc=0x000001e36034e91f sp=0x0000001f036feef0
Event: 2.501 Thread 0x000001e37141f8a0 DEOPT UNPACKING pc=0x000001e35fea6763 sp=0x0000001f036fe348 mode 3
Event: 4.323 Thread 0x000001e370ca9520 DEOPT PACKING pc=0x000001e36033b364 sp=0x0000001f02af8890
Event: 4.323 Thread 0x000001e370ca9520 DEOPT UNPACKING pc=0x000001e35fea6763 sp=0x0000001f02af7db0 mode 0
Event: 4.323 Thread 0x000001e370ca9520 DEOPT PACKING pc=0x000001e36033a6b4 sp=0x0000001f02af8980
Event: 4.323 Thread 0x000001e370ca9520 DEOPT UNPACKING pc=0x000001e35fea6763 sp=0x0000001f02af7e40 mode 0
Event: 15.665 Thread 0x000001e3740263b0 DEOPT PACKING pc=0x000001e360083a14 sp=0x0000001f03efcaa0
Event: 15.665 Thread 0x000001e3740263b0 DEOPT UNPACKING pc=0x000001e35fea6763 sp=0x0000001f03efbf50 mode 0

Classes unloaded (2 events):
Event: 16.079 Thread 0x000001e36f7859f0 Unloading class 0x0000000801604800 'java/lang/invoke/LambdaForm$DMH+0x0000000801604800'
Event: 16.079 Thread 0x000001e36f7859f0 Unloading class 0x0000000801604400 'java/lang/invoke/LambdaForm$DMH+0x0000000801604400'

Classes redefined (0 events):
No events

Internal exceptions (20 events):
Event: 15.380 Thread 0x000001e3740263b0 Exception <a 'java/lang/NoSuchMethodError'{0x0000000708b40fd8}: 'java.lang.Object java.lang.invoke.DelegatingMethodHandle$Holder.delegate(java.lang.Object, java.lang.Object, java.lang.Object, java.lang.Object, java.lang.Object, java.lang.Object, int, int)'> (0x0000000708b40fd8) 
thrown [t:\workspace\open\src\hotspot\share\interpreter\linkResolver.cpp, line 766]
Event: 15.383 Thread 0x000001e3740263b0 Exception <a 'java/lang/ClassNotFoundException'{0x0000000708baf3d8}: nz/net/ultraq/thymeleaf/layoutdialect/includes/IncludeProcessorBeanInfo> (0x0000000708baf3d8) 
thrown [t:\workspace\open\src\hotspot\share\classfile\systemDictionary.cpp, line 256]
Event: 15.385 Thread 0x000001e3740263b0 Exception <a 'java/lang/ClassNotFoundException'{0x0000000708bb6a68}: nz/net/ultraq/thymeleaf/layoutdialect/includes/IncludeProcessorCustomizer> (0x0000000708bb6a68) 
thrown [t:\workspace\open\src\hotspot\share\classfile\systemDictionary.cpp, line 256]
Event: 15.388 Thread 0x000001e3740263b0 Exception <a 'java/lang/ClassNotFoundException'{0x0000000708bd2f60}: nz/net/ultraq/thymeleaf/layoutdialect/PojoLoggerFactoryBeanInfo> (0x0000000708bd2f60) 
thrown [t:\workspace\open\src\hotspot\share\classfile\systemDictionary.cpp, line 256]
Event: 15.389 Thread 0x000001e3740263b0 Exception <a 'java/lang/ClassNotFoundException'{0x0000000708bda2b8}: nz/net/ultraq/thymeleaf/layoutdialect/PojoLoggerFactoryCustomizer> (0x0000000708bda2b8) 
thrown [t:\workspace\open\src\hotspot\share\classfile\systemDictionary.cpp, line 256]
Event: 15.396 Thread 0x000001e3740263b0 Exception <a 'java/lang/ClassNotFoundException'{0x00000007088367f8}: nz/net/ultraq/thymeleaf/layoutdialect/includes/InsertProcessorBeanInfo> (0x00000007088367f8) 
thrown [t:\workspace\open\src\hotspot\share\classfile\systemDictionary.cpp, line 256]
Event: 15.397 Thread 0x000001e3740263b0 Exception <a 'java/lang/ClassNotFoundException'{0x000000070883ddf8}: nz/net/ultraq/thymeleaf/layoutdialect/includes/InsertProcessorCustomizer> (0x000000070883ddf8) 
thrown [t:\workspace\open\src\hotspot\share\classfile\systemDictionary.cpp, line 256]
Event: 15.401 Thread 0x000001e3740263b0 Exception <a 'java/lang/ClassNotFoundException'{0x000000070886a2e0}: nz/net/ultraq/thymeleaf/layoutdialect/includes/ReplaceProcessorBeanInfo> (0x000000070886a2e0) 
thrown [t:\workspace\open\src\hotspot\share\classfile\systemDictionary.cpp, line 256]
Event: 15.402 Thread 0x000001e3740263b0 Exception <a 'java/lang/ClassNotFoundException'{0x0000000708871970}: nz/net/ultraq/thymeleaf/layoutdialect/includes/ReplaceProcessorCustomizer> (0x0000000708871970) 
thrown [t:\workspace\open\src\hotspot\share\classfile\systemDictionary.cpp, line 256]
Event: 15.406 Thread 0x000001e3740263b0 Exception <a 'java/lang/ClassNotFoundException'{0x00000007088a2d70}: nz/net/ultraq/thymeleaf/layoutdialect/fragments/FragmentProcessorBeanInfo> (0x00000007088a2d70) 
thrown [t:\workspace\open\src\hotspot\share\classfile\systemDictionary.cpp, line 256]
Event: 15.407 Thread 0x000001e3740263b0 Exception <a 'java/lang/ClassNotFoundException'{0x00000007088aa4d0}: nz/net/ultraq/thymeleaf/layoutdialect/fragments/FragmentProcessorCustomizer> (0x00000007088aa4d0) 
thrown [t:\workspace\open\src\hotspot\share\classfile\systemDictionary.cpp, line 256]
Event: 15.409 Thread 0x000001e3740263b0 Exception <a 'java/lang/ClassNotFoundException'{0x00000007088da1d8}: nz/net/ultraq/thymeleaf/layoutdialect/fragments/CollectFragmentProcessorBeanInfo> (0x00000007088da1d8) 
thrown [t:\workspace\open\src\hotspot\share\classfile\systemDictionary.cpp, line 256]
Event: 15.410 Thread 0x000001e3740263b0 Exception <a 'java/lang/ClassNotFoundException'{0x00000007088e1ba0}: nz/net/ultraq/thymeleaf/layoutdialect/fragments/CollectFragmentProcessorCustomizer> (0x00000007088e1ba0) 
thrown [t:\workspace\open\src\hotspot\share\classfile\systemDictionary.cpp, line 256]
Event: 15.413 Thread 0x000001e3740263b0 Exception <a 'java/lang/ClassNotFoundException'{0x0000000708916b70}: nz/net/ultraq/thymeleaf/layoutdialect/decorators/TitlePatternProcessorBeanInfo> (0x0000000708916b70) 
thrown [t:\workspace\open\src\hotspot\share\classfile\systemDictionary.cpp, line 256]
Event: 15.413 Thread 0x000001e3740263b0 Exception <a 'java/lang/ClassNotFoundException'{0x000000070891e438}: nz/net/ultraq/thymeleaf/layoutdialect/decorators/TitlePatternProcessorCustomizer> (0x000000070891e438) 
thrown [t:\workspace\open\src\hotspot\share\classfile\systemDictionary.cpp, line 256]
Event: 15.416 Thread 0x000001e3740263b0 Exception <a 'java/lang/ClassNotFoundException'{0x0000000708964858}: nz/net/ultraq/thymeleaf/layoutdialect/decorators/TitleProcessorBeanInfo> (0x0000000708964858) 
thrown [t:\workspace\open\src\hotspot\share\classfile\systemDictionary.cpp, line 256]
Event: 15.417 Thread 0x000001e3740263b0 Exception <a 'java/lang/ClassNotFoundException'{0x000000070896bee8}: nz/net/ultraq/thymeleaf/layoutdialect/decorators/TitleProcessorCustomizer> (0x000000070896bee8) 
thrown [t:\workspace\open\src\hotspot\share\classfile\systemDictionary.cpp, line 256]
Event: 15.689 Thread 0x000001e374028a30 Exception <a 'java/lang/NoSuchMethodError'{0x000000070ac24930}: 'java.lang.Object java.lang.invoke.DirectMethodHandle$Holder.invokeStatic(java.lang.Object, int, int)'> (0x000000070ac24930) 
thrown [t:\workspace\open\src\hotspot\share\interpreter\linkResolver.cpp, line 766]
Event: 15.689 Thread 0x000001e374025ee0 Exception <a 'java/lang/NoSuchMethodError'{0x000000070ac98760}: 'java.lang.Object java.lang.invoke.DirectMethodHandle$Holder.invokeStatic(java.lang.Object, int, int)'> (0x000000070ac98760) 
thrown [t:\workspace\open\src\hotspot\share\interpreter\linkResolver.cpp, line 766]
Event: 15.690 Thread 0x000001e37402bf20 Exception <a 'java/lang/NoSuchMethodError'{0x000000070ac58d20}: 'java.lang.Object java.lang.invoke.DirectMethodHandle$Holder.invokeStatic(java.lang.Object, int, int)'> (0x000000070ac58d20) 
thrown [t:\workspace\open\src\hotspot\share\interpreter\linkResolver.cpp, line 766]

VM Operations (20 events):
Event: 16.110 Executing VM operation: G1CollectForAllocation done
Event: 16.114 Executing VM operation: G1CollectForAllocation
Event: 16.118 Executing VM operation: G1CollectForAllocation done
Event: 16.256 Executing VM operation: G1CollectForAllocation
Event: 16.259 Executing VM operation: G1CollectForAllocation done
Event: 16.344 Executing VM operation: G1CollectForAllocation
Event: 16.349 Executing VM operation: G1CollectForAllocation done
Event: 16.419 Executing VM operation: G1CollectForAllocation
Event: 16.423 Executing VM operation: G1CollectForAllocation done
Event: 16.479 Executing VM operation: G1CollectForAllocation
Event: 16.486 Executing VM operation: G1CollectForAllocation done
Event: 16.842 Executing VM operation: G1CollectForAllocation
Event: 16.852 Executing VM operation: G1CollectForAllocation done
Event: 17.040 Executing VM operation: G1CollectForAllocation
Event: 17.051 Executing VM operation: G1CollectForAllocation done
Event: 17.233 Executing VM operation: G1CollectForAllocation
Event: 17.246 Executing VM operation: G1CollectForAllocation done
Event: 17.403 Executing VM operation: G1CollectForAllocation
Event: 17.416 Executing VM operation: G1CollectForAllocation done
Event: 17.566 Executing VM operation: G1CollectForAllocation

Events (20 events):
Event: 15.715 loading class java/time/format/DateTimeFormatterBuilder$ZoneTextPrinterParser done
Event: 15.715 loading class java/time/format/DateTimeFormatterBuilder$ReducedPrinterParser
Event: 15.715 loading class java/time/format/DateTimeFormatterBuilder$ReducedPrinterParser done
Event: 15.717 loading class java/util/concurrent/atomic/Striped64$Cell
Event: 15.718 loading class java/util/concurrent/atomic/Striped64$Cell done
Event: 15.724 loading class java/util/stream/ReferencePipeline$4
Event: 15.724 loading class java/util/stream/ReferencePipeline$4 done
Event: 15.724 loading class java/util/stream/ReduceOps$7
Event: 15.724 loading class java/util/stream/ReduceOps$7 done
Event: 15.724 loading class java/util/stream/ReduceOps$6ReducingSink
Event: 15.725 loading class java/util/stream/ReduceOps$6ReducingSink done
Event: 15.725 loading class java/util/stream/ReferencePipeline$4$1
Event: 15.725 loading class java/util/stream/ReferencePipeline$4$1 done
Event: 15.728 loading class java/io/StringWriter
Event: 15.728 loading class java/io/StringWriter done
Event: 15.728 loading class java/lang/Throwable$WrappedPrintWriter
Event: 15.728 loading class java/lang/Throwable$WrappedPrintWriter done
Event: 15.822 Thread 0x000001e374aca6d0 Thread added: 0x000001e374aca6d0
Event: 17.248 Thread 0x000001e374aca6d0 Thread exited: 0x000001e374aca6d0
Event: 17.402 Thread 0x000001e374b294e0 Thread exited: 0x000001e374b294e0


Dynamic libraries:
0x00007ff732a50000 - 0x00007ff732a5e000 	C:\Users\dell\.jdks\openjdk-17.0.2\bin\java.exe
0x00007ffd239d0000 - 0x00007ffd23be8000 	C:\WINDOWS\SYSTEM32\ntdll.dll
0x00007ffd21f70000 - 0x00007ffd22034000 	C:\WINDOWS\System32\KERNEL32.DLL
0x00007ffd20eb0000 - 0x00007ffd21283000 	C:\WINDOWS\System32\KERNELBASE.dll
0x00007ffd20ba0000 - 0x00007ffd20cb1000 	C:\WINDOWS\System32\ucrtbase.dll
0x00007ffcf89e0000 - 0x00007ffcf89f8000 	C:\Users\dell\.jdks\openjdk-17.0.2\bin\jli.dll
0x00007ffcf89c0000 - 0x00007ffcf89da000 	C:\Users\dell\.jdks\openjdk-17.0.2\bin\VCRUNTIME140.dll
0x00007ffd22d40000 - 0x00007ffd22ef2000 	C:\WINDOWS\System32\USER32.dll
0x00007ffd215c0000 - 0x00007ffd215e6000 	C:\WINDOWS\System32\win32u.dll
0x00007ffd21830000 - 0x00007ffd21859000 	C:\WINDOWS\System32\GDI32.dll
0x00007ffd07c90000 - 0x00007ffd07f2c000 	C:\WINDOWS\WinSxS\amd64_microsoft.windows.common-controls_6595b64144ccf1df_6.0.22621.6060_none_2712eda17382d24b\COMCTL32.dll
0x00007ffd21290000 - 0x00007ffd213ab000 	C:\WINDOWS\System32\gdi32full.dll
0x00007ffd225f0000 - 0x00007ffd22697000 	C:\WINDOWS\System32\msvcrt.dll
0x00007ffd21520000 - 0x00007ffd215ba000 	C:\WINDOWS\System32\msvcp_win.dll
0x00007ffd21670000 - 0x00007ffd216a1000 	C:\WINDOWS\System32\IMM32.DLL
0x00007ffd071f0000 - 0x00007ffd071fc000 	C:\Users\dell\.jdks\openjdk-17.0.2\bin\vcruntime140_1.dll
0x00007ffce0740000 - 0x00007ffce07cd000 	C:\Users\dell\.jdks\openjdk-17.0.2\bin\msvcp140.dll
0x00007ffc42160000 - 0x00007ffc42d21000 	C:\Users\dell\.jdks\openjdk-17.0.2\bin\server\jvm.dll
0x00007ffd21eb0000 - 0x00007ffd21f61000 	C:\WINDOWS\System32\ADVAPI32.dll
0x00007ffd22f00000 - 0x00007ffd22fa8000 	C:\WINDOWS\System32\sechost.dll
0x00007ffd214f0000 - 0x00007ffd21518000 	C:\WINDOWS\System32\bcrypt.dll
0x00007ffd219a0000 - 0x00007ffd21ab8000 	C:\WINDOWS\System32\RPCRT4.dll
0x00007ffd21d90000 - 0x00007ffd21d98000 	C:\WINDOWS\System32\PSAPI.DLL
0x00007ffd18100000 - 0x00007ffd1810a000 	C:\WINDOWS\SYSTEM32\VERSION.dll
0x00007ffd03fa0000 - 0x00007ffd03fa9000 	C:\WINDOWS\SYSTEM32\WSOCK32.dll
0x00007ffd223e0000 - 0x00007ffd22451000 	C:\WINDOWS\System32\WS2_32.dll
0x00007ffd18210000 - 0x00007ffd18244000 	C:\WINDOWS\SYSTEM32\WINMM.dll
0x00007ffd1fb70000 - 0x00007ffd1fb88000 	C:\WINDOWS\SYSTEM32\kernel.appcore.dll
0x00007ffd05170000 - 0x00007ffd0517a000 	C:\Users\dell\.jdks\openjdk-17.0.2\bin\jimage.dll
0x00007ffd1e3e0000 - 0x00007ffd1e613000 	C:\WINDOWS\SYSTEM32\DBGHELP.DLL
0x00007ffd22040000 - 0x00007ffd223d1000 	C:\WINDOWS\System32\combase.dll
0x00007ffd22fb0000 - 0x00007ffd23088000 	C:\WINDOWS\System32\OLEAUT32.dll
0x00007ffd0ca30000 - 0x00007ffd0ca62000 	C:\WINDOWS\SYSTEM32\dbgcore.DLL
0x00007ffd215f0000 - 0x00007ffd2166b000 	C:\WINDOWS\System32\bcryptPrimitives.dll
0x00007ffd1b9b0000 - 0x00007ffd1b9be000 	C:\Users\dell\.jdks\openjdk-17.0.2\bin\instrument.dll
0x00007ffce5550000 - 0x00007ffce5575000 	C:\Users\dell\.jdks\openjdk-17.0.2\bin\java.dll
0x00007ffcdeea0000 - 0x00007ffcdef76000 	C:\Users\dell\.jdks\openjdk-17.0.2\bin\jsvml.dll
0x00007ffd23090000 - 0x00007ffd2392c000 	C:\WINDOWS\System32\SHELL32.dll
0x00007ffd213b0000 - 0x00007ffd214ef000 	C:\WINDOWS\System32\wintypes.dll
0x00007ffd1e9a0000 - 0x00007ffd1f2ba000 	C:\WINDOWS\SYSTEM32\windows.storage.dll
0x00007ffd224e0000 - 0x00007ffd225e4000 	C:\WINDOWS\System32\SHCORE.dll
0x00007ffd21da0000 - 0x00007ffd21e09000 	C:\WINDOWS\System32\shlwapi.dll
0x00007ffd20a10000 - 0x00007ffd20a35000 	C:\WINDOWS\SYSTEM32\profapi.dll
0x00007ffce5530000 - 0x00007ffce5548000 	C:\Users\dell\.jdks\openjdk-17.0.2\bin\zip.dll
0x00007ffcef500000 - 0x00007ffcef519000 	C:\Users\dell\.jdks\openjdk-17.0.2\bin\net.dll
0x00007ffd1abf0000 - 0x00007ffd1ad1c000 	C:\WINDOWS\SYSTEM32\WINHTTP.dll
0x00007ffd20030000 - 0x00007ffd20099000 	C:\WINDOWS\system32\mswsock.dll
0x00007ffcee970000 - 0x00007ffcee986000 	C:\Users\dell\.jdks\openjdk-17.0.2\bin\nio.dll
0x00007ffd1b990000 - 0x00007ffd1b9aa000 	C:\Users\dell\AppData\Local\JetBrains\IntelliJ IDEA 2021.3.1\bin\breakgen64.dll
0x00007ffd1f540000 - 0x00007ffd1f638000 	C:\WINDOWS\SYSTEM32\DNSAPI.dll
0x00007ffd1f510000 - 0x00007ffd1f53d000 	C:\WINDOWS\SYSTEM32\IPHLPAPI.DLL
0x00007ffd21ea0000 - 0x00007ffd21ea9000 	C:\WINDOWS\System32\NSI.dll
0x00007ffd18150000 - 0x00007ffd1815a000 	C:\Windows\System32\rasadhlp.dll
0x00007ffd18e20000 - 0x00007ffd18ea4000 	C:\WINDOWS\System32\fwpuclnt.dll
0x00007ffd1b980000 - 0x00007ffd1b989000 	C:\Users\dell\.jdks\openjdk-17.0.2\bin\management.dll
0x00007ffd1a130000 - 0x00007ffd1a13b000 	C:\Users\dell\.jdks\openjdk-17.0.2\bin\management_ext.dll
0x00007ffd20380000 - 0x00007ffd2039b000 	C:\WINDOWS\SYSTEM32\CRYPTSP.dll
0x00007ffd1fad0000 - 0x00007ffd1fb07000 	C:\WINDOWS\system32\rsaenh.dll
0x00007ffd200d0000 - 0x00007ffd200f8000 	C:\WINDOWS\SYSTEM32\USERENV.dll
0x00007ffd20360000 - 0x00007ffd2036c000 	C:\WINDOWS\SYSTEM32\CRYPTBASE.dll
0x00007ffd19fc0000 - 0x00007ffd19fd9000 	C:\WINDOWS\SYSTEM32\dhcpcsvc6.DLL
0x00007ffd19eb0000 - 0x00007ffd19ecf000 	C:\WINDOWS\SYSTEM32\dhcpcsvc.DLL
0x00007ffcffdd0000 - 0x00007ffcffde7000 	C:\WINDOWS\system32\napinsp.dll
0x00007ffcff630000 - 0x00007ffcff64b000 	C:\WINDOWS\system32\pnrpnsp.dll
0x00007ffcff550000 - 0x00007ffcff561000 	C:\WINDOWS\System32\winrnr.dll
0x00007ffcff530000 - 0x00007ffcff545000 	C:\WINDOWS\system32\wshbth.dll
0x00007ffcff500000 - 0x00007ffcff521000 	C:\WINDOWS\system32\nlansp_c.dll
0x00007ffcf1e40000 - 0x00007ffcf1e4e000 	C:\Users\dell\.jdks\openjdk-17.0.2\bin\sunmscapi.dll
0x00007ffd20cc0000 - 0x00007ffd20e28000 	C:\WINDOWS\System32\CRYPT32.dll
0x00007ffd204a0000 - 0x00007ffd204ce000 	C:\WINDOWS\SYSTEM32\ncrypt.dll
0x00007ffd20460000 - 0x00007ffd20497000 	C:\WINDOWS\SYSTEM32\NTASN1.dll
0x00007ffc9cba0000 - 0x00007ffc9cba8000 	C:\WINDOWS\system32\wshunix.dll

dbghelp: loaded successfully - version: 4.0.5 - missing functions: none
symbol engine: initialized successfully - sym options: 0x614 - pdb path: .;C:\Users\dell\.jdks\openjdk-17.0.2\bin;C:\WINDOWS\SYSTEM32;C:\WINDOWS\WinSxS\amd64_microsoft.windows.common-controls_6595b64144ccf1df_6.0.22621.6060_none_2712eda17382d24b;C:\Users\dell\.jdks\openjdk-17.0.2\bin\server;C:\Users\dell\AppData\Local\JetBrains\IntelliJ IDEA 2021.3.1\bin

VM Arguments:
jvm_args: -XX:TieredStopAtLevel=1 -Xverify:none -Dspring.output.ansi.enabled=always -Dcom.sun.management.jmxremote -Dspring.jmx.enabled=true -Dspring.liveBeansView.mbeanDomain -Dspring.application.admin.enabled=true -javaagent:C:\Users\dell\AppData\Local\JetBrains\IntelliJ IDEA 2021.3.1\lib\idea_rt.jar=63329:C:\Users\dell\AppData\Local\JetBrains\IntelliJ IDEA 2021.3.1\bin -Dfile.encoding=UTF-8 
java_command: com.example.parfums22.Parfums22Application
java_class_path (initial): C:\parfums22\target\classes;C:\Users\dell\.m2\repository\org\springframework\boot\spring-boot-starter-data-jpa\4.0.3\spring-boot-starter-data-jpa-4.0.3.jar;C:\Users\dell\.m2\repository\org\springframework\boot\spring-boot-starter\4.0.3\spring-boot-starter-4.0.3.jar;C:\Users\dell\.m2\repository\org\springframework\boot\spring-boot-starter-logging\4.0.3\spring-boot-starter-logging-4.0.3.jar;C:\Users\dell\.m2\repository\ch\qos\logback\logback-classic\1.5.32\logback-classic-1.5.32.jar;C:\Users\dell\.m2\repository\ch\qos\logback\logback-core\1.5.32\logback-core-1.5.32.jar;C:\Users\dell\.m2\repository\org\apache\logging\log4j\log4j-to-slf4j\2.25.3\log4j-to-slf4j-2.25.3.jar;C:\Users\dell\.m2\repository\org\apache\logging\log4j\log4j-api\2.25.3\log4j-api-2.25.3.jar;C:\Users\dell\.m2\repository\org\slf4j\jul-to-slf4j\2.0.17\jul-to-slf4j-2.0.17.jar;C:\Users\dell\.m2\repository\jakarta\annotation\jakarta.annotation-api\3.0.0\jakarta.annotation-api-3.0.0.jar;C:\Users\dell\.m2\repository\org\yaml\snakeyaml\2.5\snakeyaml-2.5.jar;C:\Users\dell\.m2\repository\org\springframework\boot\spring-boot-starter-jdbc\4.0.3\spring-boot-starter-jdbc-4.0.3.jar;C:\Users\dell\.m2\repository\com\zaxxer\HikariCP\7.0.2\HikariCP-7.0.2.jar;C:\Users\dell\.m2\repository\org\springframework\boot\spring-boot-data-jpa\4.0.3\spring-boot-data-jpa-4.0.3.jar;C:\Users\dell\.m2\repository\org\springframework\boot\spring-boot-data-commons\4.0.3\spring-boot-data-commons-4.0.3.jar;C:\Users\dell\.m2\repository\org\springframework\boot\spring-boot-persistence\4.0.3\spring-boot-persistence-4.0.3.jar;C:\Users\dell\.m2\repository\org\springframework\data\spring-data-commons\4.0.3\spring-data-commons-4.0.3.jar;C:\Users\dell\.m2\repository\org\springframework\boot\spring-boot-hibernate\4.0.3\spring-boot-hibernate-4.0.3.jar;C:\Users\dell\.m2\repository\org\springframework\boot\spring-boot-jpa\4.0.3\spring-boot-jpa-4.0.3.jar;C:\Users\dell\.m2\repository\jakarta\persistence\jakarta.persistence-a
Launcher Type: SUN_STANDARD

[Global flags]
     intx CICompilerCount                          = 4                                         {product} {ergonomic}
     uint ConcGCThreads                            = 2                                         {product} {ergonomic}
     uint G1ConcRefinementThreads                  = 8                                         {product} {ergonomic}
   size_t G1HeapRegionSize                         = 2097152                                   {product} {ergonomic}
    uintx GCDrainStackTargetSize                   = 64                                        {product} {ergonomic}
   size_t InitialHeapSize                          = 264241152                                 {product} {ergonomic}
     bool ManagementServer                         = true                                      {product} {command line}
   size_t MarkStackSize                            = 4194304                                   {product} {ergonomic}
   size_t MaxHeapSize                              = 4223664128                                {product} {ergonomic}
   size_t MaxNewSize                               = 2533359616                                {product} {ergonomic}
   size_t MinHeapDeltaBytes                        = 2097152                                   {product} {ergonomic}
   size_t MinHeapSize                              = 8388608                                   {product} {ergonomic}
    uintx NonProfiledCodeHeapSize                  = 0                                      {pd product} {ergonomic}
     bool ProfileInterpreter                       = false                                  {pd product} {command line}
    uintx ProfiledCodeHeapSize                     = 0                                      {pd product} {ergonomic}
   size_t SoftMaxHeapSize                          = 4223664128                             {manageable} {ergonomic}
     intx TieredStopAtLevel                        = 1                                         {product} {command line}
     bool UseCompressedClassPointers               = true                           {product lp64_product} {ergonomic}
     bool UseCompressedOops                        = true                           {product lp64_product} {ergonomic}
     bool UseG1GC                                  = true                                      {product} {ergonomic}
     bool UseLargePagesIndividualAllocation        = false                                  {pd product} {ergonomic}

Logging:
Log output configuration:
 #0: stdout all=warning uptime,level,tags
 #1: stderr all=off uptime,level,tags

Environment Variables:
JAVA_HOME=C:\Program Files\Eclipse Adoptium\jdk-17.0.17.10-hotspot
PATH=C:\xamp8;C:\Program Files\Eclipse Adoptium\jdk-17.0.17.10-hotspot\bin;C:\PySchool\3.10-32-bit\Scripts;C:\PySchool\3.10-32-bit;C:\WINDOWS\system32;C:\WINDOWS;C:\WINDOWS\System32\Wbem;C:\WINDOWS\System32\WindowsPowerShell\v1.0\;C:\WINDOWS\System32\OpenSSH\;C:\Program Files\Java\jdk-11.0.13\bin;C:\HashiCorp\Vagrant\bin;C:\Program Files\Docker\Docker\resources\bin;C:\ProgramData\DockerDesktop\version-bin;C:\WINDOWS\system32;C:\WINDOWS;C:\WINDOWS\System32\Wbem;C:\WINDOWS\System32\WindowsPowerShell\v1.0\;C:\WINDOWS\System32\OpenSSH\;C:\Program Files\MATLAB\R2024b\bin;C:\Program Files\nodejs\;C:\Program Files\Git\cmd;C:\semestre2\tp1\jdk-8u202-windows-x64.exe;C:\Program Files\Java\jdk1.8.0_202\bin;C:\Users\dell\scoop\shims;C:\Users\dell\scoop\shims;C:\Users\dell\AppData\Local\Microsoft\WindowsApps;C:\Program Files (x86)\apache-maven-3.8.4\bin;C:\Program Files\Heroku\bin;C:\Users\dell\AppData\Local\Programs\Microsoft VS Code\bin;C:\Program Files\Eclipse Adoptium\jdk-17.0.17.10-hotspot;;C:\Users\dell\AppData\Roaming\npm;C:\Program Files\Java\jdk1.8.0_202\bin;C:\Program Files\Eclipse Adoptium\jdk-17.0.17.10-hotspot;C:\xamp8;C:\Users\dell\AppData\Roaming\Composer\vendor\bin
USERNAME=dell
OS=Windows_NT
PROCESSOR_IDENTIFIER=Intel64 Family 6 Model 140 Stepping 1, GenuineIntel



---------------  S Y S T E M  ---------------

OS:
 Windows 11 , 64 bit Build 22621 (10.0.22621.5415)
OS uptime: 0 days 4:07 hours
Hyper-V role detected

CPU: total 8 (initial active 8) (4 cores per cpu, 2 threads per core) family 6 model 140 stepping 1 microcode 0xbc, cx8, cmov, fxsr, ht, mmx, 3dnowpref, sse, sse2, sse3, ssse3, sse4.1, sse4.2, popcnt, lzcnt, tsc, tscinvbit, avx, avx2, aes, erms, clmul, bmi1, bmi2, adx, avx512f, avx512dq, avx512cd, avx512bw, avx512vl, sha, fma, vzeroupper, avx512_vpopcntdq, avx512_vpclmulqdq, avx512_vaes, avx512_vnni, clflush, clflushopt, clwb, avx512_vbmi2, avx512_vbmi, hv

Memory: 4k page, system-wide physical 16110M (3621M free)
TotalPageFile size 16110M (AvailPageFile size 68M)
current process WorkingSet (physical memory assigned to process): 811M, peak: 811M
current process commit charge ("private bytes"): 871M, peak: 1261M

vm_info: OpenJDK 64-Bit Server VM (17.0.2+8-86) for windows-amd64 JRE (17.0.2+8-86), built on Dec  7 2021 21:49:10 by "mach5one" with MS VC++ 16.8 / 16.9 (VS2019)

END.
